{"C:\\Users\\eduda\\workspace\\frontend-ezcommerce\\src\\api\\api.ts": {"path":"C:\\Users\\eduda\\workspace\\frontend-ezcommerce\\src\\api\\api.ts","statementMap":{"0":{"start":{"line":1,"column":0},"end":{"line":1,"column":67}},"1":{"start":{"line":3,"column":0},"end":{"line":3,"column":44}},"2":{"start":{"line":4,"column":13},"end":{"line":4,"column":47}},"3":{"start":{"line":10,"column":4},"end":{"line":12,"column":7}},"4":{"start":{"line":6,"column":0},"end":{"line":6,"column":13}},"5":{"start":{"line":18,"column":4},"end":{"line":18,"column":19}},"6":{"start":{"line":19,"column":4},"end":{"line":19,"column":27}},"7":{"start":{"line":23,"column":4},"end":{"line":30,"column":7}},"8":{"start":{"line":24,"column":36},"end":{"line":24,"column":88}},"9":{"start":{"line":25,"column":6},"end":{"line":28,"column":7}},"10":{"start":{"line":26,"column":8},"end":{"line":26,"column":65}},"11":{"start":{"line":27,"column":8},"end":{"line":27,"column":51}},"12":{"start":{"line":29,"column":6},"end":{"line":29,"column":20}},"13":{"start":{"line":32,"column":4},"end":{"line":57,"column":6}},"14":{"start":{"line":33,"column":20},"end":{"line":33,"column":28}},"15":{"start":{"line":35,"column":32},"end":{"line":35,"column":44}},"16":{"start":{"line":37,"column":8},"end":{"line":53,"column":9}},"17":{"start":{"line":38,"column":10},"end":{"line":38,"column":40}},"18":{"start":{"line":40,"column":10},"end":{"line":52,"column":11}},"19":{"start":{"line":41,"column":30},"end":{"line":41,"column":56}},"20":{"start":{"line":42,"column":12},"end":{"line":45,"column":13}},"21":{"start":{"line":43,"column":14},"end":{"line":43,"column":83}},"22":{"start":{"line":44,"column":14},"end":{"line":44,"column":52}},"23":{"start":{"line":46,"column":12},"end":{"line":46,"column":21}},"24":{"start":{"line":47,"column":12},"end":{"line":47,"column":90}},"25":{"start":{"line":49,"column":12},"end":{"line":49,"column":56}},"26":{"start":{"line":50,"column":12},"end":{"line":50,"column":21}},"27":{"start":{"line":51,"column":12},"end":{"line":51,"column":69}},"28":{"start":{"line":55,"column":8},"end":{"line":55,"column":59}},"29":{"start":{"line":16,"column":0},"end":{"line":16,"column":13}}},"fnMap":{"0":{"name":"(anonymous_1)","decl":{"start":{"line":9,"column":2},"end":{"line":9,"column":14}},"loc":{"start":{"line":9,"column":29},"end":{"line":13,"column":3}}},"1":{"name":"(anonymous_2)","decl":{"start":{"line":17,"column":2},"end":{"line":17,"column":14}},"loc":{"start":{"line":17,"column":29},"end":{"line":20,"column":3}}},"2":{"name":"(anonymous_3)","decl":{"start":{"line":22,"column":2},"end":{"line":22,"column":17}},"loc":{"start":{"line":22,"column":17},"end":{"line":58,"column":3}}},"3":{"name":"(anonymous_4)","decl":{"start":{"line":23,"column":43},"end":{"line":23,"column":44}},"loc":{"start":{"line":23,"column":54},"end":{"line":30,"column":5}}},"4":{"name":"(anonymous_5)","decl":{"start":{"line":33,"column":6},"end":{"line":33,"column":7}},"loc":{"start":{"line":33,"column":20},"end":{"line":33,"column":28}}},"5":{"name":"(anonymous_6)","decl":{"start":{"line":34,"column":6},"end":{"line":34,"column":11}},"loc":{"start":{"line":34,"column":22},"end":{"line":56,"column":7}}}},"branchMap":{"0":{"loc":{"start":{"line":24,"column":47},"end":{"line":24,"column":87}},"type":"binary-expr","locations":[{"start":{"line":24,"column":47},"end":{"line":24,"column":77}},{"start":{"line":24,"column":81},"end":{"line":24,"column":87}}]},"1":{"loc":{"start":{"line":25,"column":6},"end":{"line":28,"column":7}},"type":"if","locations":[{"start":{"line":25,"column":6},"end":{"line":28,"column":7}},{"start":{},"end":{}}]},"2":{"loc":{"start":{"line":37,"column":8},"end":{"line":53,"column":9}},"type":"if","locations":[{"start":{"line":37,"column":8},"end":{"line":53,"column":9}},{"start":{},"end":{}}]},"3":{"loc":{"start":{"line":37,"column":12},"end":{"line":37,"column":69}},"type":"binary-expr","locations":[{"start":{"line":37,"column":12},"end":{"line":37,"column":42}},{"start":{"line":37,"column":46},"end":{"line":37,"column":69}}]},"4":{"loc":{"start":{"line":42,"column":12},"end":{"line":45,"column":13}},"type":"if","locations":[{"start":{"line":42,"column":12},"end":{"line":45,"column":13}},{"start":{},"end":{}}]}},"s":{"0":0,"1":0,"2":0,"3":0,"4":0,"5":0,"6":0,"7":0,"8":0,"9":0,"10":0,"11":0,"12":0,"13":0,"14":0,"15":0,"16":0,"17":0,"18":0,"19":0,"20":0,"21":0,"22":0,"23":0,"24":0,"25":0,"26":0,"27":0,"28":0,"29":0},"f":{"0":0,"1":0,"2":0,"3":0,"4":0,"5":0},"b":{"0":[0,0],"1":[0,0],"2":[0,0],"3":[0,0],"4":[0,0]}}
,"C:\\Users\\eduda\\workspace\\frontend-ezcommerce\\src\\api\\apiArticulos.ts": {"path":"C:\\Users\\eduda\\workspace\\frontend-ezcommerce\\src\\api\\apiArticulos.ts","statementMap":{"0":{"start":{"line":1,"column":0},"end":{"line":1,"column":26}},"1":{"start":{"line":3,"column":13},"end":{"line":3,"column":57}},"2":{"start":{"line":18,"column":21},"end":{"line":20,"column":2}},"3":{"start":{"line":23,"column":0},"end":{"line":40,"column":2}},"4":{"start":{"line":25,"column":19},"end":{"line":25,"column":69}},"5":{"start":{"line":26,"column":24},"end":{"line":26,"column":46}},"6":{"start":{"line":28,"column":4},"end":{"line":32,"column":5}},"7":{"start":{"line":29,"column":6},"end":{"line":29,"column":61}},"8":{"start":{"line":31,"column":6},"end":{"line":31,"column":44}},"9":{"start":{"line":33,"column":4},"end":{"line":33,"column":18}},"10":{"start":{"line":36,"column":4},"end":{"line":38,"column":6}},"11":{"start":{"line":42,"column":28},"end":{"line":44,"column":1}},"12":{"start":{"line":43,"column":2},"end":{"line":43,"column":31}},"13":{"start":{"line":42,"column":13},"end":{"line":42,"column":28}},"14":{"start":{"line":46,"column":30},"end":{"line":48,"column":1}},"15":{"start":{"line":47,"column":2},"end":{"line":47,"column":42}},"16":{"start":{"line":46,"column":13},"end":{"line":46,"column":30}},"17":{"start":{"line":50,"column":30},"end":{"line":52,"column":1}},"18":{"start":{"line":51,"column":2},"end":{"line":51,"column":47}},"19":{"start":{"line":50,"column":13},"end":{"line":50,"column":30}},"20":{"start":{"line":54,"column":30},"end":{"line":56,"column":1}},"21":{"start":{"line":55,"column":2},"end":{"line":55,"column":40}},"22":{"start":{"line":54,"column":13},"end":{"line":54,"column":30}},"23":{"start":{"line":58,"column":27},"end":{"line":60,"column":1}},"24":{"start":{"line":59,"column":2},"end":{"line":59,"column":36}},"25":{"start":{"line":58,"column":13},"end":{"line":58,"column":27}},"26":{"start":{"line":62,"column":37},"end":{"line":64,"column":1}},"27":{"start":{"line":63,"column":2},"end":{"line":63,"column":68}},"28":{"start":{"line":62,"column":13},"end":{"line":62,"column":37}}},"fnMap":{"0":{"name":"(anonymous_1)","decl":{"start":{"line":24,"column":2},"end":{"line":24,"column":3}},"loc":{"start":{"line":24,"column":13},"end":{"line":34,"column":3}}},"1":{"name":"(anonymous_2)","decl":{"start":{"line":35,"column":2},"end":{"line":35,"column":3}},"loc":{"start":{"line":35,"column":12},"end":{"line":39,"column":3}}},"2":{"name":"(anonymous_3)","decl":{"start":{"line":42,"column":28},"end":{"line":42,"column":31}},"loc":{"start":{"line":42,"column":33},"end":{"line":44,"column":1}}},"3":{"name":"(anonymous_4)","decl":{"start":{"line":46,"column":30},"end":{"line":46,"column":31}},"loc":{"start":{"line":46,"column":53},"end":{"line":48,"column":1}}},"4":{"name":"(anonymous_5)","decl":{"start":{"line":50,"column":30},"end":{"line":50,"column":31}},"loc":{"start":{"line":50,"column":65},"end":{"line":52,"column":1}}},"5":{"name":"(anonymous_6)","decl":{"start":{"line":54,"column":30},"end":{"line":54,"column":31}},"loc":{"start":{"line":54,"column":45},"end":{"line":56,"column":1}}},"6":{"name":"(anonymous_7)","decl":{"start":{"line":58,"column":27},"end":{"line":58,"column":28}},"loc":{"start":{"line":58,"column":42},"end":{"line":60,"column":1}}},"7":{"name":"(anonymous_8)","decl":{"start":{"line":62,"column":37},"end":{"line":62,"column":38}},"loc":{"start":{"line":62,"column":59},"end":{"line":64,"column":1}}}},"branchMap":{"0":{"loc":{"start":{"line":25,"column":30},"end":{"line":25,"column":68}},"type":"binary-expr","locations":[{"start":{"line":25,"column":30},"end":{"line":25,"column":60}},{"start":{"line":25,"column":64},"end":{"line":25,"column":68}}]},"1":{"loc":{"start":{"line":26,"column":24},"end":{"line":26,"column":46}},"type":"binary-expr","locations":[{"start":{"line":26,"column":24},"end":{"line":26,"column":38}},{"start":{"line":26,"column":42},"end":{"line":26,"column":46}}]},"2":{"loc":{"start":{"line":28,"column":4},"end":{"line":32,"column":5}},"type":"if","locations":[{"start":{"line":28,"column":4},"end":{"line":32,"column":5}},{"start":{"line":30,"column":11},"end":{"line":32,"column":5}}]},"3":{"loc":{"start":{"line":37,"column":6},"end":{"line":37,"column":77}},"type":"cond-expr","locations":[{"start":{"line":37,"column":31},"end":{"line":37,"column":36}},{"start":{"line":37,"column":39},"end":{"line":37,"column":77}}]}},"s":{"0":0,"1":0,"2":0,"3":0,"4":0,"5":0,"6":0,"7":0,"8":0,"9":0,"10":0,"11":0,"12":0,"13":0,"14":0,"15":0,"16":0,"17":0,"18":0,"19":0,"20":0,"21":0,"22":0,"23":0,"24":0,"25":0,"26":0,"27":0,"28":0},"f":{"0":0,"1":0,"2":0,"3":0,"4":0,"5":0,"6":0,"7":0},"b":{"0":[0,0],"1":[0,0],"2":[0,0],"3":[0,0]}}
,"C:\\Users\\eduda\\workspace\\frontend-ezcommerce\\src\\api\\apiCatalogos.ts": {"path":"C:\\Users\\eduda\\workspace\\frontend-ezcommerce\\src\\api\\apiCatalogos.ts","statementMap":{"0":{"start":{"line":1,"column":0},"end":{"line":1,"column":26}},"1":{"start":{"line":2,"column":13},"end":{"line":2,"column":55}},"2":{"start":{"line":5,"column":21},"end":{"line":7,"column":2}},"3":{"start":{"line":9,"column":30},"end":{"line":11,"column":1}},"4":{"start":{"line":10,"column":4},"end":{"line":10,"column":58}},"5":{"start":{"line":9,"column":13},"end":{"line":9,"column":30}},"6":{"start":{"line":13,"column":30},"end":{"line":15,"column":1}},"7":{"start":{"line":14,"column":4},"end":{"line":14,"column":38}},"8":{"start":{"line":13,"column":13},"end":{"line":13,"column":30}}},"fnMap":{"0":{"name":"(anonymous_1)","decl":{"start":{"line":9,"column":30},"end":{"line":9,"column":31}},"loc":{"start":{"line":9,"column":52},"end":{"line":11,"column":1}}},"1":{"name":"(anonymous_2)","decl":{"start":{"line":13,"column":30},"end":{"line":13,"column":31}},"loc":{"start":{"line":13,"column":44},"end":{"line":15,"column":1}}}},"branchMap":{},"s":{"0":0,"1":0,"2":0,"3":0,"4":0,"5":0,"6":0,"7":0,"8":0},"f":{"0":0,"1":0},"b":{}}
,"C:\\Users\\eduda\\workspace\\frontend-ezcommerce\\src\\api\\apiEtiquetas.ts": {"path":"C:\\Users\\eduda\\workspace\\frontend-ezcommerce\\src\\api\\apiEtiquetas.ts","statementMap":{"0":{"start":{"line":1,"column":0},"end":{"line":1,"column":26}},"1":{"start":{"line":2,"column":13},"end":{"line":2,"column":55}},"2":{"start":{"line":10,"column":21},"end":{"line":12,"column":2}},"3":{"start":{"line":14,"column":28},"end":{"line":16,"column":1}},"4":{"start":{"line":15,"column":4},"end":{"line":15,"column":33}},"5":{"start":{"line":14,"column":13},"end":{"line":14,"column":28}}},"fnMap":{"0":{"name":"(anonymous_1)","decl":{"start":{"line":14,"column":28},"end":{"line":14,"column":31}},"loc":{"start":{"line":14,"column":33},"end":{"line":16,"column":1}}}},"branchMap":{},"s":{"0":0,"1":0,"2":0,"3":0,"4":0,"5":0},"f":{"0":0},"b":{}}
,"C:\\Users\\eduda\\workspace\\frontend-ezcommerce\\src\\api\\apiFacultades.ts": {"path":"C:\\Users\\eduda\\workspace\\frontend-ezcommerce\\src\\api\\apiFacultades.ts","statementMap":{"0":{"start":{"line":1,"column":0},"end":{"line":1,"column":26}},"1":{"start":{"line":2,"column":13},"end":{"line":2,"column":56}},"2":{"start":{"line":10,"column":22},"end":{"line":12,"column":2}},"3":{"start":{"line":14,"column":32},"end":{"line":16,"column":1}},"4":{"start":{"line":15,"column":4},"end":{"line":15,"column":48}},"5":{"start":{"line":14,"column":13},"end":{"line":14,"column":32}}},"fnMap":{"0":{"name":"(anonymous_1)","decl":{"start":{"line":14,"column":32},"end":{"line":14,"column":33}},"loc":{"start":{"line":14,"column":48},"end":{"line":16,"column":1}}}},"branchMap":{},"s":{"0":0,"1":0,"2":0,"3":0,"4":0,"5":0},"f":{"0":0},"b":{}}
,"C:\\Users\\eduda\\workspace\\frontend-ezcommerce\\src\\api\\apiImages.ts": {"path":"C:\\Users\\eduda\\workspace\\frontend-ezcommerce\\src\\api\\apiImages.ts","statementMap":{"0":{"start":{"line":1,"column":0},"end":{"line":1,"column":26}},"1":{"start":{"line":2,"column":0},"end":{"line":2,"column":32}},"2":{"start":{"line":10,"column":18},"end":{"line":12,"column":2}},"3":{"start":{"line":15,"column":0},"end":{"line":32,"column":2}},"4":{"start":{"line":17,"column":19},"end":{"line":17,"column":69}},"5":{"start":{"line":18,"column":24},"end":{"line":18,"column":46}},"6":{"start":{"line":20,"column":4},"end":{"line":24,"column":5}},"7":{"start":{"line":21,"column":6},"end":{"line":21,"column":61}},"8":{"start":{"line":23,"column":6},"end":{"line":23,"column":43}},"9":{"start":{"line":25,"column":4},"end":{"line":25,"column":18}},"10":{"start":{"line":28,"column":4},"end":{"line":30,"column":6}},"11":{"start":{"line":35,"column":28},"end":{"line":37,"column":1}},"12":{"start":{"line":36,"column":4},"end":{"line":36,"column":30}},"13":{"start":{"line":35,"column":13},"end":{"line":35,"column":28}},"14":{"start":{"line":39,"column":24},"end":{"line":41,"column":1}},"15":{"start":{"line":40,"column":4},"end":{"line":40,"column":48}},"16":{"start":{"line":39,"column":13},"end":{"line":39,"column":24}},"17":{"start":{"line":43,"column":27},"end":{"line":45,"column":1}},"18":{"start":{"line":44,"column":4},"end":{"line":44,"column":38}},"19":{"start":{"line":43,"column":13},"end":{"line":43,"column":27}},"20":{"start":{"line":47,"column":27},"end":{"line":49,"column":1}},"21":{"start":{"line":48,"column":4},"end":{"line":48,"column":43}},"22":{"start":{"line":47,"column":13},"end":{"line":47,"column":27}},"23":{"start":{"line":51,"column":27},"end":{"line":53,"column":1}},"24":{"start":{"line":52,"column":4},"end":{"line":52,"column":39}},"25":{"start":{"line":51,"column":13},"end":{"line":51,"column":27}}},"fnMap":{"0":{"name":"(anonymous_1)","decl":{"start":{"line":16,"column":2},"end":{"line":16,"column":3}},"loc":{"start":{"line":16,"column":13},"end":{"line":26,"column":3}}},"1":{"name":"(anonymous_2)","decl":{"start":{"line":27,"column":2},"end":{"line":27,"column":3}},"loc":{"start":{"line":27,"column":12},"end":{"line":31,"column":3}}},"2":{"name":"(anonymous_3)","decl":{"start":{"line":35,"column":28},"end":{"line":35,"column":31}},"loc":{"start":{"line":35,"column":33},"end":{"line":37,"column":1}}},"3":{"name":"(anonymous_4)","decl":{"start":{"line":39,"column":24},"end":{"line":39,"column":25}},"loc":{"start":{"line":39,"column":39},"end":{"line":41,"column":1}}},"4":{"name":"(anonymous_5)","decl":{"start":{"line":43,"column":27},"end":{"line":43,"column":28}},"loc":{"start":{"line":43,"column":44},"end":{"line":45,"column":1}}},"5":{"name":"(anonymous_6)","decl":{"start":{"line":47,"column":27},"end":{"line":47,"column":28}},"loc":{"start":{"line":47,"column":56},"end":{"line":49,"column":1}}},"6":{"name":"(anonymous_7)","decl":{"start":{"line":51,"column":27},"end":{"line":51,"column":28}},"loc":{"start":{"line":51,"column":42},"end":{"line":53,"column":1}}}},"branchMap":{"0":{"loc":{"start":{"line":17,"column":30},"end":{"line":17,"column":68}},"type":"binary-expr","locations":[{"start":{"line":17,"column":30},"end":{"line":17,"column":60}},{"start":{"line":17,"column":64},"end":{"line":17,"column":68}}]},"1":{"loc":{"start":{"line":18,"column":24},"end":{"line":18,"column":46}},"type":"binary-expr","locations":[{"start":{"line":18,"column":24},"end":{"line":18,"column":38}},{"start":{"line":18,"column":42},"end":{"line":18,"column":46}}]},"2":{"loc":{"start":{"line":20,"column":4},"end":{"line":24,"column":5}},"type":"if","locations":[{"start":{"line":20,"column":4},"end":{"line":24,"column":5}},{"start":{"line":22,"column":11},"end":{"line":24,"column":5}}]},"3":{"loc":{"start":{"line":29,"column":6},"end":{"line":29,"column":77}},"type":"cond-expr","locations":[{"start":{"line":29,"column":31},"end":{"line":29,"column":36}},{"start":{"line":29,"column":39},"end":{"line":29,"column":77}}]}},"s":{"0":0,"1":0,"2":0,"3":0,"4":0,"5":0,"6":0,"7":0,"8":0,"9":0,"10":0,"11":0,"12":0,"13":0,"14":0,"15":0,"16":0,"17":0,"18":0,"19":0,"20":0,"21":0,"22":0,"23":0,"24":0,"25":0},"f":{"0":0,"1":0,"2":0,"3":0,"4":0,"5":0,"6":0},"b":{"0":[0,0],"1":[0,0],"2":[0,0],"3":[0,0]}}
,"C:\\Users\\eduda\\workspace\\frontend-ezcommerce\\src\\api\\apiMarcas.ts": {"path":"C:\\Users\\eduda\\workspace\\frontend-ezcommerce\\src\\api\\apiMarcas.ts","statementMap":{"0":{"start":{"line":2,"column":0},"end":{"line":2,"column":68}},"1":{"start":{"line":6,"column":22},"end":{"line":8,"column":3}},"2":{"start":{"line":7,"column":4},"end":{"line":7,"column":58}},"3":{"start":{"line":9,"column":16},"end":{"line":11,"column":3}},"4":{"start":{"line":10,"column":4},"end":{"line":10,"column":41}},"5":{"start":{"line":13,"column":13},"end":{"line":13,"column":67}},"6":{"start":{"line":17,"column":24},"end":{"line":19,"column":3}},"7":{"start":{"line":18,"column":4},"end":{"line":18,"column":54}},"8":{"start":{"line":21,"column":13},"end":{"line":21,"column":79}},"9":{"start":{"line":25,"column":12},"end":{"line":27,"column":3}},"10":{"start":{"line":26,"column":4},"end":{"line":26,"column":48}},"11":{"start":{"line":28,"column":14},"end":{"line":30,"column":3}},"12":{"start":{"line":29,"column":4},"end":{"line":29,"column":34}},"13":{"start":{"line":32,"column":13},"end":{"line":32,"column":67}}},"fnMap":{"0":{"name":"(anonymous_0)","decl":{"start":{"line":6,"column":22},"end":{"line":6,"column":23}},"loc":{"start":{"line":6,"column":51},"end":{"line":8,"column":3}}},"1":{"name":"(anonymous_1)","decl":{"start":{"line":9,"column":16},"end":{"line":9,"column":17}},"loc":{"start":{"line":9,"column":32},"end":{"line":11,"column":3}}},"2":{"name":"(anonymous_2)","decl":{"start":{"line":17,"column":24},"end":{"line":17,"column":25}},"loc":{"start":{"line":17,"column":44},"end":{"line":19,"column":3}}},"3":{"name":"(anonymous_3)","decl":{"start":{"line":25,"column":12},"end":{"line":25,"column":17}},"loc":{"start":{"line":25,"column":37},"end":{"line":27,"column":3}}},"4":{"name":"(anonymous_4)","decl":{"start":{"line":28,"column":14},"end":{"line":28,"column":17}},"loc":{"start":{"line":28,"column":19},"end":{"line":30,"column":3}}}},"branchMap":{},"s":{"0":0,"1":0,"2":0,"3":0,"4":0,"5":0,"6":0,"7":0,"8":0,"9":0,"10":0,"11":0,"12":0,"13":0},"f":{"0":0,"1":0,"2":0,"3":0,"4":0},"b":{}}
,"C:\\Users\\eduda\\workspace\\frontend-ezcommerce\\src\\api\\apiUsuarios.ts": {"path":"C:\\Users\\eduda\\workspace\\frontend-ezcommerce\\src\\api\\apiUsuarios.ts","statementMap":{"0":{"start":{"line":2,"column":0},"end":{"line":2,"column":26}},"1":{"start":{"line":3,"column":0},"end":{"line":3,"column":46}},"2":{"start":{"line":6,"column":13},"end":{"line":8,"column":3}},"3":{"start":{"line":11,"column":0},"end":{"line":27,"column":2}},"4":{"start":{"line":13,"column":19},"end":{"line":13,"column":69}},"5":{"start":{"line":14,"column":24},"end":{"line":14,"column":46}},"6":{"start":{"line":15,"column":4},"end":{"line":19,"column":5}},"7":{"start":{"line":16,"column":6},"end":{"line":16,"column":61}},"8":{"start":{"line":18,"column":6},"end":{"line":18,"column":43}},"9":{"start":{"line":20,"column":4},"end":{"line":20,"column":18}},"10":{"start":{"line":23,"column":4},"end":{"line":25,"column":6}},"11":{"start":{"line":30,"column":29},"end":{"line":32,"column":1}},"12":{"start":{"line":31,"column":2},"end":{"line":31,"column":40}},"13":{"start":{"line":30,"column":13},"end":{"line":30,"column":29}},"14":{"start":{"line":34,"column":27},"end":{"line":36,"column":1}},"15":{"start":{"line":35,"column":2},"end":{"line":35,"column":39}},"16":{"start":{"line":34,"column":13},"end":{"line":34,"column":27}},"17":{"start":{"line":40,"column":16},"end":{"line":42,"column":3}},"18":{"start":{"line":41,"column":4},"end":{"line":41,"column":34}},"19":{"start":{"line":44,"column":13},"end":{"line":44,"column":86}}},"fnMap":{"0":{"name":"(anonymous_1)","decl":{"start":{"line":12,"column":2},"end":{"line":12,"column":3}},"loc":{"start":{"line":12,"column":13},"end":{"line":21,"column":3}}},"1":{"name":"(anonymous_2)","decl":{"start":{"line":22,"column":2},"end":{"line":22,"column":3}},"loc":{"start":{"line":22,"column":12},"end":{"line":26,"column":3}}},"2":{"name":"(anonymous_3)","decl":{"start":{"line":30,"column":29},"end":{"line":30,"column":30}},"loc":{"start":{"line":30,"column":49},"end":{"line":32,"column":1}}},"3":{"name":"(anonymous_4)","decl":{"start":{"line":34,"column":27},"end":{"line":34,"column":28}},"loc":{"start":{"line":34,"column":45},"end":{"line":36,"column":1}}},"4":{"name":"(anonymous_5)","decl":{"start":{"line":40,"column":16},"end":{"line":40,"column":19}},"loc":{"start":{"line":40,"column":21},"end":{"line":42,"column":3}}}},"branchMap":{"0":{"loc":{"start":{"line":13,"column":30},"end":{"line":13,"column":68}},"type":"binary-expr","locations":[{"start":{"line":13,"column":30},"end":{"line":13,"column":60}},{"start":{"line":13,"column":64},"end":{"line":13,"column":68}}]},"1":{"loc":{"start":{"line":14,"column":24},"end":{"line":14,"column":46}},"type":"binary-expr","locations":[{"start":{"line":14,"column":24},"end":{"line":14,"column":38}},{"start":{"line":14,"column":42},"end":{"line":14,"column":46}}]},"2":{"loc":{"start":{"line":15,"column":4},"end":{"line":19,"column":5}},"type":"if","locations":[{"start":{"line":15,"column":4},"end":{"line":19,"column":5}},{"start":{"line":17,"column":11},"end":{"line":19,"column":5}}]},"3":{"loc":{"start":{"line":24,"column":6},"end":{"line":24,"column":77}},"type":"cond-expr","locations":[{"start":{"line":24,"column":31},"end":{"line":24,"column":36}},{"start":{"line":24,"column":39},"end":{"line":24,"column":77}}]}},"s":{"0":0,"1":0,"2":0,"3":0,"4":0,"5":0,"6":0,"7":0,"8":0,"9":0,"10":0,"11":0,"12":0,"13":0,"14":0,"15":0,"16":0,"17":0,"18":0,"19":0},"f":{"0":0,"1":0,"2":0,"3":0,"4":0},"b":{"0":[0,0],"1":[0,0],"2":[0,0],"3":[0,0]}}
,"C:\\Users\\eduda\\workspace\\frontend-ezcommerce\\src\\components\\Epica03\\paginationComponent.tsx": {"path":"C:\\Users\\eduda\\workspace\\frontend-ezcommerce\\src\\components\\Epica03\\paginationComponent.tsx","statementMap":{"0":{"start":{"line":1,"column":0},"end":{"line":1,"column":null}},"1":{"start":{"line":17,"column":30},"end":{"line":74,"column":1}},"2":{"start":{"line":24,"column":22},"end":{"line":24,"column":80}},"3":{"start":{"line":25,"column":20},"end":{"line":25,"column":73}},"4":{"start":{"line":27,"column":18},"end":{"line":27,"column":20}},"5":{"start":{"line":28,"column":4},"end":{"line":30,"column":5}},"6":{"start":{"line":28,"column":17},"end":{"line":28,"column":26}},"7":{"start":{"line":29,"column":8},"end":{"line":29,"column":22}},"8":{"start":{"line":32,"column":4},"end":{"line":73,"column":6}},"9":{"start":{"line":40,"column":28},"end":{"line":40,"column":47}},"10":{"start":{"line":41,"column":28},"end":{"line":41,"column":79}},"11":{"start":{"line":41,"column":49},"end":{"line":41,"column":79}},"12":{"start":{"line":48,"column":20},"end":{"line":48,"column":null}},"13":{"start":{"line":52,"column":32},"end":{"line":52,"column":51}},"14":{"start":{"line":53,"column":32},"end":{"line":53,"column":51}},"15":{"start":{"line":66,"column":28},"end":{"line":66,"column":47}},"16":{"start":{"line":67,"column":28},"end":{"line":67,"column":88}},"17":{"start":{"line":67,"column":58},"end":{"line":67,"column":88}},"18":{"start":{"line":17,"column":13},"end":{"line":17,"column":30}}},"fnMap":{"0":{"name":"(anonymous_0)","decl":{"start":{"line":17,"column":30},"end":{"line":17,"column":31}},"loc":{"start":{"line":22,"column":23},"end":{"line":74,"column":1}}},"1":{"name":"(anonymous_1)","decl":{"start":{"line":39,"column":33},"end":{"line":39,"column":34}},"loc":{"start":{"line":39,"column":39},"end":{"line":42,"column":25}}},"2":{"name":"(anonymous_2)","decl":{"start":{"line":47,"column":27},"end":{"line":47,"column":28}},"loc":{"start":{"line":48,"column":20},"end":{"line":48,"column":null}}},"3":{"name":"(anonymous_3)","decl":{"start":{"line":51,"column":37},"end":{"line":51,"column":38}},"loc":{"start":{"line":51,"column":43},"end":{"line":54,"column":29}}},"4":{"name":"(anonymous_4)","decl":{"start":{"line":65,"column":33},"end":{"line":65,"column":34}},"loc":{"start":{"line":65,"column":39},"end":{"line":68,"column":25}}}},"branchMap":{"0":{"loc":{"start":{"line":18,"column":4},"end":{"line":18,"column":19}},"type":"default-arg","locations":[{"start":{"line":18,"column":18},"end":{"line":18,"column":19}}]},"1":{"loc":{"start":{"line":21,"column":4},"end":{"line":21,"column":23}},"type":"default-arg","locations":[{"start":{"line":21,"column":22},"end":{"line":21,"column":23}}]},"2":{"loc":{"start":{"line":41,"column":28},"end":{"line":41,"column":79}},"type":"if","locations":[{"start":{"line":41,"column":28},"end":{"line":41,"column":79}},{"start":{},"end":{}}]},"3":{"loc":{"start":{"line":67,"column":28},"end":{"line":67,"column":88}},"type":"if","locations":[{"start":{"line":67,"column":28},"end":{"line":67,"column":88}},{"start":{},"end":{}}]}},"s":{"0":1,"1":1,"2":6,"3":6,"4":6,"5":6,"6":6,"7":28,"8":6,"9":0,"10":0,"11":0,"12":28,"13":1,"14":1,"15":0,"16":0,"17":0,"18":1},"f":{"0":6,"1":0,"2":28,"3":1,"4":0},"b":{"0":[0],"1":[0],"2":[0,0],"3":[0,0]}}
,"C:\\Users\\eduda\\workspace\\frontend-ezcommerce\\src\\components\\Epica04\\AccordionShoppingCart.tsx": {"path":"C:\\Users\\eduda\\workspace\\frontend-ezcommerce\\src\\components\\Epica04\\AccordionShoppingCart.tsx","statementMap":{"0":{"start":{"line":1,"column":0},"end":{"line":1,"column":44}},"1":{"start":{"line":2,"column":0},"end":{"line":2,"column":105}},"2":{"start":{"line":3,"column":0},"end":{"line":3,"column":54}},"3":{"start":{"line":5,"column":0},"end":{"line":5,"column":59}},"4":{"start":{"line":7,"column":37},"end":{"line":45,"column":1}},"5":{"start":{"line":8,"column":20},"end":{"line":8,"column":36}},"6":{"start":{"line":9,"column":48},"end":{"line":9,"column":91}},"7":{"start":{"line":11,"column":24},"end":{"line":18,"column":3}},"8":{"start":{"line":12,"column":4},"end":{"line":17,"column":11}},"9":{"start":{"line":13,"column":21},"end":{"line":13,"column":67}},"10":{"start":{"line":14,"column":6},"end":{"line":14,"column":41}},"11":{"start":{"line":14,"column":24},"end":{"line":14,"column":41}},"12":{"start":{"line":15,"column":6},"end":{"line":15,"column":32}},"13":{"start":{"line":16,"column":6},"end":{"line":16,"column":17}},"14":{"start":{"line":20,"column":2},"end":{"line":22,"column":14}},"15":{"start":{"line":21,"column":4},"end":{"line":21,"column":45}},"16":{"start":{"line":24,"column":2},"end":{"line":26,"column":3}},"17":{"start":{"line":25,"column":4},"end":{"line":25,"column":79}},"18":{"start":{"line":28,"column":2},"end":{"line":44,"column":4}},"19":{"start":{"line":31,"column":8},"end":{"line":31,"column":36}},"20":{"start":{"line":38,"column":14},"end":{"line":38,"column":71}},"21":{"start":{"line":7,"column":13},"end":{"line":7,"column":37}}},"fnMap":{"0":{"name":"(anonymous_0)","decl":{"start":{"line":7,"column":37},"end":{"line":7,"column":40}},"loc":{"start":{"line":7,"column":42},"end":{"line":45,"column":1}}},"1":{"name":"(anonymous_1)","decl":{"start":{"line":11,"column":24},"end":{"line":11,"column":25}},"loc":{"start":{"line":11,"column":83},"end":{"line":18,"column":3}}},"2":{"name":"(anonymous_2)","decl":{"start":{"line":12,"column":27},"end":{"line":12,"column":28}},"loc":{"start":{"line":12,"column":75},"end":{"line":17,"column":5}}},"3":{"name":"(anonymous_3)","decl":{"start":{"line":20,"column":12},"end":{"line":20,"column":15}},"loc":{"start":{"line":20,"column":17},"end":{"line":22,"column":3}}},"4":{"name":"(anonymous_4)","decl":{"start":{"line":30,"column":43},"end":{"line":30,"column":44}},"loc":{"start":{"line":31,"column":8},"end":{"line":31,"column":36}}},"5":{"name":"(anonymous_5)","decl":{"start":{"line":37,"column":32},"end":{"line":37,"column":33}},"loc":{"start":{"line":38,"column":14},"end":{"line":38,"column":71}}}},"branchMap":{"0":{"loc":{"start":{"line":13,"column":21},"end":{"line":13,"column":67}},"type":"binary-expr","locations":[{"start":{"line":13,"column":21},"end":{"line":13,"column":41}},{"start":{"line":13,"column":45},"end":{"line":13,"column":67}}]},"1":{"loc":{"start":{"line":14,"column":6},"end":{"line":14,"column":41}},"type":"if","locations":[{"start":{"line":14,"column":6},"end":{"line":14,"column":41}},{"start":{},"end":{}}]},"2":{"loc":{"start":{"line":24,"column":2},"end":{"line":26,"column":3}},"type":"if","locations":[{"start":{"line":24,"column":2},"end":{"line":26,"column":3}},{"start":{},"end":{}}]}},"s":{"0":0,"1":0,"2":0,"3":0,"4":0,"5":0,"6":0,"7":0,"8":0,"9":0,"10":0,"11":0,"12":0,"13":0,"14":0,"15":0,"16":0,"17":0,"18":0,"19":0,"20":0,"21":0},"f":{"0":0,"1":0,"2":0,"3":0,"4":0,"5":0},"b":{"0":[0,0],"1":[0,0],"2":[0,0]}}
,"C:\\Users\\eduda\\workspace\\frontend-ezcommerce\\src\\components\\Epica04\\CardFavourite.tsx": {"path":"C:\\Users\\eduda\\workspace\\frontend-ezcommerce\\src\\components\\Epica04\\CardFavourite.tsx","statementMap":{"0":{"start":{"line":1,"column":0},"end":{"line":1,"column":42}},"1":{"start":{"line":2,"column":0},"end":{"line":2,"column":68}},"2":{"start":{"line":3,"column":0},"end":{"line":3,"column":47}},"3":{"start":{"line":5,"column":29},"end":{"line":37,"column":1}},"4":{"start":{"line":6,"column":2},"end":{"line":36,"column":null}},"5":{"start":{"line":5,"column":13},"end":{"line":5,"column":29}}},"fnMap":{"0":{"name":"(anonymous_0)","decl":{"start":{"line":5,"column":29},"end":{"line":5,"column":32}},"loc":{"start":{"line":5,"column":34},"end":{"line":37,"column":1}}}},"branchMap":{},"s":{"0":1,"1":1,"2":1,"3":1,"4":2,"5":1},"f":{"0":2},"b":{}}
,"C:\\Users\\eduda\\workspace\\frontend-ezcommerce\\src\\components\\Epica04\\CardOrderSummary.tsx": {"path":"C:\\Users\\eduda\\workspace\\frontend-ezcommerce\\src\\components\\Epica04\\CardOrderSummary.tsx","statementMap":{"0":{"start":{"line":1,"column":0},"end":{"line":1,"column":48}},"1":{"start":{"line":2,"column":0},"end":{"line":2,"column":92}},"2":{"start":{"line":3,"column":0},"end":{"line":3,"column":59}},"3":{"start":{"line":5,"column":32},"end":{"line":35,"column":1}},"4":{"start":{"line":6,"column":20},"end":{"line":6,"column":36}},"5":{"start":{"line":8,"column":21},"end":{"line":8,"column":72}},"6":{"start":{"line":8,"column":49},"end":{"line":8,"column":68}},"7":{"start":{"line":9,"column":21},"end":{"line":9,"column":92}},"8":{"start":{"line":9,"column":49},"end":{"line":9,"column":88}},"9":{"start":{"line":11,"column":2},"end":{"line":13,"column":3}},"10":{"start":{"line":12,"column":4},"end":{"line":12,"column":16}},"11":{"start":{"line":15,"column":2},"end":{"line":34,"column":4}},"12":{"start":{"line":5,"column":13},"end":{"line":5,"column":32}}},"fnMap":{"0":{"name":"(anonymous_0)","decl":{"start":{"line":5,"column":32},"end":{"line":5,"column":35}},"loc":{"start":{"line":5,"column":37},"end":{"line":35,"column":1}}},"1":{"name":"(anonymous_1)","decl":{"start":{"line":8,"column":34},"end":{"line":8,"column":35}},"loc":{"start":{"line":8,"column":49},"end":{"line":8,"column":68}}},"2":{"name":"(anonymous_2)","decl":{"start":{"line":9,"column":34},"end":{"line":9,"column":35}},"loc":{"start":{"line":9,"column":49},"end":{"line":9,"column":88}}}},"branchMap":{"0":{"loc":{"start":{"line":11,"column":2},"end":{"line":13,"column":3}},"type":"if","locations":[{"start":{"line":11,"column":2},"end":{"line":13,"column":3}},{"start":{},"end":{}}]}},"s":{"0":1,"1":1,"2":1,"3":1,"4":1,"5":1,"6":2,"7":1,"8":2,"9":1,"10":0,"11":1,"12":1},"f":{"0":1,"1":2,"2":2},"b":{"0":[0,1]}}
,"C:\\Users\\eduda\\workspace\\frontend-ezcommerce\\src\\components\\Epica04\\CardPublishedEdit.tsx": {"path":"C:\\Users\\eduda\\workspace\\frontend-ezcommerce\\src\\components\\Epica04\\CardPublishedEdit.tsx","statementMap":{"0":{"start":{"line":1,"column":0},"end":{"line":1,"column":36}},"1":{"start":{"line":2,"column":0},"end":{"line":2,"column":69}},"2":{"start":{"line":3,"column":0},"end":{"line":3,"column":48}},"3":{"start":{"line":4,"column":0},"end":{"line":4,"column":81}},"4":{"start":{"line":5,"column":0},"end":{"line":5,"column":40}},"5":{"start":{"line":6,"column":0},"end":{"line":6,"column":44}},"6":{"start":{"line":7,"column":0},"end":{"line":7,"column":61}},"7":{"start":{"line":21,"column":67},"end":{"line":99,"column":1}},"8":{"start":{"line":25,"column":34},"end":{"line":25,"column":63}},"9":{"start":{"line":26,"column":42},"end":{"line":26,"column":65}},"10":{"start":{"line":28,"column":2},"end":{"line":42,"column":19}},"11":{"start":{"line":29,"column":23},"end":{"line":39,"column":5}},"12":{"start":{"line":30,"column":6},"end":{"line":38,"column":7}},"13":{"start":{"line":31,"column":22},"end":{"line":31,"column":54}},"14":{"start":{"line":32,"column":8},"end":{"line":32,"column":43}},"15":{"start":{"line":34,"column":8},"end":{"line":34,"column":69}},"16":{"start":{"line":35,"column":8},"end":{"line":35,"column":26}},"17":{"start":{"line":37,"column":8},"end":{"line":37,"column":31}},"18":{"start":{"line":41,"column":4},"end":{"line":41,"column":17}},"19":{"start":{"line":45,"column":2},"end":{"line":65,"column":3}},"20":{"start":{"line":46,"column":4},"end":{"line":50,"column":6}},"21":{"start":{"line":51,"column":9},"end":{"line":65,"column":3}},"22":{"start":{"line":52,"column":4},"end":{"line":58,"column":6}},"23":{"start":{"line":60,"column":4},"end":{"line":64,"column":6}},"24":{"start":{"line":67,"column":2},"end":{"line":98,"column":4}},"25":{"start":{"line":94,"column":33},"end":{"line":94,"column":61}},"26":{"start":{"line":21,"column":13},"end":{"line":21,"column":67}}},"fnMap":{"0":{"name":"(anonymous_0)","decl":{"start":{"line":21,"column":67},"end":{"line":21,"column":68}},"loc":{"start":{"line":24,"column":5},"end":{"line":99,"column":1}}},"1":{"name":"(anonymous_1)","decl":{"start":{"line":28,"column":12},"end":{"line":28,"column":15}},"loc":{"start":{"line":28,"column":17},"end":{"line":42,"column":3}}},"2":{"name":"(anonymous_2)","decl":{"start":{"line":29,"column":23},"end":{"line":29,"column":28}},"loc":{"start":{"line":29,"column":34},"end":{"line":39,"column":5}}},"3":{"name":"(anonymous_3)","decl":{"start":{"line":94,"column":27},"end":{"line":94,"column":30}},"loc":{"start":{"line":94,"column":33},"end":{"line":94,"column":61}}}},"branchMap":{"0":{"loc":{"start":{"line":32,"column":20},"end":{"line":32,"column":41}},"type":"binary-expr","locations":[{"start":{"line":32,"column":20},"end":{"line":32,"column":33}},{"start":{"line":32,"column":37},"end":{"line":32,"column":41}}]},"1":{"loc":{"start":{"line":45,"column":2},"end":{"line":65,"column":3}},"type":"if","locations":[{"start":{"line":45,"column":2},"end":{"line":65,"column":3}},{"start":{"line":51,"column":9},"end":{"line":65,"column":3}}]},"2":{"loc":{"start":{"line":51,"column":9},"end":{"line":65,"column":3}},"type":"if","locations":[{"start":{"line":51,"column":9},"end":{"line":65,"column":3}},{"start":{"line":59,"column":9},"end":{"line":65,"column":3}}]}},"s":{"0":0,"1":0,"2":0,"3":0,"4":0,"5":0,"6":0,"7":0,"8":0,"9":0,"10":0,"11":0,"12":0,"13":0,"14":0,"15":0,"16":0,"17":0,"18":0,"19":0,"20":0,"21":0,"22":0,"23":0,"24":0,"25":0,"26":0},"f":{"0":0,"1":0,"2":0,"3":0},"b":{"0":[0,0],"1":[0,0],"2":[0,0]}}
,"C:\\Users\\eduda\\workspace\\frontend-ezcommerce\\src\\components\\Epica04\\CardShoppingCart.tsx": {"path":"C:\\Users\\eduda\\workspace\\frontend-ezcommerce\\src\\components\\Epica04\\CardShoppingCart.tsx","statementMap":{"0":{"start":{"line":1,"column":0},"end":{"line":1,"column":26}},"1":{"start":{"line":2,"column":0},"end":{"line":2,"column":52}},"2":{"start":{"line":3,"column":0},"end":{"line":3,"column":48}},"3":{"start":{"line":4,"column":0},"end":{"line":4,"column":57}},"4":{"start":{"line":6,"column":0},"end":{"line":6,"column":59}},"5":{"start":{"line":12,"column":65},"end":{"line":83,"column":1}},"6":{"start":{"line":13,"column":45},"end":{"line":13,"column":61}},"7":{"start":{"line":15,"column":26},"end":{"line":17,"column":3}},"8":{"start":{"line":16,"column":4},"end":{"line":16,"column":67}},"9":{"start":{"line":19,"column":26},"end":{"line":23,"column":3}},"10":{"start":{"line":20,"column":4},"end":{"line":22,"column":5}},"11":{"start":{"line":21,"column":6},"end":{"line":21,"column":69}},"12":{"start":{"line":24,"column":2},"end":{"line":82,"column":4}},"13":{"start":{"line":42,"column":29},"end":{"line":42,"column":61}},"14":{"start":{"line":12,"column":13},"end":{"line":12,"column":65}}},"fnMap":{"0":{"name":"(anonymous_1)","decl":{"start":{"line":12,"column":65},"end":{"line":12,"column":66}},"loc":{"start":{"line":12,"column":81},"end":{"line":83,"column":1}}},"1":{"name":"(anonymous_2)","decl":{"start":{"line":15,"column":26},"end":{"line":15,"column":29}},"loc":{"start":{"line":15,"column":31},"end":{"line":17,"column":3}}},"2":{"name":"(anonymous_3)","decl":{"start":{"line":19,"column":26},"end":{"line":19,"column":29}},"loc":{"start":{"line":19,"column":31},"end":{"line":23,"column":3}}},"3":{"name":"(anonymous_4)","decl":{"start":{"line":42,"column":23},"end":{"line":42,"column":26}},"loc":{"start":{"line":42,"column":29},"end":{"line":42,"column":61}}}},"branchMap":{"0":{"loc":{"start":{"line":20,"column":4},"end":{"line":22,"column":5}},"type":"if","locations":[{"start":{"line":20,"column":4},"end":{"line":22,"column":5}},{"start":{},"end":{}}]},"1":{"loc":{"start":{"line":29,"column":17},"end":{"line":29,"column":56}},"type":"binary-expr","locations":[{"start":{"line":29,"column":17},"end":{"line":29,"column":35}},{"start":{"line":29,"column":39},"end":{"line":29,"column":56}}]}},"s":{"0":0,"1":0,"2":0,"3":0,"4":0,"5":0,"6":0,"7":0,"8":0,"9":0,"10":0,"11":0,"12":0,"13":0,"14":0},"f":{"0":0,"1":0,"2":0,"3":0},"b":{"0":[0,0],"1":[0,0]}}
,"C:\\Users\\eduda\\workspace\\frontend-ezcommerce\\src\\components\\Epica04\\ModalDeleteProduct.tsx": {"path":"C:\\Users\\eduda\\workspace\\frontend-ezcommerce\\src\\components\\Epica04\\ModalDeleteProduct.tsx","statementMap":{"0":{"start":{"line":1,"column":0},"end":{"line":1,"column":33}},"1":{"start":{"line":2,"column":0},"end":{"line":2,"column":45}},"2":{"start":{"line":3,"column":0},"end":{"line":3,"column":48}},"3":{"start":{"line":4,"column":0},"end":{"line":4,"column":null}},"4":{"start":{"line":15,"column":0},"end":{"line":15,"column":56}},"5":{"start":{"line":22,"column":69},"end":{"line":77,"column":1}},"6":{"start":{"line":26,"column":32},"end":{"line":26,"column":47}},"7":{"start":{"line":27,"column":28},"end":{"line":27,"column":57}},"8":{"start":{"line":29,"column":23},"end":{"line":43,"column":3}},"9":{"start":{"line":30,"column":4},"end":{"line":30,"column":21}},"10":{"start":{"line":31,"column":4},"end":{"line":31,"column":19}},"11":{"start":{"line":33,"column":4},"end":{"line":42,"column":5}},"12":{"start":{"line":34,"column":6},"end":{"line":34,"column":38}},"13":{"start":{"line":35,"column":6},"end":{"line":35,"column":74}},"14":{"start":{"line":36,"column":6},"end":{"line":36,"column":24}},"15":{"start":{"line":37,"column":6},"end":{"line":37,"column":24}},"16":{"start":{"line":39,"column":6},"end":{"line":39,"column":24}},"17":{"start":{"line":40,"column":6},"end":{"line":40,"column":59}},"18":{"start":{"line":41,"column":6},"end":{"line":41,"column":69}},"19":{"start":{"line":45,"column":2},"end":{"line":76,"column":4}},"20":{"start":{"line":22,"column":13},"end":{"line":22,"column":69}}},"fnMap":{"0":{"name":"(anonymous_0)","decl":{"start":{"line":22,"column":69},"end":{"line":22,"column":70}},"loc":{"start":{"line":25,"column":5},"end":{"line":77,"column":1}}},"1":{"name":"(anonymous_1)","decl":{"start":{"line":29,"column":23},"end":{"line":29,"column":28}},"loc":{"start":{"line":29,"column":34},"end":{"line":43,"column":3}}}},"branchMap":{"0":{"loc":{"start":{"line":49,"column":11},"end":{"line":49,"column":49}},"type":"cond-expr","locations":[{"start":{"line":49,"column":21},"end":{"line":49,"column":36}},{"start":{"line":49,"column":39},"end":{"line":49,"column":49}}]},"1":{"loc":{"start":{"line":63,"column":9},"end":{"line":63,"column":73}},"type":"binary-expr","locations":[{"start":{"line":63,"column":9},"end":{"line":63,"column":14}},{"start":{"line":63,"column":18},"end":{"line":63,"column":73}}]},"2":{"loc":{"start":{"line":71,"column":13},"end":{"line":71,"column":50}},"type":"cond-expr","locations":[{"start":{"line":71,"column":23},"end":{"line":71,"column":38}},{"start":{"line":71,"column":41},"end":{"line":71,"column":50}}]}},"s":{"0":0,"1":0,"2":0,"3":0,"4":0,"5":0,"6":0,"7":0,"8":0,"9":0,"10":0,"11":0,"12":0,"13":0,"14":0,"15":0,"16":0,"17":0,"18":0,"19":0,"20":0},"f":{"0":0,"1":0},"b":{"0":[0,0],"1":[0,0],"2":[0,0]}}
,"C:\\Users\\eduda\\workspace\\frontend-ezcommerce\\src\\components\\Epica04\\ProductForm.tsx": {"path":"C:\\Users\\eduda\\workspace\\frontend-ezcommerce\\src\\components\\Epica04\\ProductForm.tsx","statementMap":{"0":{"start":{"line":1,"column":0},"end":{"line":1,"column":89}},"1":{"start":{"line":2,"column":0},"end":{"line":2,"column":74}},"2":{"start":{"line":3,"column":0},"end":{"line":3,"column":55}},"3":{"start":{"line":4,"column":0},"end":{"line":4,"column":67}},"4":{"start":{"line":5,"column":0},"end":{"line":5,"column":119}},"5":{"start":{"line":6,"column":0},"end":{"line":6,"column":46}},"6":{"start":{"line":7,"column":0},"end":{"line":7,"column":48}},"7":{"start":{"line":8,"column":0},"end":{"line":8,"column":52}},"8":{"start":{"line":9,"column":0},"end":{"line":9,"column":60}},"9":{"start":{"line":10,"column":0},"end":{"line":10,"column":44}},"10":{"start":{"line":11,"column":0},"end":{"line":11,"column":43}},"11":{"start":{"line":12,"column":0},"end":{"line":12,"column":42}},"12":{"start":{"line":13,"column":0},"end":{"line":13,"column":38}},"13":{"start":{"line":16,"column":27},"end":{"line":219,"column":1}},"14":{"start":{"line":18,"column":78},"end":{"line":18,"column":95}},"15":{"start":{"line":20,"column":38},"end":{"line":20,"column":84}},"16":{"start":{"line":21,"column":44},"end":{"line":21,"column":73}},"17":{"start":{"line":22,"column":36},"end":{"line":22,"column":82}},"18":{"start":{"line":23,"column":19},"end":{"line":23,"column":32}},"19":{"start":{"line":25,"column":2},"end":{"line":29,"column":33}},"20":{"start":{"line":26,"column":4},"end":{"line":28,"column":5}},"21":{"start":{"line":27,"column":6},"end":{"line":27,"column":31}},"22":{"start":{"line":31,"column":2},"end":{"line":33,"column":9}},"23":{"start":{"line":32,"column":4},"end":{"line":32,"column":55}},"24":{"start":{"line":32,"column":35},"end":{"line":32,"column":53}},"25":{"start":{"line":35,"column":19},"end":{"line":39,"column":3}},"26":{"start":{"line":36,"column":4},"end":{"line":36,"column":17}},"27":{"start":{"line":37,"column":4},"end":{"line":37,"column":18}},"28":{"start":{"line":38,"column":4},"end":{"line":38,"column":39}},"29":{"start":{"line":40,"column":30},"end":{"line":40,"column":57}},"30":{"start":{"line":42,"column":2},"end":{"line":218,"column":4}},"31":{"start":{"line":66,"column":8},"end":{"line":66,"column":42}},"32":{"start":{"line":67,"column":8},"end":{"line":67,"column":70}},"33":{"start":{"line":68,"column":8},"end":{"line":68,"column":31}},"34":{"start":{"line":74,"column":14},"end":{"line":82,"column":null}},"35":{"start":{"line":90,"column":14},"end":{"line":95,"column":null}},"36":{"start":{"line":103,"column":14},"end":{"line":108,"column":null}},"37":{"start":{"line":116,"column":14},"end":{"line":121,"column":null}},"38":{"start":{"line":129,"column":14},"end":{"line":167,"column":null}},"39":{"start":{"line":138,"column":20},"end":{"line":139,"column":null}},"40":{"start":{"line":143,"column":24},"end":{"line":162,"column":26}},"41":{"start":{"line":149,"column":51},"end":{"line":152,"column":null}},"42":{"start":{"line":152,"column":51},"end":{"line":152,"column":68}},"43":{"start":{"line":154,"column":34},"end":{"line":154,"column":59}},"44":{"start":{"line":175,"column":14},"end":{"line":189,"column":null}},"45":{"start":{"line":215,"column":23},"end":{"line":215,"column":45}},"46":{"start":{"line":16,"column":13},"end":{"line":16,"column":27}}},"fnMap":{"0":{"name":"(anonymous_0)","decl":{"start":{"line":16,"column":27},"end":{"line":16,"column":28}},"loc":{"start":{"line":16,"column":115},"end":{"line":219,"column":1}}},"1":{"name":"(anonymous_1)","decl":{"start":{"line":25,"column":12},"end":{"line":25,"column":15}},"loc":{"start":{"line":25,"column":17},"end":{"line":29,"column":3}}},"2":{"name":"(anonymous_2)","decl":{"start":{"line":31,"column":12},"end":{"line":31,"column":15}},"loc":{"start":{"line":31,"column":17},"end":{"line":33,"column":3}}},"3":{"name":"(anonymous_3)","decl":{"start":{"line":32,"column":25},"end":{"line":32,"column":26}},"loc":{"start":{"line":32,"column":35},"end":{"line":32,"column":53}}},"4":{"name":"(anonymous_4)","decl":{"start":{"line":35,"column":19},"end":{"line":35,"column":22}},"loc":{"start":{"line":35,"column":24},"end":{"line":39,"column":3}}},"5":{"name":"(anonymous_5)","decl":{"start":{"line":65,"column":25},"end":{"line":65,"column":26}},"loc":{"start":{"line":65,"column":31},"end":{"line":69,"column":7}}},"6":{"name":"(anonymous_6)","decl":{"start":{"line":73,"column":20},"end":{"line":73,"column":21}},"loc":{"start":{"line":74,"column":14},"end":{"line":82,"column":null}}},"7":{"name":"(anonymous_7)","decl":{"start":{"line":89,"column":20},"end":{"line":89,"column":21}},"loc":{"start":{"line":90,"column":14},"end":{"line":95,"column":null}}},"8":{"name":"(anonymous_8)","decl":{"start":{"line":102,"column":20},"end":{"line":102,"column":21}},"loc":{"start":{"line":103,"column":14},"end":{"line":108,"column":null}}},"9":{"name":"(anonymous_9)","decl":{"start":{"line":115,"column":20},"end":{"line":115,"column":21}},"loc":{"start":{"line":116,"column":14},"end":{"line":121,"column":null}}},"10":{"name":"(anonymous_10)","decl":{"start":{"line":128,"column":20},"end":{"line":128,"column":23}},"loc":{"start":{"line":129,"column":14},"end":{"line":167,"column":null}}},"11":{"name":"(anonymous_11)","decl":{"start":{"line":137,"column":33},"end":{"line":137,"column":34}},"loc":{"start":{"line":138,"column":20},"end":{"line":139,"column":null}}},"12":{"name":"(anonymous_12)","decl":{"start":{"line":142,"column":30},"end":{"line":142,"column":31}},"loc":{"start":{"line":142,"column":44},"end":{"line":163,"column":23}}},"13":{"name":"(anonymous_13)","decl":{"start":{"line":148,"column":49},"end":{"line":148,"column":50}},"loc":{"start":{"line":148,"column":61},"end":{"line":155,"column":33}}},"14":{"name":"(anonymous_14)","decl":{"start":{"line":152,"column":40},"end":{"line":152,"column":41}},"loc":{"start":{"line":152,"column":51},"end":{"line":152,"column":68}}},"15":{"name":"(anonymous_15)","decl":{"start":{"line":174,"column":20},"end":{"line":174,"column":21}},"loc":{"start":{"line":175,"column":14},"end":{"line":189,"column":null}}},"16":{"name":"(anonymous_16)","decl":{"start":{"line":215,"column":17},"end":{"line":215,"column":20}},"loc":{"start":{"line":215,"column":23},"end":{"line":215,"column":45}}}},"branchMap":{"0":{"loc":{"start":{"line":26,"column":4},"end":{"line":28,"column":5}},"type":"if","locations":[{"start":{"line":26,"column":4},"end":{"line":28,"column":5}},{"start":{},"end":{}}]},"1":{"loc":{"start":{"line":45,"column":9},"end":{"line":45,"column":57}},"type":"cond-expr","locations":[{"start":{"line":45,"column":19},"end":{"line":45,"column":36}},{"start":{"line":45,"column":39},"end":{"line":45,"column":57}}]},"2":{"loc":{"start":{"line":149,"column":51},"end":{"line":152,"column":null}},"type":"cond-expr","locations":[{"start":{"line":150,"column":38},"end":{"line":150,"column":63}},{"start":{"line":151,"column":38},"end":{"line":152,"column":null}}]}},"s":{"0":0,"1":0,"2":0,"3":0,"4":0,"5":0,"6":0,"7":0,"8":0,"9":0,"10":0,"11":0,"12":0,"13":0,"14":0,"15":0,"16":0,"17":0,"18":0,"19":0,"20":0,"21":0,"22":0,"23":0,"24":0,"25":0,"26":0,"27":0,"28":0,"29":0,"30":0,"31":0,"32":0,"33":0,"34":0,"35":0,"36":0,"37":0,"38":0,"39":0,"40":0,"41":0,"42":0,"43":0,"44":0,"45":0,"46":0},"f":{"0":0,"1":0,"2":0,"3":0,"4":0,"5":0,"6":0,"7":0,"8":0,"9":0,"10":0,"11":0,"12":0,"13":0,"14":0,"15":0,"16":0},"b":{"0":[0,0],"1":[0,0],"2":[0,0]}}
,"C:\\Users\\eduda\\workspace\\frontend-ezcommerce\\src\\components\\Epica04\\formulario\\ImagePreviewModal.tsx": {"path":"C:\\Users\\eduda\\workspace\\frontend-ezcommerce\\src\\components\\Epica04\\formulario\\ImagePreviewModal.tsx","statementMap":{"0":{"start":{"line":1,"column":0},"end":{"line":1,"column":31}},"1":{"start":{"line":8,"column":67},"end":{"line":30,"column":1}},"2":{"start":{"line":9,"column":2},"end":{"line":9,"column":29}},"3":{"start":{"line":9,"column":17},"end":{"line":9,"column":29}},"4":{"start":{"line":11,"column":2},"end":{"line":29,"column":4}},"5":{"start":{"line":18,"column":24},"end":{"line":18,"column":43}},"6":{"start":{"line":8,"column":13},"end":{"line":8,"column":67}}},"fnMap":{"0":{"name":"(anonymous_6)","decl":{"start":{"line":8,"column":67},"end":{"line":8,"column":68}},"loc":{"start":{"line":8,"column":93},"end":{"line":30,"column":1}}},"1":{"name":"(anonymous_7)","decl":{"start":{"line":18,"column":17},"end":{"line":18,"column":18}},"loc":{"start":{"line":18,"column":24},"end":{"line":18,"column":43}}}},"branchMap":{"0":{"loc":{"start":{"line":9,"column":2},"end":{"line":9,"column":29}},"type":"if","locations":[{"start":{"line":9,"column":2},"end":{"line":9,"column":29}},{"start":{},"end":{}}]}},"s":{"0":0,"1":0,"2":0,"3":0,"4":0,"5":0,"6":0},"f":{"0":0,"1":0},"b":{"0":[0,0]}}
,"C:\\Users\\eduda\\workspace\\frontend-ezcommerce\\src\\components\\Epica04\\formulario\\ImageUpload.tsx": {"path":"C:\\Users\\eduda\\workspace\\frontend-ezcommerce\\src\\components\\Epica04\\formulario\\ImageUpload.tsx","statementMap":{"0":{"start":{"line":1,"column":0},"end":{"line":1,"column":26}},"1":{"start":{"line":3,"column":0},"end":{"line":3,"column":57}},"2":{"start":{"line":4,"column":0},"end":{"line":4,"column":96}},"3":{"start":{"line":5,"column":0},"end":{"line":5,"column":50}},"4":{"start":{"line":6,"column":0},"end":{"line":6,"column":41}},"5":{"start":{"line":16,"column":22},"end":{"line":37,"column":1}},"6":{"start":{"line":17,"column":71},"end":{"line":19,"column":4}},"7":{"start":{"line":21,"column":16},"end":{"line":24,"column":4}},"8":{"start":{"line":26,"column":2},"end":{"line":36,"column":4}},"9":{"start":{"line":39,"column":55},"end":{"line":95,"column":null}},"10":{"start":{"line":46,"column":2},"end":{"line":94,"column":null}},"11":{"start":{"line":51,"column":33},"end":{"line":51,"column":39}},"12":{"start":{"line":56,"column":10},"end":{"line":56,"column":30}},"13":{"start":{"line":62,"column":18},"end":{"line":62,"column":38}},"14":{"start":{"line":63,"column":18},"end":{"line":63,"column":43}},"15":{"start":{"line":71,"column":18},"end":{"line":71,"column":38}},"16":{"start":{"line":72,"column":18},"end":{"line":72,"column":40}},"17":{"start":{"line":39,"column":13},"end":{"line":39,"column":55}}},"fnMap":{"0":{"name":"(anonymous_1)","decl":{"start":{"line":16,"column":22},"end":{"line":16,"column":23}},"loc":{"start":{"line":16,"column":62},"end":{"line":37,"column":1}}},"1":{"name":"(anonymous_2)","decl":{"start":{"line":39,"column":55},"end":{"line":39,"column":56}},"loc":{"start":{"line":46,"column":2},"end":{"line":94,"column":null}}},"2":{"name":"(anonymous_3)","decl":{"start":{"line":51,"column":24},"end":{"line":51,"column":25}},"loc":{"start":{"line":51,"column":33},"end":{"line":51,"column":39}}},"3":{"name":"(anonymous_4)","decl":{"start":{"line":55,"column":20},"end":{"line":55,"column":21}},"loc":{"start":{"line":56,"column":10},"end":{"line":56,"column":30}}},"4":{"name":"(anonymous_5)","decl":{"start":{"line":61,"column":25},"end":{"line":61,"column":26}},"loc":{"start":{"line":61,"column":31},"end":{"line":64,"column":17}}},"5":{"name":"(anonymous_6)","decl":{"start":{"line":70,"column":25},"end":{"line":70,"column":26}},"loc":{"start":{"line":70,"column":31},"end":{"line":73,"column":17}}}},"branchMap":{"0":{"loc":{"start":{"line":81,"column":9},"end":{"line":91,"column":null}},"type":"binary-expr","locations":[{"start":{"line":81,"column":9},"end":{"line":81,"column":26}},{"start":{"line":82,"column":10},"end":{"line":90,"column":null}}]}},"s":{"0":0,"1":0,"2":0,"3":0,"4":0,"5":0,"6":0,"7":0,"8":0,"9":0,"10":0,"11":0,"12":0,"13":0,"14":0,"15":0,"16":0,"17":0},"f":{"0":0,"1":0,"2":0,"3":0,"4":0,"5":0},"b":{"0":[0,0]}}
,"C:\\Users\\eduda\\workspace\\frontend-ezcommerce\\src\\components\\Epica08\\HelpAndSoport.tsx": {"path":"C:\\Users\\eduda\\workspace\\frontend-ezcommerce\\src\\components\\Epica08\\HelpAndSoport.tsx","statementMap":{"0":{"start":{"line":2,"column":0},"end":{"line":2,"column":32}},"1":{"start":{"line":3,"column":0},"end":{"line":3,"column":53}},"2":{"start":{"line":4,"column":0},"end":{"line":4,"column":41}},"3":{"start":{"line":5,"column":0},"end":{"line":5,"column":24}},"4":{"start":{"line":6,"column":0},"end":{"line":6,"column":47}},"5":{"start":{"line":7,"column":0},"end":{"line":7,"column":45}},"6":{"start":{"line":8,"column":0},"end":{"line":8,"column":51}},"7":{"start":{"line":9,"column":0},"end":{"line":9,"column":null}},"8":{"start":{"line":17,"column":0},"end":{"line":17,"column":null}},"9":{"start":{"line":25,"column":0},"end":{"line":25,"column":null}},"10":{"start":{"line":32,"column":0},"end":{"line":32,"column":64}},"11":{"start":{"line":33,"column":0},"end":{"line":33,"column":42}},"12":{"start":{"line":35,"column":19},"end":{"line":42,"column":2}},"13":{"start":{"line":46,"column":30},"end":{"line":198,"column":1}},"14":{"start":{"line":48,"column":21},"end":{"line":48,"column":34}},"15":{"start":{"line":49,"column":44},"end":{"line":49,"column":59}},"16":{"start":{"line":50,"column":44},"end":{"line":50,"column":79}},"17":{"start":{"line":52,"column":17},"end":{"line":60,"column":6}},"18":{"start":{"line":63,"column":8},"end":{"line":63,"column":null}},"19":{"start":{"line":65,"column":8},"end":{"line":65,"column":null}},"20":{"start":{"line":66,"column":8},"end":{"line":66,"column":null}},"21":{"start":{"line":69,"column":4},"end":{"line":71,"column":5}},"22":{"start":{"line":70,"column":8},"end":{"line":70,"column":null}},"23":{"start":{"line":73,"column":4},"end":{"line":197,"column":null}},"24":{"start":{"line":88,"column":47},"end":{"line":88,"column":67}},"25":{"start":{"line":99,"column":47},"end":{"line":99,"column":72}},"26":{"start":{"line":126,"column":40},"end":{"line":141,"column":null}},"27":{"start":{"line":149,"column":40},"end":{"line":154,"column":null}},"28":{"start":{"line":162,"column":40},"end":{"line":170,"column":null}},"29":{"start":{"line":178,"column":40},"end":{"line":183,"column":null}},"30":{"start":{"line":181,"column":101},"end":{"line":181,"column":136}},"31":{"start":{"line":46,"column":13},"end":{"line":46,"column":30}}},"fnMap":{"0":{"name":"(anonymous_6)","decl":{"start":{"line":46,"column":30},"end":{"line":46,"column":33}},"loc":{"start":{"line":46,"column":35},"end":{"line":198,"column":1}}},"1":{"name":"onSubmit","decl":{"start":{"line":62,"column":19},"end":{"line":62,"column":27}},"loc":{"start":{"line":62,"column":46},"end":{"line":67,"column":5}}},"2":{"name":"(anonymous_8)","decl":{"start":{"line":88,"column":41},"end":{"line":88,"column":44}},"loc":{"start":{"line":88,"column":47},"end":{"line":88,"column":67}}},"3":{"name":"(anonymous_9)","decl":{"start":{"line":99,"column":41},"end":{"line":99,"column":44}},"loc":{"start":{"line":99,"column":47},"end":{"line":99,"column":72}}},"4":{"name":"(anonymous_10)","decl":{"start":{"line":125,"column":44},"end":{"line":125,"column":45}},"loc":{"start":{"line":126,"column":40},"end":{"line":141,"column":null}}},"5":{"name":"(anonymous_11)","decl":{"start":{"line":148,"column":44},"end":{"line":148,"column":45}},"loc":{"start":{"line":149,"column":40},"end":{"line":154,"column":null}}},"6":{"name":"(anonymous_12)","decl":{"start":{"line":161,"column":44},"end":{"line":161,"column":45}},"loc":{"start":{"line":162,"column":40},"end":{"line":170,"column":null}}},"7":{"name":"(anonymous_13)","decl":{"start":{"line":177,"column":44},"end":{"line":177,"column":45}},"loc":{"start":{"line":178,"column":40},"end":{"line":183,"column":null}}},"8":{"name":"(anonymous_14)","decl":{"start":{"line":181,"column":94},"end":{"line":181,"column":95}},"loc":{"start":{"line":181,"column":101},"end":{"line":181,"column":136}}}},"branchMap":{"0":{"loc":{"start":{"line":69,"column":4},"end":{"line":71,"column":5}},"type":"if","locations":[{"start":{"line":69,"column":4},"end":{"line":71,"column":5}},{"start":{},"end":{}}]},"1":{"loc":{"start":{"line":69,"column":7},"end":{"line":69,"column":49}},"type":"binary-expr","locations":[{"start":{"line":69,"column":7},"end":{"line":69,"column":20}},{"start":{"line":69,"column":24},"end":{"line":69,"column":49}}]},"2":{"loc":{"start":{"line":78,"column":38},"end":{"line":78,"column":103}},"type":"cond-expr","locations":[{"start":{"line":78,"column":66},"end":{"line":78,"column":84}},{"start":{"line":78,"column":85},"end":{"line":78,"column":103}}]},"3":{"loc":{"start":{"line":79,"column":17},"end":{"line":108,"column":null}},"type":"binary-expr","locations":[{"start":{"line":79,"column":17},"end":{"line":79,"column":40}},{"start":{"line":80,"column":20},"end":{"line":107,"column":null}}]},"4":{"loc":{"start":{"line":112,"column":17},"end":{"line":193,"column":null}},"type":"binary-expr","locations":[{"start":{"line":112,"column":17},"end":{"line":112,"column":42}},{"start":{"line":113,"column":20},"end":{"line":192,"column":null}}]}},"s":{"0":0,"1":0,"2":0,"3":0,"4":0,"5":0,"6":0,"7":0,"8":0,"9":0,"10":0,"11":0,"12":0,"13":0,"14":0,"15":0,"16":0,"17":0,"18":0,"19":0,"20":0,"21":0,"22":0,"23":0,"24":0,"25":0,"26":0,"27":0,"28":0,"29":0,"30":0,"31":0},"f":{"0":0,"1":0,"2":0,"3":0,"4":0,"5":0,"6":0,"7":0,"8":0},"b":{"0":[0,0],"1":[0,0],"2":[0,0],"3":[0,0],"4":[0,0]}}
,"C:\\Users\\eduda\\workspace\\frontend-ezcommerce\\src\\components\\Epica08\\RecoverAccountModal.tsx": {"path":"C:\\Users\\eduda\\workspace\\frontend-ezcommerce\\src\\components\\Epica08\\RecoverAccountModal.tsx","statementMap":{"0":{"start":{"line":1,"column":0},"end":{"line":1,"column":48}},"1":{"start":{"line":2,"column":0},"end":{"line":2,"column":46}},"2":{"start":{"line":3,"column":0},"end":{"line":3,"column":82}},"3":{"start":{"line":4,"column":0},"end":{"line":4,"column":54}},"4":{"start":{"line":5,"column":0},"end":{"line":5,"column":33}},"5":{"start":{"line":6,"column":0},"end":{"line":6,"column":null}},"6":{"start":{"line":14,"column":0},"end":{"line":14,"column":24}},"7":{"start":{"line":15,"column":0},"end":{"line":15,"column":42}},"8":{"start":{"line":16,"column":0},"end":{"line":16,"column":31}},"9":{"start":{"line":17,"column":0},"end":{"line":17,"column":43}},"10":{"start":{"line":20,"column":19},"end":{"line":25,"column":2}},"11":{"start":{"line":28,"column":20},"end":{"line":32,"column":2}},"12":{"start":{"line":35,"column":20},"end":{"line":49,"column":6}},"13":{"start":{"line":46,"column":22},"end":{"line":46,"column":63}},"14":{"start":{"line":52,"column":35},"end":{"line":320,"column":1}},"15":{"start":{"line":53,"column":21},"end":{"line":53,"column":34}},"16":{"start":{"line":55,"column":28},"end":{"line":55,"column":43}},"17":{"start":{"line":56,"column":30},"end":{"line":56,"column":44}},"18":{"start":{"line":57,"column":30},"end":{"line":57,"column":45}},"19":{"start":{"line":58,"column":30},"end":{"line":58,"column":45}},"20":{"start":{"line":60,"column":17},"end":{"line":65,"column":6}},"21":{"start":{"line":68,"column":8},"end":{"line":77,"column":9}},"22":{"start":{"line":69,"column":30},"end":{"line":69,"column":36}},"23":{"start":{"line":70,"column":12},"end":{"line":70,"column":null}},"24":{"start":{"line":71,"column":12},"end":{"line":71,"column":28}},"25":{"start":{"line":72,"column":12},"end":{"line":72,"column":27}},"26":{"start":{"line":75,"column":12},"end":{"line":75,"column":null}},"27":{"start":{"line":76,"column":12},"end":{"line":76,"column":43}},"28":{"start":{"line":81,"column":18},"end":{"line":86,"column":6}},"29":{"start":{"line":89,"column":8},"end":{"line":98,"column":9}},"30":{"start":{"line":90,"column":29},"end":{"line":90,"column":35}},"31":{"start":{"line":91,"column":12},"end":{"line":91,"column":null}},"32":{"start":{"line":92,"column":12},"end":{"line":92,"column":28}},"33":{"start":{"line":93,"column":12},"end":{"line":93,"column":27}},"34":{"start":{"line":96,"column":12},"end":{"line":96,"column":null}},"35":{"start":{"line":97,"column":12},"end":{"line":97,"column":44}},"36":{"start":{"line":102,"column":18},"end":{"line":109,"column":6}},"37":{"start":{"line":112,"column":8},"end":{"line":122,"column":9}},"38":{"start":{"line":113,"column":43},"end":{"line":113,"column":49}},"39":{"start":{"line":114,"column":12},"end":{"line":114,"column":null}},"40":{"start":{"line":115,"column":12},"end":{"line":115,"column":null}},"41":{"start":{"line":116,"column":12},"end":{"line":116,"column":66}},"42":{"start":{"line":117,"column":12},"end":{"line":117,"column":27}},"43":{"start":{"line":120,"column":12},"end":{"line":120,"column":null}},"44":{"start":{"line":121,"column":12},"end":{"line":121,"column":65}},"45":{"start":{"line":125,"column":25},"end":{"line":128,"column":5}},"46":{"start":{"line":126,"column":8},"end":{"line":126,"column":23}},"47":{"start":{"line":127,"column":8},"end":{"line":127,"column":24}},"48":{"start":{"line":130,"column":26},"end":{"line":134,"column":5}},"49":{"start":{"line":131,"column":8},"end":{"line":131,"column":null}},"50":{"start":{"line":132,"column":8},"end":{"line":132,"column":null}},"51":{"start":{"line":133,"column":8},"end":{"line":133,"column":null}},"52":{"start":{"line":136,"column":4},"end":{"line":319,"column":6}},"53":{"start":{"line":141,"column":59},"end":{"line":141,"column":74}},"54":{"start":{"line":170,"column":48},"end":{"line":178,"column":null}},"55":{"start":{"line":214,"column":48},"end":{"line":222,"column":null}},"56":{"start":{"line":259,"column":48},"end":{"line":267,"column":null}},"57":{"start":{"line":275,"column":48},"end":{"line":284,"column":null}},"58":{"start":{"line":292,"column":48},"end":{"line":301,"column":null}},"59":{"start":{"line":310,"column":51},"end":{"line":310,"column":71}},"60":{"start":{"line":52,"column":13},"end":{"line":52,"column":35}}},"fnMap":{"0":{"name":"(anonymous_0)","decl":{"start":{"line":46,"column":12},"end":{"line":46,"column":13}},"loc":{"start":{"line":46,"column":22},"end":{"line":46,"column":63}}},"1":{"name":"(anonymous_1)","decl":{"start":{"line":52,"column":35},"end":{"line":52,"column":38}},"loc":{"start":{"line":52,"column":40},"end":{"line":320,"column":1}}},"2":{"name":"onSubmit1","decl":{"start":{"line":67,"column":19},"end":{"line":67,"column":28}},"loc":{"start":{"line":67,"column":47},"end":{"line":79,"column":5}}},"3":{"name":"onSubmit2","decl":{"start":{"line":88,"column":19},"end":{"line":88,"column":28}},"loc":{"start":{"line":88,"column":48},"end":{"line":100,"column":5}}},"4":{"name":"onSubmit3","decl":{"start":{"line":111,"column":19},"end":{"line":111,"column":28}},"loc":{"start":{"line":111,"column":48},"end":{"line":123,"column":5}}},"5":{"name":"(anonymous_5)","decl":{"start":{"line":125,"column":25},"end":{"line":125,"column":28}},"loc":{"start":{"line":125,"column":30},"end":{"line":128,"column":5}}},"6":{"name":"(anonymous_6)","decl":{"start":{"line":130,"column":26},"end":{"line":130,"column":29}},"loc":{"start":{"line":130,"column":31},"end":{"line":134,"column":5}}},"7":{"name":"(anonymous_7)","decl":{"start":{"line":141,"column":47},"end":{"line":141,"column":48}},"loc":{"start":{"line":141,"column":59},"end":{"line":141,"column":74}}},"8":{"name":"(anonymous_8)","decl":{"start":{"line":169,"column":52},"end":{"line":169,"column":53}},"loc":{"start":{"line":170,"column":48},"end":{"line":178,"column":null}}},"9":{"name":"(anonymous_9)","decl":{"start":{"line":213,"column":52},"end":{"line":213,"column":53}},"loc":{"start":{"line":214,"column":48},"end":{"line":222,"column":null}}},"10":{"name":"(anonymous_10)","decl":{"start":{"line":258,"column":52},"end":{"line":258,"column":53}},"loc":{"start":{"line":259,"column":48},"end":{"line":267,"column":null}}},"11":{"name":"(anonymous_11)","decl":{"start":{"line":274,"column":52},"end":{"line":274,"column":53}},"loc":{"start":{"line":275,"column":48},"end":{"line":284,"column":null}}},"12":{"name":"(anonymous_12)","decl":{"start":{"line":291,"column":52},"end":{"line":291,"column":53}},"loc":{"start":{"line":292,"column":48},"end":{"line":301,"column":null}}},"13":{"name":"(anonymous_13)","decl":{"start":{"line":310,"column":45},"end":{"line":310,"column":48}},"loc":{"start":{"line":310,"column":51},"end":{"line":310,"column":71}}}},"branchMap":{"0":{"loc":{"start":{"line":138,"column":10},"end":{"line":139,"column":null}},"type":"binary-expr","locations":[{"start":{"line":138,"column":10},"end":{"line":138,"column":14}},{"start":{"line":139,"column":16},"end":{"line":139,"column":77}}]},"1":{"loc":{"start":{"line":145,"column":17},"end":{"line":186,"column":null}},"type":"binary-expr","locations":[{"start":{"line":145,"column":17},"end":{"line":145,"column":22}},{"start":{"line":147,"column":24},"end":{"line":185,"column":null}}]},"2":{"loc":{"start":{"line":190,"column":20},"end":{"line":230,"column":null}},"type":"binary-expr","locations":[{"start":{"line":190,"column":20},"end":{"line":190,"column":25}},{"start":{"line":192,"column":24},"end":{"line":229,"column":null}}]},"3":{"loc":{"start":{"line":234,"column":20},"end":{"line":313,"column":null}},"type":"binary-expr","locations":[{"start":{"line":234,"column":20},"end":{"line":234,"column":25}},{"start":{"line":236,"column":24},"end":{"line":312,"column":null}}]}},"s":{"0":0,"1":0,"2":0,"3":0,"4":0,"5":0,"6":0,"7":0,"8":0,"9":0,"10":0,"11":0,"12":0,"13":0,"14":0,"15":0,"16":0,"17":0,"18":0,"19":0,"20":0,"21":0,"22":0,"23":0,"24":0,"25":0,"26":0,"27":0,"28":0,"29":0,"30":0,"31":0,"32":0,"33":0,"34":0,"35":0,"36":0,"37":0,"38":0,"39":0,"40":0,"41":0,"42":0,"43":0,"44":0,"45":0,"46":0,"47":0,"48":0,"49":0,"50":0,"51":0,"52":0,"53":0,"54":0,"55":0,"56":0,"57":0,"58":0,"59":0,"60":0},"f":{"0":0,"1":0,"2":0,"3":0,"4":0,"5":0,"6":0,"7":0,"8":0,"9":0,"10":0,"11":0,"12":0,"13":0},"b":{"0":[0,0],"1":[0,0],"2":[0,0],"3":[0,0]}}
,"C:\\Users\\eduda\\workspace\\frontend-ezcommerce\\src\\components\\Epica1\\ModalMessage.tsx": {"path":"C:\\Users\\eduda\\workspace\\frontend-ezcommerce\\src\\components\\Epica1\\ModalMessage.tsx","statementMap":{"0":{"start":{"line":2,"column":0},"end":{"line":2,"column":48}},"1":{"start":{"line":3,"column":0},"end":{"line":3,"column":null}},"2":{"start":{"line":24,"column":28},"end":{"line":59,"column":1}},"3":{"start":{"line":34,"column":28},"end":{"line":34,"column":66}},"4":{"start":{"line":34,"column":49},"end":{"line":34,"column":65}},"5":{"start":{"line":36,"column":2},"end":{"line":58,"column":4}},"6":{"start":{"line":24,"column":13},"end":{"line":24,"column":28}}},"fnMap":{"0":{"name":"(anonymous_0)","decl":{"start":{"line":24,"column":28},"end":{"line":24,"column":29}},"loc":{"start":{"line":32,"column":24},"end":{"line":59,"column":1}}},"1":{"name":"(anonymous_1)","decl":{"start":{"line":34,"column":43},"end":{"line":34,"column":46}},"loc":{"start":{"line":34,"column":49},"end":{"line":34,"column":65}}}},"branchMap":{"0":{"loc":{"start":{"line":29,"column":2},"end":{"line":29,"column":22}},"type":"default-arg","locations":[{"start":{"line":29,"column":13},"end":{"line":29,"column":22}}]},"1":{"loc":{"start":{"line":34,"column":28},"end":{"line":34,"column":66}},"type":"binary-expr","locations":[{"start":{"line":34,"column":28},"end":{"line":34,"column":38}},{"start":{"line":34,"column":43},"end":{"line":34,"column":65}}]},"2":{"loc":{"start":{"line":41,"column":13},"end":{"line":41,"column":100}},"type":"binary-expr","locations":[{"start":{"line":41,"column":13},"end":{"line":41,"column":17}},{"start":{"line":41,"column":21},"end":{"line":41,"column":100}}]}},"s":{"0":1,"1":1,"2":1,"3":3,"4":1,"5":3,"6":1},"f":{"0":3,"1":1},"b":{"0":[0],"1":[3,2],"2":[3,0]}}
,"C:\\Users\\eduda\\workspace\\frontend-ezcommerce\\src\\components\\Epica1\\PrivateRoute.tsx": {"path":"C:\\Users\\eduda\\workspace\\frontend-ezcommerce\\src\\components\\Epica1\\PrivateRoute.tsx","statementMap":{"0":{"start":{"line":1,"column":0},"end":{"line":1,"column":44}},"1":{"start":{"line":2,"column":0},"end":{"line":2,"column":42}},"2":{"start":{"line":9,"column":28},"end":{"line":17,"column":1}},"3":{"start":{"line":10,"column":24},"end":{"line":10,"column":33}},"4":{"start":{"line":12,"column":2},"end":{"line":16,"column":4}},"5":{"start":{"line":9,"column":13},"end":{"line":9,"column":28}}},"fnMap":{"0":{"name":"(anonymous_0)","decl":{"start":{"line":9,"column":28},"end":{"line":9,"column":29}},"loc":{"start":{"line":9,"column":63},"end":{"line":17,"column":1}}}},"branchMap":{"0":{"loc":{"start":{"line":12,"column":9},"end":{"line":15,"column":null}},"type":"cond-expr","locations":[{"start":{"line":13,"column":4},"end":{"line":13,"column":12}},{"start":{"line":15,"column":4},"end":{"line":15,"column":24}}]}},"s":{"0":1,"1":1,"2":1,"3":2,"4":2,"5":1},"f":{"0":2},"b":{"0":[1,1]}}
,"C:\\Users\\eduda\\workspace\\frontend-ezcommerce\\src\\components\\Epica5\\GratisModal.tsx": {"path":"C:\\Users\\eduda\\workspace\\frontend-ezcommerce\\src\\components\\Epica5\\GratisModal.tsx","statementMap":{"0":{"start":{"line":1,"column":0},"end":{"line":1,"column":64}},"1":{"start":{"line":2,"column":0},"end":{"line":2,"column":52}},"2":{"start":{"line":3,"column":0},"end":{"line":3,"column":35}},"3":{"start":{"line":5,"column":27},"end":{"line":39,"column":1}},"4":{"start":{"line":6,"column":53},"end":{"line":6,"column":67}},"5":{"start":{"line":8,"column":2},"end":{"line":38,"column":4}},"6":{"start":{"line":5,"column":13},"end":{"line":5,"column":27}}},"fnMap":{"0":{"name":"(anonymous_0)","decl":{"start":{"line":5,"column":27},"end":{"line":5,"column":30}},"loc":{"start":{"line":5,"column":32},"end":{"line":39,"column":1}}}},"branchMap":{},"s":{"0":0,"1":0,"2":0,"3":0,"4":0,"5":0,"6":0},"f":{"0":0},"b":{}}
,"C:\\Users\\eduda\\workspace\\frontend-ezcommerce\\src\\components\\Epica5\\LoginModal.tsx": {"path":"C:\\Users\\eduda\\workspace\\frontend-ezcommerce\\src\\components\\Epica5\\LoginModal.tsx","statementMap":{"0":{"start":{"line":1,"column":0},"end":{"line":1,"column":64}},"1":{"start":{"line":2,"column":0},"end":{"line":2,"column":42}},"2":{"start":{"line":3,"column":0},"end":{"line":3,"column":37}},"3":{"start":{"line":4,"column":0},"end":{"line":4,"column":43}},"4":{"start":{"line":6,"column":26},"end":{"line":24,"column":1}},"5":{"start":{"line":7,"column":38},"end":{"line":7,"column":47}},"6":{"start":{"line":8,"column":17},"end":{"line":8,"column":30}},"7":{"start":{"line":10,"column":2},"end":{"line":23,"column":4}},"8":{"start":{"line":15,"column":22},"end":{"line":15,"column":40}},"9":{"start":{"line":6,"column":13},"end":{"line":6,"column":26}}},"fnMap":{"0":{"name":"(anonymous_0)","decl":{"start":{"line":6,"column":26},"end":{"line":6,"column":29}},"loc":{"start":{"line":6,"column":31},"end":{"line":24,"column":1}}},"1":{"name":"(anonymous_1)","decl":{"start":{"line":15,"column":18},"end":{"line":15,"column":20}},"loc":{"start":{"line":15,"column":22},"end":{"line":15,"column":40}}}},"branchMap":{},"s":{"0":0,"1":0,"2":0,"3":0,"4":0,"5":0,"6":0,"7":0,"8":0,"9":0},"f":{"0":0,"1":0},"b":{}}
,"C:\\Users\\eduda\\workspace\\frontend-ezcommerce\\src\\components\\Epica5\\PlanCard.tsx": {"path":"C:\\Users\\eduda\\workspace\\frontend-ezcommerce\\src\\components\\Epica5\\PlanCard.tsx","statementMap":{"0":{"start":{"line":1,"column":0},"end":{"line":1,"column":52}},"1":{"start":{"line":2,"column":0},"end":{"line":2,"column":38}},"2":{"start":{"line":3,"column":0},"end":{"line":3,"column":43}},"3":{"start":{"line":4,"column":0},"end":{"line":4,"column":47}},"4":{"start":{"line":6,"column":0},"end":{"line":6,"column":31}},"5":{"start":{"line":7,"column":0},"end":{"line":7,"column":43}},"6":{"start":{"line":13,"column":24},"end":{"line":70,"column":1}},"7":{"start":{"line":14,"column":19},"end":{"line":14,"column":32}},"8":{"start":{"line":15,"column":41},"end":{"line":15,"column":55}},"9":{"start":{"line":18,"column":4},"end":{"line":27,"column":5}},"10":{"start":{"line":19,"column":6},"end":{"line":19,"column":73}},"11":{"start":{"line":20,"column":6},"end":{"line":20,"column":28}},"12":{"start":{"line":21,"column":6},"end":{"line":21,"column":70}},"13":{"start":{"line":22,"column":11},"end":{"line":27,"column":5}},"14":{"start":{"line":23,"column":6},"end":{"line":23,"column":73}},"15":{"start":{"line":24,"column":6},"end":{"line":24,"column":38}},"16":{"start":{"line":26,"column":6},"end":{"line":26,"column":27}},"17":{"start":{"line":30,"column":2},"end":{"line":69,"column":4}},"18":{"start":{"line":52,"column":14},"end":{"line":52,"column":48}},"19":{"start":{"line":13,"column":13},"end":{"line":13,"column":24}}},"fnMap":{"0":{"name":"(anonymous_0)","decl":{"start":{"line":13,"column":24},"end":{"line":13,"column":25}},"loc":{"start":{"line":13,"column":53},"end":{"line":70,"column":1}}},"1":{"name":"handleSeleccionarPlan","decl":{"start":{"line":17,"column":11},"end":{"line":17,"column":32}},"loc":{"start":{"line":17,"column":32},"end":{"line":28,"column":3}}},"2":{"name":"(anonymous_2)","decl":{"start":{"line":51,"column":38},"end":{"line":51,"column":39}},"loc":{"start":{"line":52,"column":14},"end":{"line":52,"column":48}}}},"branchMap":{"0":{"loc":{"start":{"line":18,"column":4},"end":{"line":27,"column":5}},"type":"if","locations":[{"start":{"line":18,"column":4},"end":{"line":27,"column":5}},{"start":{"line":22,"column":11},"end":{"line":27,"column":5}}]},"1":{"loc":{"start":{"line":18,"column":8},"end":{"line":18,"column":51}},"type":"binary-expr","locations":[{"start":{"line":18,"column":8},"end":{"line":18,"column":42}},{"start":{"line":18,"column":46},"end":{"line":18,"column":51}}]},"2":{"loc":{"start":{"line":22,"column":11},"end":{"line":27,"column":5}},"type":"if","locations":[{"start":{"line":22,"column":11},"end":{"line":27,"column":5}},{"start":{"line":25,"column":11},"end":{"line":27,"column":5}}]},"3":{"loc":{"start":{"line":22,"column":15},"end":{"line":22,"column":59}},"type":"binary-expr","locations":[{"start":{"line":22,"column":15},"end":{"line":22,"column":49}},{"start":{"line":22,"column":53},"end":{"line":22,"column":59}}]},"4":{"loc":{"start":{"line":38,"column":11},"end":{"line":44,"column":null}},"type":"cond-expr","locations":[{"start":{"line":39,"column":12},"end":{"line":41,"column":null}},{"start":{"line":44,"column":12},"end":{"line":44,"column":14}}]},"5":{"loc":{"start":{"line":41,"column":15},"end":{"line":41,"column":57}},"type":"cond-expr","locations":[{"start":{"line":41,"column":40},"end":{"line":41,"column":46}},{"start":{"line":41,"column":49},"end":{"line":41,"column":57}}]},"6":{"loc":{"start":{"line":63,"column":18},"end":{"line":63,"column":62}},"type":"binary-expr","locations":[{"start":{"line":63,"column":18},"end":{"line":63,"column":23}},{"start":{"line":63,"column":27},"end":{"line":63,"column":62}}]}},"s":{"0":0,"1":0,"2":0,"3":0,"4":0,"5":0,"6":0,"7":0,"8":0,"9":0,"10":0,"11":0,"12":0,"13":0,"14":0,"15":0,"16":0,"17":0,"18":0,"19":0},"f":{"0":0,"1":0,"2":0},"b":{"0":[0,0],"1":[0,0],"2":[0,0],"3":[0,0],"4":[0,0],"5":[0,0],"6":[0,0]}}
,"C:\\Users\\eduda\\workspace\\frontend-ezcommerce\\src\\components\\cards\\categories-card.tsx": {"path":"C:\\Users\\eduda\\workspace\\frontend-ezcommerce\\src\\components\\cards\\categories-card.tsx","statementMap":{"0":{"start":{"line":1,"column":0},"end":{"line":1,"column":43}},"1":{"start":{"line":12,"column":30},"end":{"line":35,"column":3}},"2":{"start":{"line":13,"column":21},"end":{"line":13,"column":34}},"3":{"start":{"line":14,"column":25},"end":{"line":14,"column":66}},"4":{"start":{"line":14,"column":31},"end":{"line":14,"column":66}},"5":{"start":{"line":16,"column":21},"end":{"line":16,"column":138}},"6":{"start":{"line":18,"column":4},"end":{"line":34,"column":6}},"7":{"start":{"line":20,"column":23},"end":{"line":20,"column":37}},"8":{"start":{"line":12,"column":13},"end":{"line":12,"column":30}}},"fnMap":{"0":{"name":"(anonymous_0)","decl":{"start":{"line":12,"column":30},"end":{"line":12,"column":31}},"loc":{"start":{"line":12,"column":102},"end":{"line":35,"column":3}}},"1":{"name":"(anonymous_1)","decl":{"start":{"line":14,"column":25},"end":{"line":14,"column":28}},"loc":{"start":{"line":14,"column":31},"end":{"line":14,"column":66}}},"2":{"name":"(anonymous_2)","decl":{"start":{"line":20,"column":17},"end":{"line":20,"column":20}},"loc":{"start":{"line":20,"column":23},"end":{"line":20,"column":37}}}},"branchMap":{"0":{"loc":{"start":{"line":16,"column":21},"end":{"line":16,"column":138}},"type":"cond-expr","locations":[{"start":{"line":16,"column":29},"end":{"line":16,"column":81}},{"start":{"line":16,"column":84},"end":{"line":16,"column":138}}]},"1":{"loc":{"start":{"line":19,"column":110},"end":{"line":19,"column":128}},"type":"cond-expr","locations":[{"start":{"line":19,"column":117},"end":{"line":19,"column":122}},{"start":{"line":19,"column":123},"end":{"line":19,"column":128}}]},"2":{"loc":{"start":{"line":21,"column":24},"end":{"line":21,"column":59}},"type":"cond-expr","locations":[{"start":{"line":21,"column":33},"end":{"line":21,"column":41}},{"start":{"line":21,"column":42},"end":{"line":21,"column":59}}]}},"s":{"0":1,"1":1,"2":11,"3":11,"4":2,"5":11,"6":11,"7":2,"8":1},"f":{"0":11,"1":2,"2":2},"b":{"0":[1,10],"1":[1,10],"2":[10,1]}}
[...]
":{"start":{"line":10,"column":0},"end":{"line":10,"column":48}},"4":{"start":{"line":11,"column":0},"end":{"line":11,"column":80}},"5":{"start":{"line":12,"column":0},"end":{"line":12,"column":null}},"6":{"start":{"line":19,"column":0},"end":{"line":19,"column":46}},"7":{"start":{"line":20,"column":0},"end":{"line":20,"column":54}},"8":{"start":{"line":21,"column":0},"end":{"line":21,"column":null}},"9":{"start":{"line":31,"column":0},"end":{"line":31,"column":44}},"10":{"start":{"line":32,"column":0},"end":{"line":32,"column":62}},"11":{"start":{"line":33,"column":0},"end":{"line":33,"column":41}},"12":{"start":{"line":34,"column":0},"end":{"line":34,"column":44}},"13":{"start":{"line":35,"column":0},"end":{"line":35,"column":52}},"14":{"start":{"line":36,"column":0},"end":{"line":36,"column":73}},"15":{"start":{"line":37,"column":0},"end":{"line":37,"column":40}},"16":{"start":{"line":38,"column":0},"end":{"line":38,"column":57}},"17":{"start":{"line":39,"column":0},"end":{"line":39,"column":59}},"18":{"start":{"line":40,"column":0},"end":{"line":40,"column":67}},"19":{"start":{"line":41,"column":0},"end":{"line":41,"column":43}},"20":{"start":{"line":49,"column":24},"end":{"line":49,"column":58}},"21":{"start":{"line":50,"column":34},"end":{"line":50,"column":45}},"22":{"start":{"line":51,"column":34},"end":{"line":51,"column":65}},"23":{"start":{"line":52,"column":36},"end":{"line":52,"column":60}},"24":{"start":{"line":53,"column":36},"end":{"line":53,"column":50}},"25":{"start":{"line":54,"column":30},"end":{"line":54,"column":52}},"26":{"start":{"line":56,"column":22},"end":{"line":56,"column":38}},"27":{"start":{"line":57,"column":42},"end":{"line":57,"column":64}},"28":{"start":{"line":60,"column":21},"end":{"line":69,"column":3}},"29":{"start":{"line":61,"column":4},"end":{"line":68,"column":5}},"30":{"start":{"line":62,"column":23},"end":{"line":62,"column":62}},"31":{"start":{"line":63,"column":6},"end":{"line":63,"column":55}},"32":{"start":{"line":63,"column":45},"end":{"line":63,"column":52}},"33":{"start":{"line":66,"column":6},"end":{"line":66,"column":27}},"34":{"start":{"line":67,"column":6},"end":{"line":67,"column":20}},"35":{"start":{"line":71,"column":2},"end":{"line":94,"column":18}},"36":{"start":{"line":72,"column":26},"end":{"line":88,"column":5}},"37":{"start":{"line":73,"column":6},"end":{"line":73,"column":25}},"38":{"start":{"line":74,"column":6},"end":{"line":87,"column":7}},"39":{"start":{"line":75,"column":25},"end":{"line":75,"column":46}},"40":{"start":{"line":76,"column":8},"end":{"line":76,"column":35}},"41":{"start":{"line":78,"column":34},"end":{"line":78,"column":54}},"42":{"start":{"line":79,"column":8},"end":{"line":79,"column":53}},"43":{"start":{"line":81,"column":8},"end":{"line":81,"column":35}},"44":{"start":{"line":82,"column":8},"end":{"line":82,"column":44}},"45":{"start":{"line":84,"column":8},"end":{"line":84,"column":29}},"46":{"start":{"line":86,"column":8},"end":{"line":86,"column":28}},"47":{"start":{"line":90,"column":4},"end":{"line":93,"column":5}},"48":{"start":{"line":91,"column":6},"end":{"line":91,"column":39}},"49":{"start":{"line":92,"column":6},"end":{"line":92,"column":19}},"50":{"start":{"line":96,"column":28},"end":{"line":100,"column":3}},"51":{"start":{"line":97,"column":4},"end":{"line":99,"column":5}},"52":{"start":{"line":98,"column":6},"end":{"line":98,"column":65}},"53":{"start":{"line":98,"column":28},"end":{"line":98,"column":63}},"54":{"start":{"line":101,"column":28},"end":{"line":101,"column":78}},"55":{"start":{"line":101,"column":34},"end":{"line":101,"column":78}},"56":{"start":{"line":101,"column":56},"end":{"line":101,"column":77}},"57":{"start":{"line":103,"column":2},"end":{"line":109,"column":3}},"58":{"start":{"line":104,"column":4},"end":{"line":108,"column":6}},"59":{"start":{"line":111,"column":26},"end":{"line":115,"column":3}},"60":{"start":{"line":112,"column":4},"end":{"line":114,"column":5}},"61":{"start":{"line":113,"column":6},"end":{"line":113,"column":37}},"62":{"start":{"line":117,"column":22},"end":{"line":117,"column":54}},"63":{"start":{"line":119,"column":21},"end":{"line":131,"column":null}},"64":{"start":{"line":120,"column":4},"end":{"line":130,"column":null}},"65":{"start":{"line":122,"column":8},"end":{"line":123,"column":null}},"66":{"start":{"line":134,"column":2},"end":{"line":140,"column":3}},"67":{"start":{"line":135,"column":4},"end":{"line":139,"column":6}},"68":{"start":{"line":142,"column":2},"end":{"line":418,"column":4}},"69":{"start":{"line":194,"column":16},"end":{"line":194,"column":45}},"70":{"start":{"line":270,"column":33},"end":{"line":270,"column":61}},"71":{"start":{"line":296,"column":18},"end":{"line":297,"column":null}},"72":{"start":{"line":344,"column":20},"end":{"line":344,"column":37}},"73":{"start":{"line":393,"column":14},"end":{"line":393,"column":null}},"74":{"start":{"line":421,"column":22},"end":{"line":431,"column":2}},"75":{"start":{"line":441,"column":26},"end":{"line":466,"column":2}}},"fnMap":{"0":{"name":"ProductDetailsPage","decl":{"start":{"line":48,"column":16},"end":{"line":48,"column":34}},"loc":{"start":{"line":48,"column":34},"end":{"line":419,"column":1}}},"1":{"name":"(anonymous_1)","decl":{"start":{"line":60,"column":21},"end":{"line":60,"column":26}},"loc":{"start":{"line":60,"column":32},"end":{"line":69,"column":3}}},"2":{"name":"(anonymous_2)","decl":{"start":{"line":63,"column":29},"end":{"line":63,"column":30}},"loc":{"start":{"line":63,"column":45},"end":{"line":63,"column":52}}},"3":{"name":"(anonymous_3)","decl":{"start":{"line":71,"column":12},"end":{"line":71,"column":15}},"loc":{"start":{"line":71,"column":17},"end":{"line":94,"column":3}}},"4":{"name":"(anonymous_4)","decl":{"start":{"line":72,"column":26},"end":{"line":72,"column":31}},"loc":{"start":{"line":72,"column":47},"end":{"line":88,"column":5}}},"5":{"name":"(anonymous_5)","decl":{"start":{"line":96,"column":28},"end":{"line":96,"column":31}},"loc":{"start":{"line":96,"column":33},"end":{"line":100,"column":3}}},"6":{"name":"(anonymous_6)","decl":{"start":{"line":98,"column":18},"end":{"line":98,"column":19}},"loc":{"start":{"line":98,"column":28},"end":{"line":98,"column":63}}},"7":{"name":"(anonymous_7)","decl":{"start":{"line":101,"column":28},"end":{"line":101,"column":31}},"loc":{"start":{"line":101,"column":34},"end":{"line":101,"column":78}}},"8":{"name":"(anonymous_8)","decl":{"start":{"line":101,"column":46},"end":{"line":101,"column":47}},"loc":{"start":{"line":101,"column":56},"end":{"line":101,"column":77}}},"9":{"name":"(anonymous_9)","decl":{"start":{"line":111,"column":26},"end":{"line":111,"column":29}},"loc":{"start":{"line":111,"column":31},"end":{"line":115,"column":3}}},"10":{"name":"(anonymous_10)","decl":{"start":{"line":119,"column":21},"end":{"line":119,"column":22}},"loc":{"start":{"line":120,"column":4},"end":{"line":130,"column":null}}},"11":{"name":"(anonymous_11)","decl":{"start":{"line":121,"column":27},"end":{"line":121,"column":28}},"loc":{"start":{"line":122,"column":8},"end":{"line":123,"column":null}}},"12":{"name":"(anonymous_12)","decl":{"start":{"line":193,"column":35},"end":{"line":193,"column":36}},"loc":{"start":{"line":194,"column":16},"end":{"line":194,"column":45}}},"13":{"name":"(anonymous_13)","decl":{"start":{"line":270,"column":27},"end":{"line":270,"column":30}},"loc":{"start":{"line":270,"column":33},"end":{"line":270,"column":61}}},"14":{"name":"(anonymous_14)","decl":{"start":{"line":295,"column":31},"end":{"line":295,"column":32}},"loc":{"start":{"line":296,"column":18},"end":{"line":297,"column":null}}},"15":{"name":"(anonymous_15)","decl":{"start":{"line":343,"column":50},"end":{"line":343,"column":51}},"loc":{"start":{"line":344,"column":20},"end":{"line":344,"column":37}}},"16":{"name":"(anonymous_16)","decl":{"start":{"line":392,"column":25},"end":{"line":392,"column":26}},"loc":{"start":{"line":393,"column":14},"end":{"line":393,"column":null}}}},"branchMap":{"0":{"loc":{"start":{"line":90,"column":4},"end":{"line":93,"column":5}},"type":"if","locations":[{"start":{"line":90,"column":4},"end":{"line":93,"column":5}},{"start":{},"end":{}}]},"1":{"loc":{"start":{"line":97,"column":4},"end":{"line":99,"column":5}},"type":"if","locations":[{"start":{"line":97,"column":4},"end":{"line":99,"column":5}},{"start":{},"end":{}}]},"2":{"loc":{"start":{"line":103,"column":2},"end":{"line":109,"column":3}},"type":"if","locations":[{"start":{"line":103,"column":2},"end":{"line":109,"column":3}},{"start":{},"end":{}}]},"3":{"loc":{"start":{"line":112,"column":4},"end":{"line":114,"column":5}},"type":"if","locations":[{"start":{"line":112,"column":4},"end":{"line":114,"column":5}},{"start":{},"end":{}}]},"4":{"loc":{"start":{"line":125,"column":12},"end":{"line":127,"column":null}},"type":"cond-expr","locations":[{"start":{"line":126,"column":16},"end":{"line":126,"column":47}},{"start":{"line":127,"column":16},"end":{"line":127,"column":null}}]},"5":{"loc":{"start":{"line":134,"column":2},"end":{"line":140,"column":3}},"type":"if","locations":[{"start":{"line":134,"column":2},"end":{"line":140,"column":3}},{"start":{},"end":{}}]},"6":{"loc":{"start":{"line":198,"column":29},"end":{"line":198,"column":55}},"type":"binary-expr","locations":[{"start":{"line":198,"column":29},"end":{"line":198,"column":32}},{"start":{"line":198,"column":36},"end":{"line":198,"column":55}}]},"7":{"loc":{"start":{"line":269,"column":43},"end":{"line":269,"column":76}},"type":"cond-expr","locations":[{"start":{"line":269,"column":57},"end":{"line":269,"column":71}},{"start":{"line":269,"column":74},"end":{"line":269,"column":76}}]},"8":{"loc":{"start":{"line":272,"column":47},"end":{"line":272,"column":80}},"type":"cond-expr","locations":[{"start":{"line":272,"column":61},"end":{"line":272,"column":75}},{"start":{"line":272,"column":78},"end":{"line":272,"column":80}}]},"9":{"loc":{"start":{"line":301,"column":26},"end":{"line":301,"column":41}},"type":"binary-expr","locations":[{"start":{"line":301,"column":26},"end":{"line":301,"column":36}},{"start":{"line":301,"column":40},"end":{"line":301,"column":41}}]}},"s":{"0":0,"1":0,"2":0,"3":0,"4":0,"5":0,"6":0,"7":0,"8":0,"9":0,"10":0,"11":0,"12":0,"13":0,"14":0,"15":0,"16":0,"17":0,"18":0,"19":0,"20":0,"21":0,"22":0,"23":0,"24":0,"25":0,"26":0,"27":0,"28":0,"29":0,"30":0,"31":0,"32":0,"33":0,"34":0,"35":0,"36":0,"37":0,"38":0,"39":0,"40":0,"41":0,"42":0,"43":0,"44":0,"45":0,"46":0,"47":0,"48":0,"49":0,"50":0,"51":0,"52":0,"53":0,"54":0,"55":0,"56":0,"57":0,"58":0,"59":0,"60":0,"61":0,"62":0,"63":0,"64":0,"65":0,"66":0,"67":0,"68":0,"69":0,"70":0,"71":0,"72":0,"73":0,"74":0,"75":0},"f":{"0":0,"1":0,"2":0,"3":0,"4":0,"5":0,"6":0,"7":0,"8":0,"9":0,"10":0,"11":0,"12":0,"13":0,"14":0,"15":0,"16":0},"b":{"0":[0,0],"1":[0,0],"2":[0,0],"3":[0,0],"4":[0,0],"5":[0,0],"6":[0,0],"7":[0,0],"8":[0,0],"9":[0,0]}}
,"C:\\Users\\eduda\\workspace\\frontend-ezcommerce\\src\\pages\\Epica06\\PurchaseHistoryPage.tsx": {"path":"C:\\Users\\eduda\\workspace\\frontend-ezcommerce\\src\\pages\\Epica06\\PurchaseHistoryPage.tsx","statementMap":{"0":{"start":{"line":12,"column":0},"end":{"line":12,"column":16}},"1":{"start":{"line":1,"column":0},"end":{"line":1,"column":null}},"2":{"start":{"line":8,"column":0},"end":{"line":8,"column":44}},"3":{"start":{"line":9,"column":0},"end":{"line":9,"column":40}},"4":{"start":{"line":10,"column":0},"end":{"line":10,"column":46}},"5":{"start":{"line":13,"column":2},"end":{"line":39,"column":4}}},"fnMap":{"0":{"name":"PurchaseHistoryPage","decl":{"start":{"line":12,"column":16},"end":{"line":12,"column":35}},"loc":{"start":{"line":12,"column":35},"end":{"line":40,"column":1}}}},"branchMap":{},"s":{"0":0,"1":0,"2":0,"3":0,"4":0,"5":0},"f":{"0":0},"b":{}}
,"C:\\Users\\eduda\\workspace\\frontend-ezcommerce\\src\\pages\\Epica06\\PurchaseManagementPage.tsx": {"path":"C:\\Users\\eduda\\workspace\\frontend-ezcommerce\\src\\pages\\Epica06\\PurchaseManagementPage.tsx","statementMap":{"0":{"start":{"line":5,"column":0},"end":{"line":5,"column":16}},"1":{"start":{"line":1,"column":0},"end":{"line":1,"column":44}},"2":{"start":{"line":2,"column":0},"end":{"line":2,"column":61}},"3":{"start":{"line":3,"column":0},"end":{"line":3,"column":44}},"4":{"start":{"line":6,"column":19},"end":{"line":6,"column":32}},"5":{"start":{"line":7,"column":19},"end":{"line":7,"column":63}},"6":{"start":{"line":9,"column":2},"end":{"line":40,"column":4}}},"fnMap":{"0":{"name":"PurchaseManagementPage","decl":{"start":{"line":5,"column":16},"end":{"line":5,"column":38}},"loc":{"start":{"line":5,"column":38},"end":{"line":41,"column":1}}}},"branchMap":{"0":{"loc":{"start":{"line":14,"column":7},"end":{"line":36,"column":null}},"type":"binary-expr","locations":[{"start":{"line":14,"column":7},"end":{"line":14,"column":15}},{"start":{"line":15,"column":8},"end":{"line":35,"column":null}}]}},"s":{"0":0,"1":0,"2":0,"3":0,"4":0,"5":0,"6":0},"f":{"0":0},"b":{"0":[0,0]}}
,"C:\\Users\\eduda\\workspace\\frontend-ezcommerce\\src\\pages\\Epica06\\TableHistory.tsx": {"path":"C:\\Users\\eduda\\workspace\\frontend-ezcommerce\\src\\pages\\Epica06\\TableHistory.tsx","statementMap":{"0":{"start":{"line":41,"column":0},"end":{"line":41,"column":16}},"1":{"start":{"line":1,"column":0},"end":{"line":1,"column":null}},"2":{"start":{"line":11,"column":0},"end":{"line":11,"column":40}},"3":{"start":{"line":12,"column":0},"end":{"line":12,"column":44}},"4":{"start":{"line":14,"column":17},"end":{"line":39,"column":2}},"5":{"start":{"line":42,"column":2},"end":{"line":78,"column":4}},"6":{"start":{"line":58,"column":10},"end":{"line":58,"column":null}}},"fnMap":{"0":{"name":"TableHistory","decl":{"start":{"line":41,"column":16},"end":{"line":41,"column":28}},"loc":{"start":{"line":41,"column":28},"end":{"line":79,"column":1}}},"1":{"name":"(anonymous_1)","decl":{"start":{"line":57,"column":22},"end":{"line":57,"column":23}},"loc":{"start":{"line":58,"column":10},"end":{"line":58,"column":null}}}},"branchMap":{},"s":{"0":0,"1":0,"2":0,"3":0,"4":0,"5":0,"6":0},"f":{"0":0,"1":0},"b":{}}
,"C:\\Users\\eduda\\workspace\\frontend-ezcommerce\\src\\pages\\Epica08\\ContactPage.tsx": {"path":"C:\\Users\\eduda\\workspace\\frontend-ezcommerce\\src\\pages\\Epica08\\ContactPage.tsx","statementMap":{"0":{"start":{"line":1,"column":0},"end":{"line":1,"column":47}},"1":{"start":{"line":2,"column":0},"end":{"line":2,"column":79}},"2":{"start":{"line":3,"column":0},"end":{"line":3,"column":45}},"3":{"start":{"line":4,"column":0},"end":{"line":4,"column":45}},"4":{"start":{"line":5,"column":0},"end":{"line":5,"column":102}},"5":{"start":{"line":6,"column":0},"end":{"line":6,"column":51}},"6":{"start":{"line":7,"column":0},"end":{"line":7,"column":53}},"7":{"start":{"line":8,"column":0},"end":{"line":8,"column":44}},"8":{"start":{"line":9,"column":0},"end":{"line":9,"column":41}},"9":{"start":{"line":10,"column":0},"end":{"line":10,"column":23}},"10":{"start":{"line":13,"column":19},"end":{"line":20,"column":2}},"11":{"start":{"line":25,"column":27},"end":{"line":138,"column":1}},"12":{"start":{"line":27,"column":17},"end":{"line":37,"column":6}},"13":{"start":{"line":39,"column":21},"end":{"line":41,"column":5}},"14":{"start":{"line":40,"column":8},"end":{"line":40,"column":61}},"15":{"start":{"line":43,"column":2},"end":{"line":137,"column":null}},"16":{"start":{"line":92,"column":54},"end":{"line":92,"column":87}},"17":{"start":{"line":25,"column":13},"end":{"line":25,"column":27}}},"fnMap":{"0":{"name":"(anonymous_0)","decl":{"start":{"line":25,"column":27},"end":{"line":25,"column":30}},"loc":{"start":{"line":25,"column":32},"end":{"line":138,"column":1}}},"1":{"name":"(anonymous_1)","decl":{"start":{"line":39,"column":21},"end":{"line":39,"column":22}},"loc":{"start":{"line":39,"column":44},"end":{"line":41,"column":5}}},"2":{"name":"(anonymous_2)","decl":{"start":{"line":92,"column":43},"end":{"line":92,"column":44}},"loc":{"start":{"line":92,"column":54},"end":{"line":92,"column":87}}}},"branchMap":{},"s":{"0":0,"1":0,"2":0,"3":0,"4":0,"5":0,"6":0,"7":0,"8":0,"9":0,"10":0,"11":0,"12":0,"13":0,"14":0,"15":0,"16":0,"17":0},"f":{"0":0,"1":0,"2":0},"b":{}}
,"C:\\Users\\eduda\\workspace\\frontend-ezcommerce\\src\\utils\\helpers.ts": {"path":"C:\\Users\\eduda\\workspace\\frontend-ezcommerce\\src\\utils\\helpers.ts","statementMap":{"0":{"start":{"line":5,"column":0},"end":{"line":5,"column":7}},"1":{"start":{"line":20,"column":0},"end":{"line":20,"column":7}},"2":{"start":{"line":1,"column":0},"end":{"line":1,"column":81}},"3":{"start":{"line":2,"column":0},"end":{"line":2,"column":45}},"4":{"start":{"line":3,"column":0},"end":{"line":3,"column":24}},"5":{"start":{"line":6,"column":2},"end":{"line":6,"column":29}},"6":{"start":{"line":6,"column":17},"end":{"line":6,"column":29}},"7":{"start":{"line":8,"column":2},"end":{"line":17,"column":3}},"8":{"start":{"line":9,"column":22},"end":{"line":9,"column":40}},"9":{"start":{"line":10,"column":20},"end":{"line":10,"column":81}},"10":{"start":{"line":11,"column":4},"end":{"line":11,"column":41}},"11":{"start":{"line":12,"column":20},"end":{"line":12,"column":49}},"12":{"start":{"line":13,"column":4},"end":{"line":13,"column":19}},"13":{"start":{"line":15,"column":4},"end":{"line":15,"column":75}},"14":{"start":{"line":16,"column":4},"end":{"line":16,"column":16}},"15":{"start":{"line":21,"column":2},"end":{"line":27,"column":3}},"16":{"start":{"line":22,"column":20},"end":{"line":22,"column":41}},"17":{"start":{"line":23,"column":4},"end":{"line":23,"column":32}},"18":{"start":{"line":24,"column":4},"end":{"line":24,"column":61}},"19":{"start":{"line":26,"column":4},"end":{"line":26,"column":57}}},"fnMap":{"0":{"name":"getFileURL","decl":{"start":{"line":5,"column":22},"end":{"line":5,"column":32}},"loc":{"start":{"line":5,"column":67},"end":{"line":18,"column":1}}},"1":{"name":"deleteFileFromFirebase","decl":{"start":{"line":20,"column":22},"end":{"line":20,"column":44}},"loc":{"start":{"line":20,"column":60},"end":{"line":28,"column":1}}}},"branchMap":{"0":{"loc":{"start":{"line":6,"column":2},"end":{"line":6,"column":29}},"type":"if","locations":[{"start":{"line":6,"column":2},"end":{"line":6,"column":29}},{"start":{},"end":{}}]}},"s":{"0":0,"1":0,"2":0,"3":0,"4":0,"5":0,"6":0,"7":0,"8":0,"9":0,"10":0,"11":0,"12":0,"13":0,"14":0,"15":0,"16":0,"17":0,"18":0,"19":0},"f":{"0":0,"1":0},"b":{"0":[0,0]}}
,"C:\\Users\\eduda\\workspace\\frontend-ezcommerce\\src\\utils\\strings.ts": {"path":"C:\\Users\\eduda\\workspace\\frontend-ezcommerce\\src\\utils\\strings.ts","statementMap":{"0":{"start":{"line":1,"column":30},"end":{"line":6,"column":1}},"1":{"start":{"line":2,"column":4},"end":{"line":4,"column":5}},"2":{"start":{"line":3,"column":8},"end":{"line":3,"column":48}},"3":{"start":{"line":5,"column":4},"end":{"line":5,"column":16}},"4":{"start":{"line":1,"column":13},"end":{"line":1,"column":30}},"5":{"start":{"line":8,"column":20},"end":{"line":9,"column":66}},"6":{"start":{"line":9,"column":2},"end":{"line":9,"column":66}},"7":{"start":{"line":9,"column":38},"end":{"line":9,"column":62}},"8":{"start":{"line":8,"column":13},"end":{"line":8,"column":20}}},"fnMap":{"0":{"name":"(anonymous_0)","decl":{"start":{"line":1,"column":30},"end":{"line":1,"column":31}},"loc":{"start":{"line":1,"column":74},"end":{"line":6,"column":1}}},"1":{"name":"(anonymous_1)","decl":{"start":{"line":8,"column":20},"end":{"line":8,"column":21}},"loc":{"start":{"line":9,"column":2},"end":{"line":9,"column":66}}},"2":{"name":"(anonymous_2)","decl":{"start":{"line":9,"column":23},"end":{"line":9,"column":24}},"loc":{"start":{"line":9,"column":38},"end":{"line":9,"column":62}}}},"branchMap":{"0":{"loc":{"start":{"line":2,"column":4},"end":{"line":4,"column":5}},"type":"if","locations":[{"start":{"line":2,"column":4},"end":{"line":4,"column":5}},{"start":{},"end":{}}]}},"s":{"0":0,"1":0,"2":0,"3":0,"4":0,"5":0,"6":0,"7":0,"8":0},"f":{"0":0,"1":0,"2":0},"b":{"0":[0,0]}}
}
