{"/Users/jzegarram/metod/frontend-ezcommerce/src/api/api.ts": {"path":"/Users/jzegarram/metod/frontend-ezcommerce/src/api/api.ts","statementMap":{"0":{"start":{"line":1,"column":0},"end":{"line":1,"column":67}},"1":{"start":{"line":3,"column":0},"end":{"line":3,"column":55}},"2":{"start":{"line":4,"column":0},"end":{"line":4,"column":44}},"3":{"start":{"line":5,"column":13},"end":{"line":5,"column":42}},"4":{"start":{"line":11,"column":4},"end":{"line":13,"column":7}},"5":{"start":{"line":7,"column":0},"end":{"line":7,"column":13}},"6":{"start":{"line":19,"column":4},"end":{"line":19,"column":19}},"7":{"start":{"line":20,"column":4},"end":{"line":20,"column":27}},"8":{"start":{"line":24,"column":4},"end":{"line":30,"column":7}},"9":{"start":{"line":25,"column":36},"end":{"line":25,"column":88}},"10":{"start":{"line":26,"column":6},"end":{"line":28,"column":7}},"11":{"start":{"line":27,"column":8},"end":{"line":27,"column":65}},"12":{"start":{"line":29,"column":6},"end":{"line":29,"column":20}},"13":{"start":{"line":32,"column":4},"end":{"line":57,"column":6}},"14":{"start":{"line":33,"column":20},"end":{"line":33,"column":28}},"15":{"start":{"line":35,"column":32},"end":{"line":35,"column":44}},"16":{"start":{"line":37,"column":8},"end":{"line":53,"column":9}},"17":{"start":{"line":38,"column":10},"end":{"line":38,"column":40}},"18":{"start":{"line":40,"column":10},"end":{"line":52,"column":11}},"19":{"start":{"line":41,"column":30},"end":{"line":41,"column":56}},"20":{"start":{"line":42,"column":12},"end":{"line":45,"column":13}},"21":{"start":{"line":43,"column":14},"end":{"line":43,"column":83}},"22":{"start":{"line":44,"column":14},"end":{"line":44,"column":52}},"23":{"start":{"line":46,"column":12},"end":{"line":46,"column":21}},"24":{"start":{"line":47,"column":12},"end":{"line":47,"column":90}},"25":{"start":{"line":49,"column":12},"end":{"line":49,"column":56}},"26":{"start":{"line":50,"column":12},"end":{"line":50,"column":21}},"27":{"start":{"line":51,"column":12},"end":{"line":51,"column":69}},"28":{"start":{"line":55,"column":8},"end":{"line":55,"column":59}},"29":{"start":{"line":17,"column":0},"end":{"line":17,"column":13}}},"fnMap":{"0":{"name":"(anonymous_1)","decl":{"start":{"line":10,"column":2},"end":{"line":10,"column":14}},"loc":{"start":{"line":10,"column":29},"end":{"line":14,"column":3}}},"1":{"name":"(anonymous_2)","decl":{"start":{"line":18,"column":2},"end":{"line":18,"column":14}},"loc":{"start":{"line":18,"column":29},"end":{"line":21,"column":3}}},"2":{"name":"(anonymous_3)","decl":{"start":{"line":23,"column":2},"end":{"line":23,"column":17}},"loc":{"start":{"line":23,"column":17},"end":{"line":58,"column":3}}},"3":{"name":"(anonymous_4)","decl":{"start":{"line":24,"column":43},"end":{"line":24,"column":44}},"loc":{"start":{"line":24,"column":54},"end":{"line":30,"column":5}}},"4":{"name":"(anonymous_5)","decl":{"start":{"line":33,"column":6},"end":{"line":33,"column":7}},"loc":{"start":{"line":33,"column":20},"end":{"line":33,"column":28}}},"5":{"name":"(anonymous_6)","decl":{"start":{"line":34,"column":6},"end":{"line":34,"column":11}},"loc":{"start":{"line":34,"column":22},"end":{"line":56,"column":7}}}},"branchMap":{"0":{"loc":{"start":{"line":25,"column":47},"end":{"line":25,"column":87}},"type":"binary-expr","locations":[{"start":{"line":25,"column":47},"end":{"line":25,"column":77}},{"start":{"line":25,"column":81},"end":{"line":25,"column":87}}]},"1":{"loc":{"start":{"line":26,"column":6},"end":{"line":28,"column":7}},"type":"if","locations":[{"start":{"line":26,"column":6},"end":{"line":28,"column":7}}]},"2":{"loc":{"start":{"line":37,"column":8},"end":{"line":53,"column":9}},"type":"if","locations":[{"start":{"line":37,"column":8},"end":{"line":53,"column":9}}]},"3":{"loc":{"start":{"line":37,"column":12},"end":{"line":37,"column":69}},"type":"binary-expr","locations":[{"start":{"line":37,"column":12},"end":{"line":37,"column":42}},{"start":{"line":37,"column":46},"end":{"line":37,"column":69}}]},"4":{"loc":{"start":{"line":42,"column":12},"end":{"line":45,"column":13}},"type":"if","locations":[{"start":{"line":42,"column":12},"end":{"line":45,"column":13}}]}},"s":{"0":5,"1":5,"2":5,"3":5,"4":21,"5":5,"6":17,"7":17,"8":17,"9":4,"10":3,"11":1,"12":3,"13":17,"14":1,"15":3,"16":3,"17":0,"18":0,"19":0,"20":0,"21":0,"22":0,"23":0,"24":0,"25":0,"26":0,"27":0,"28":3,"29":5},"f":{"0":21,"1":17,"2":17,"3":4,"4":1,"5":3},"b":{"0":[4,0],"1":[1],"2":[0],"3":[3,1],"4":[0]}}
,"/Users/jzegarram/metod/frontend-ezcommerce/src/api/apiArticulos.ts": {"path":"/Users/jzegarram/metod/frontend-ezcommerce/src/api/apiArticulos.ts","statementMap":{"0":{"start":{"line":1,"column":0},"end":{"line":1,"column":55}},"1":{"start":{"line":2,"column":0},"end":{"line":2,"column":26}},"2":{"start":{"line":4,"column":13},"end":{"line":4,"column":57}},"3":{"start":{"line":19,"column":21},"end":{"line":21,"column":2}},"4":{"start":{"line":24,"column":0},"end":{"line":41,"column":2}},"5":{"start":{"line":26,"column":19},"end":{"line":26,"column":69}},"6":{"start":{"line":27,"column":24},"end":{"line":27,"column":46}},"7":{"start":{"line":29,"column":4},"end":{"line":33,"column":5}},"8":{"start":{"line":30,"column":6},"end":{"line":30,"column":61}},"9":{"start":{"line":32,"column":6},"end":{"line":32,"column":44}},"10":{"start":{"line":34,"column":4},"end":{"line":34,"column":18}},"11":{"start":{"line":37,"column":4},"end":{"line":39,"column":6}},"12":{"start":{"line":43,"column":28},"end":{"line":45,"column":1}},"13":{"start":{"line":44,"column":2},"end":{"line":44,"column":31}},"14":{"start":{"line":43,"column":13},"end":{"line":43,"column":28}},"15":{"start":{"line":47,"column":30},"end":{"line":49,"column":1}},"16":{"start":{"line":48,"column":2},"end":{"line":48,"column":42}},"17":{"start":{"line":47,"column":13},"end":{"line":47,"column":30}},"18":{"start":{"line":51,"column":30},"end":{"line":53,"column":1}},"19":{"start":{"line":52,"column":2},"end":{"line":52,"column":47}},"20":{"start":{"line":51,"column":13},"end":{"line":51,"column":30}},"21":{"start":{"line":55,"column":30},"end":{"line":57,"column":1}},"22":{"start":{"line":56,"column":2},"end":{"line":56,"column":40}},"23":{"start":{"line":55,"column":13},"end":{"line":55,"column":30}},"24":{"start":{"line":59,"column":27},"end":{"line":61,"column":1}},"25":{"start":{"line":60,"column":2},"end":{"line":60,"column":36}},"26":{"start":{"line":59,"column":13},"end":{"line":59,"column":27}},"27":{"start":{"line":63,"column":37},"end":{"line":65,"column":1}},"28":{"start":{"line":64,"column":2},"end":{"line":64,"column":68}},"29":{"start":{"line":63,"column":13},"end":{"line":63,"column":37}}},"fnMap":{"0":{"name":"(anonymous_1)","decl":{"start":{"line":25,"column":2},"end":{"line":25,"column":3}},"loc":{"start":{"line":25,"column":13},"end":{"line":35,"column":3}}},"1":{"name":"(anonymous_2)","decl":{"start":{"line":36,"column":2},"end":{"line":36,"column":3}},"loc":{"start":{"line":36,"column":12},"end":{"line":40,"column":3}}},"2":{"name":"(anonymous_3)","decl":{"start":{"line":43,"column":28},"end":{"line":43,"column":31}},"loc":{"start":{"line":43,"column":33},"end":{"line":45,"column":1}}},"3":{"name":"(anonymous_4)","decl":{"start":{"line":47,"column":30},"end":{"line":47,"column":31}},"loc":{"start":{"line":47,"column":53},"end":{"line":49,"column":1}}},"4":{"name":"(anonymous_5)","decl":{"start":{"line":51,"column":30},"end":{"line":51,"column":31}},"loc":{"start":{"line":51,"column":65},"end":{"line":53,"column":1}}},"5":{"name":"(anonymous_6)","decl":{"start":{"line":55,"column":30},"end":{"line":55,"column":31}},"loc":{"start":{"line":55,"column":45},"end":{"line":57,"column":1}}},"6":{"name":"(anonymous_7)","decl":{"start":{"line":59,"column":27},"end":{"line":59,"column":28}},"loc":{"start":{"line":59,"column":42},"end":{"line":61,"column":1}}},"7":{"name":"(anonymous_8)","decl":{"start":{"line":63,"column":37},"end":{"line":63,"column":38}},"loc":{"start":{"line":63,"column":59},"end":{"line":65,"column":1}}}},"branchMap":{"0":{"loc":{"start":{"line":26,"column":30},"end":{"line":26,"column":68}},"type":"binary-expr","locations":[{"start":{"line":26,"column":30},"end":{"line":26,"column":60}},{"start":{"line":26,"column":64},"end":{"line":26,"column":68}}]},"1":{"loc":{"start":{"line":27,"column":24},"end":{"line":27,"column":46}},"type":"binary-expr","locations":[{"start":{"line":27,"column":24},"end":{"line":27,"column":38}},{"start":{"line":27,"column":42},"end":{"line":27,"column":46}}]},"2":{"loc":{"start":{"line":29,"column":4},"end":{"line":33,"column":5}},"type":"if","locations":[{"start":{"line":29,"column":4},"end":{"line":33,"column":5}},{"start":{"line":31,"column":11},"end":{"line":33,"column":5}}]},"3":{"loc":{"start":{"line":38,"column":6},"end":{"line":38,"column":77}},"type":"cond-expr","locations":[{"start":{"line":38,"column":31},"end":{"line":38,"column":36}},{"start":{"line":38,"column":39},"end":{"line":38,"column":77}}]}},"s":{"0":1,"1":1,"2":1,"3":1,"4":1,"5":0,"6":0,"7":0,"8":0,"9":0,"10":0,"11":0,"12":1,"13":2,"14":1,"15":1,"16":1,"17":1,"18":1,"19":1,"20":1,"21":1,"22":1,"23":1,"24":1,"25":1,"26":1,"27":1,"28":1,"29":1},"f":{"0":0,"1":0,"2":2,"3":1,"4":1,"5":1,"6":1,"7":1},"b":{"0":[0,0],"1":[0,0],"2":[0,0],"3":[0,0]}}
,"/Users/jzegarram/metod/frontend-ezcommerce/src/api/apiCatalogos.ts": {"path":"/Users/jzegarram/metod/frontend-ezcommerce/src/api/apiCatalogos.ts","statementMap":{"0":{"start":{"line":1,"column":0},"end":{"line":1,"column":55}},"1":{"start":{"line":2,"column":0},"end":{"line":2,"column":26}},"2":{"start":{"line":4,"column":13},"end":{"line":4,"column":57}},"3":{"start":{"line":6,"column":21},"end":{"line":8,"column":2}},"4":{"start":{"line":10,"column":30},"end":{"line":12,"column":1}},"5":{"start":{"line":11,"column":4},"end":{"line":11,"column":58}},"6":{"start":{"line":10,"column":13},"end":{"line":10,"column":30}},"7":{"start":{"line":14,"column":30},"end":{"line":16,"column":1}},"8":{"start":{"line":15,"column":4},"end":{"line":15,"column":38}},"9":{"start":{"line":14,"column":13},"end":{"line":14,"column":30}}},"fnMap":{"0":{"name":"(anonymous_1)","decl":{"start":{"line":10,"column":30},"end":{"line":10,"column":31}},"loc":{"start":{"line":10,"column":52},"end":{"line":12,"column":1}}},"1":{"name":"(anonymous_2)","decl":{"start":{"line":14,"column":30},"end":{"line":14,"column":31}},"loc":{"start":{"line":14,"column":44},"end":{"line":16,"column":1}}}},"branchMap":{},"s":{"0":1,"1":1,"2":1,"3":1,"4":1,"5":2,"6":1,"7":1,"8":1,"9":1},"f":{"0":2,"1":1},"b":{}}
,"/Users/jzegarram/metod/frontend-ezcommerce/src/api/apiEtiquetas.ts": {"path":"/Users/jzegarram/metod/frontend-ezcommerce/src/api/apiEtiquetas.ts","statementMap":{"0":{"start":{"line":1,"column":0},"end":{"line":1,"column":55}},"1":{"start":{"line":2,"column":0},"end":{"line":2,"column":26}},"2":{"start":{"line":4,"column":13},"end":{"line":4,"column":57}},"3":{"start":{"line":13,"column":21},"end":{"line":15,"column":2}},"4":{"start":{"line":17,"column":28},"end":{"line":19,"column":1}},"5":{"start":{"line":18,"column":4},"end":{"line":18,"column":33}},"6":{"start":{"line":17,"column":13},"end":{"line":17,"column":28}}},"fnMap":{"0":{"name":"(anonymous_1)","decl":{"start":{"line":17,"column":28},"end":{"line":17,"column":31}},"loc":{"start":{"line":17,"column":33},"end":{"line":19,"column":1}}}},"branchMap":{},"s":{"0":1,"1":1,"2":1,"3":1,"4":1,"5":2,"6":1},"f":{"0":2},"b":{}}
,"/Users/jzegarram/metod/frontend-ezcommerce/src/api/apiFacultades.ts": {"path":"/Users/jzegarram/metod/frontend-ezcommerce/src/api/apiFacultades.ts","statementMap":{"0":{"start":{"line":1,"column":0},"end":{"line":1,"column":55}},"1":{"start":{"line":2,"column":0},"end":{"line":2,"column":26}},"2":{"start":{"line":4,"column":13},"end":{"line":4,"column":58}},"3":{"start":{"line":12,"column":22},"end":{"line":14,"column":2}},"4":{"start":{"line":16,"column":32},"end":{"line":18,"column":1}},"5":{"start":{"line":17,"column":4},"end":{"line":17,"column":48}},"6":{"start":{"line":16,"column":13},"end":{"line":16,"column":32}}},"fnMap":{"0":{"name":"(anonymous_1)","decl":{"start":{"line":16,"column":32},"end":{"line":16,"column":33}},"loc":{"start":{"line":16,"column":48},"end":{"line":18,"column":1}}}},"branchMap":{},"s":{"0":1,"1":1,"2":1,"3":1,"4":1,"5":2,"6":1},"f":{"0":2},"b":{}}
,"/Users/jzegarram/metod/frontend-ezcommerce/src/api/apiImages.ts": {"path":"/Users/jzegarram/metod/frontend-ezcommerce/src/api/apiImages.ts","statementMap":{"0":{"start":{"line":1,"column":0},"end":{"line":1,"column":26}},"1":{"start":{"line":2,"column":0},"end":{"line":2,"column":32}},"2":{"start":{"line":10,"column":18},"end":{"line":12,"column":2}},"3":{"start":{"line":15,"column":0},"end":{"line":31,"column":2}},"4":{"start":{"line":17,"column":19},"end":{"line":17,"column":69}},"5":{"start":{"line":18,"column":24},"end":{"line":18,"column":46}},"6":{"start":{"line":20,"column":4},"end":{"line":22,"column":5}},"7":{"start":{"line":21,"column":6},"end":{"line":21,"column":61}},"8":{"start":{"line":24,"column":4},"end":{"line":24,"column":18}},"9":{"start":{"line":27,"column":4},"end":{"line":29,"column":6}},"10":{"start":{"line":34,"column":28},"end":{"line":36,"column":1}},"11":{"start":{"line":35,"column":4},"end":{"line":35,"column":30}},"12":{"start":{"line":34,"column":13},"end":{"line":34,"column":28}},"13":{"start":{"line":38,"column":24},"end":{"line":40,"column":1}},"14":{"start":{"line":39,"column":4},"end":{"line":39,"column":48}},"15":{"start":{"line":38,"column":13},"end":{"line":38,"column":24}},"16":{"start":{"line":42,"column":27},"end":{"line":44,"column":1}},"17":{"start":{"line":43,"column":4},"end":{"line":43,"column":38}},"18":{"start":{"line":42,"column":13},"end":{"line":42,"column":27}},"19":{"start":{"line":46,"column":27},"end":{"line":48,"column":1}},"20":{"start":{"line":47,"column":4},"end":{"line":47,"column":43}},"21":{"start":{"line":46,"column":13},"end":{"line":46,"column":27}},"22":{"start":{"line":50,"column":27},"end":{"line":52,"column":1}},"23":{"start":{"line":51,"column":4},"end":{"line":51,"column":39}},"24":{"start":{"line":50,"column":13},"end":{"line":50,"column":27}}},"fnMap":{"0":{"name":"(anonymous_1)","decl":{"start":{"line":16,"column":2},"end":{"line":16,"column":3}},"loc":{"start":{"line":16,"column":13},"end":{"line":25,"column":3}}},"1":{"name":"(anonymous_2)","decl":{"start":{"line":26,"column":2},"end":{"line":26,"column":3}},"loc":{"start":{"line":26,"column":12},"end":{"line":30,"column":3}}},"2":{"name":"(anonymous_3)","decl":{"start":{"line":34,"column":28},"end":{"line":34,"column":31}},"loc":{"start":{"line":34,"column":33},"end":{"line":36,"column":1}}},"3":{"name":"(anonymous_4)","decl":{"start":{"line":38,"column":24},"end":{"line":38,"column":25}},"loc":{"start":{"line":38,"column":39},"end":{"line":40,"column":1}}},"4":{"name":"(anonymous_5)","decl":{"start":{"line":42,"column":27},"end":{"line":42,"column":28}},"loc":{"start":{"line":42,"column":44},"end":{"line":44,"column":1}}},"5":{"name":"(anonymous_6)","decl":{"start":{"line":46,"column":27},"end":{"line":46,"column":28}},"loc":{"start":{"line":46,"column":56},"end":{"line":48,"column":1}}},"6":{"name":"(anonymous_7)","decl":{"start":{"line":50,"column":27},"end":{"line":50,"column":28}},"loc":{"start":{"line":50,"column":42},"end":{"line":52,"column":1}}}},"branchMap":{"0":{"loc":{"start":{"line":17,"column":30},"end":{"line":17,"column":68}},"type":"binary-expr","locations":[{"start":{"line":17,"column":30},"end":{"line":17,"column":60}},{"start":{"line":17,"column":64},"end":{"line":17,"column":68}}]},"1":{"loc":{"start":{"line":18,"column":24},"end":{"line":18,"column":46}},"type":"binary-expr","locations":[{"start":{"line":18,"column":24},"end":{"line":18,"column":38}},{"start":{"line":18,"column":42},"end":{"line":18,"column":46}}]},"2":{"loc":{"start":{"line":20,"column":4},"end":{"line":22,"column":5}},"type":"if","locations":[{"start":{"line":20,"column":4},"end":{"line":22,"column":5}}]},"3":{"loc":{"start":{"line":28,"column":6},"end":{"line":28,"column":77}},"type":"cond-expr","locations":[{"start":{"line":28,"column":31},"end":{"line":28,"column":36}},{"start":{"line":28,"column":39},"end":{"line":28,"column":77}}]}},"s":{"0":1,"1":1,"2":1,"3":1,"4":5,"5":5,"6":5,"7":0,"8":5,"9":0,"10":1,"11":1,"12":1,"13":1,"14":1,"15":1,"16":1,"17":1,"18":1,"19":1,"20":1,"21":1,"22":1,"23":1,"24":1},"f":{"0":5,"1":0,"2":1,"3":1,"4":1,"5":1,"6":1},"b":{"0":[5,5],"1":[5,5],"2":[0],"3":[0,0]}}
,"/Users/jzegarram/metod/frontend-ezcommerce/src/api/apiMarcas.ts": {"path":"/Users/jzegarram/metod/frontend-ezcommerce/src/api/apiMarcas.ts","statementMap":{"0":{"start":{"line":2,"column":0},"end":{"line":2,"column":68}},"1":{"start":{"line":6,"column":22},"end":{"line":8,"column":3}},"2":{"start":{"line":7,"column":4},"end":{"line":7,"column":58}},"3":{"start":{"line":9,"column":16},"end":{"line":11,"column":3}},"4":{"start":{"line":10,"column":4},"end":{"line":10,"column":41}},"5":{"start":{"line":13,"column":13},"end":{"line":13,"column":67}},"6":{"start":{"line":17,"column":24},"end":{"line":19,"column":3}},"7":{"start":{"line":18,"column":4},"end":{"line":18,"column":54}},"8":{"start":{"line":21,"column":13},"end":{"line":21,"column":79}},"9":{"start":{"line":25,"column":12},"end":{"line":27,"column":3}},"10":{"start":{"line":26,"column":4},"end":{"line":26,"column":48}},"11":{"start":{"line":28,"column":14},"end":{"line":30,"column":3}},"12":{"start":{"line":29,"column":4},"end":{"line":29,"column":34}},"13":{"start":{"line":32,"column":13},"end":{"line":32,"column":67}}},"fnMap":{"0":{"name":"(anonymous_0)","decl":{"start":{"line":6,"column":22},"end":{"line":6,"column":23}},"loc":{"start":{"line":6,"column":51},"end":{"line":8,"column":3}}},"1":{"name":"(anonymous_1)","decl":{"start":{"line":9,"column":16},"end":{"line":9,"column":17}},"loc":{"start":{"line":9,"column":32},"end":{"line":11,"column":3}}},"2":{"name":"(anonymous_2)","decl":{"start":{"line":17,"column":24},"end":{"line":17,"column":25}},"loc":{"start":{"line":17,"column":44},"end":{"line":19,"column":3}}},"3":{"name":"(anonymous_3)","decl":{"start":{"line":25,"column":12},"end":{"line":25,"column":17}},"loc":{"start":{"line":25,"column":37},"end":{"line":27,"column":3}}},"4":{"name":"(anonymous_4)","decl":{"start":{"line":28,"column":14},"end":{"line":28,"column":17}},"loc":{"start":{"line":28,"column":19},"end":{"line":30,"column":3}}}},"branchMap":{},"s":{"0":1,"1":1,"2":1,"3":1,"4":1,"5":1,"6":1,"7":1,"8":1,"9":1,"10":1,"11":1,"12":1,"13":1},"f":{"0":1,"1":1,"2":1,"3":1,"4":1},"b":{}}
,"/Users/jzegarram/metod/frontend-ezcommerce/src/api/apiUsuarios.ts": {"path":"/Users/jzegarram/metod/frontend-ezcommerce/src/api/apiUsuarios.ts","statementMap":{"0":{"start":{"line":2,"column":0},"end":{"line":2,"column":26}},"1":{"start":{"line":3,"column":0},"end":{"line":3,"column":46}},"2":{"start":{"line":6,"column":13},"end":{"line":8,"column":3}},"3":{"start":{"line":11,"column":0},"end":{"line":25,"column":2}},"4":{"start":{"line":13,"column":19},"end":{"line":13,"column":69}},"5":{"start":{"line":14,"column":24},"end":{"line":14,"column":46}},"6":{"start":{"line":15,"column":4},"end":{"line":17,"column":5}},"7":{"start":{"line":16,"column":6},"end":{"line":16,"column":61}},"8":{"start":{"line":18,"column":4},"end":{"line":18,"column":18}},"9":{"start":{"line":21,"column":4},"end":{"line":23,"column":6}},"10":{"start":{"line":28,"column":29},"end":{"line":30,"column":1}},"11":{"start":{"line":29,"column":2},"end":{"line":29,"column":40}},"12":{"start":{"line":28,"column":13},"end":{"line":28,"column":29}},"13":{"start":{"line":32,"column":27},"end":{"line":34,"column":1}},"14":{"start":{"line":33,"column":2},"end":{"line":33,"column":39}},"15":{"start":{"line":32,"column":13},"end":{"line":32,"column":27}},"16":{"start":{"line":38,"column":16},"end":{"line":40,"column":3}},"17":{"start":{"line":39,"column":4},"end":{"line":39,"column":34}},"18":{"start":{"line":37,"column":0},"end":{"line":37,"column":13}},"19":{"start":{"line":42,"column":13},"end":{"line":42,"column":87}}},"fnMap":{"0":{"name":"(anonymous_1)","decl":{"start":{"line":12,"column":2},"end":{"line":12,"column":3}},"loc":{"start":{"line":12,"column":13},"end":{"line":19,"column":3}}},"1":{"name":"(anonymous_2)","decl":{"start":{"line":20,"column":2},"end":{"line":20,"column":3}},"loc":{"start":{"line":20,"column":12},"end":{"line":24,"column":3}}},"2":{"name":"(anonymous_3)","decl":{"start":{"line":28,"column":29},"end":{"line":28,"column":30}},"loc":{"start":{"line":28,"column":49},"end":{"line":30,"column":1}}},"3":{"name":"(anonymous_4)","decl":{"start":{"line":32,"column":27},"end":{"line":32,"column":28}},"loc":{"start":{"line":32,"column":45},"end":{"line":34,"column":1}}},"4":{"name":"(anonymous_5)","decl":{"start":{"line":38,"column":16},"end":{"line":38,"column":19}},"loc":{"start":{"line":38,"column":21},"end":{"line":40,"column":3}}}},"branchMap":{"0":{"loc":{"start":{"line":13,"column":30},"end":{"line":13,"column":68}},"type":"binary-expr","locations":[{"start":{"line":13,"column":30},"end":{"line":13,"column":60}},{"start":{"line":13,"column":64},"end":{"line":13,"column":68}}]},"1":{"loc":{"start":{"line":14,"column":24},"end":{"line":14,"column":46}},"type":"binary-expr","locations":[{"start":{"line":14,"column":24},"end":{"line":14,"column":38}},{"start":{"line":14,"column":42},"end":{"line":14,"column":46}}]},"2":{"loc":{"start":{"line":15,"column":4},"end":{"line":17,"column":5}},"type":"if","locations":[{"start":{"line":15,"column":4},"end":{"line":17,"column":5}}]},"3":{"loc":{"start":{"line":22,"column":6},"end":{"line":22,"column":77}},"type":"cond-expr","locations":[{"start":{"line":22,"column":31},"end":{"line":22,"column":36}},{"start":{"line":22,"column":39},"end":{"line":22,"column":77}}]}},"s":{"0":2,"1":2,"2":2,"3":2,"4":0,"5":0,"6":0,"7":0,"8":0,"9":0,"10":2,"11":6,"12":2,"13":2,"14":6,"15":2,"16":7,"17":4,"18":2,"19":2},"f":{"0":0,"1":0,"2":6,"3":6,"4":4},"b":{"0":[0,0],"1":[0,0],"2":[0],"3":[0,0]}}
,"/Users/jzegarram/metod/frontend-ezcommerce/src/components/Epica03/paginationComponent.tsx": {"path":"/Users/jzegarram/metod/frontend-ezcommerce/src/components/Epica03/paginationComponent.tsx","statementMap":{"0":{"start":{"line":1,"column":0},"end":{"line":1,"column":null}},"1":{"start":{"line":17,"column":30},"end":{"line":74,"column":1}},"2":{"start":{"line":24,"column":22},"end":{"line":24,"column":80}},"3":{"start":{"line":25,"column":20},"end":{"line":25,"column":73}},"4":{"start":{"line":27,"column":18},"end":{"line":27,"column":20}},"5":{"start":{"line":28,"column":4},"end":{"line":30,"column":5}},"6":{"start":{"line":28,"column":17},"end":{"line":28,"column":26}},"7":{"start":{"line":29,"column":8},"end":{"line":29,"column":22}},"8":{"start":{"line":32,"column":4},"end":{"line":73,"column":6}},"9":{"start":{"line":40,"column":28},"end":{"line":40,"column":47}},"10":{"start":{"line":41,"column":28},"end":{"line":41,"column":79}},"11":{"start":{"line":41,"column":49},"end":{"line":41,"column":79}},"12":{"start":{"line":48,"column":20},"end":{"line":48,"column":null}},"13":{"start":{"line":52,"column":32},"end":{"line":52,"column":51}},"14":{"start":{"line":53,"column":32},"end":{"line":53,"column":51}},"15":{"start":{"line":66,"column":28},"end":{"line":66,"column":47}},"16":{"start":{"line":67,"column":28},"end":{"line":67,"column":88}},"17":{"start":{"line":67,"column":58},"end":{"line":67,"column":88}},"18":{"start":{"line":17,"column":13},"end":{"line":17,"column":30}}},"fnMap":{"0":{"name":"(anonymous_0)","decl":{"start":{"line":17,"column":30},"end":{"line":17,"column":31}},"loc":{"start":{"line":22,"column":23},"end":{"line":74,"column":1}}},"1":{"name":"(anonymous_1)","decl":{"start":{"line":39,"column":33},"end":{"line":39,"column":34}},"loc":{"start":{"line":39,"column":39},"end":{"line":42,"column":25}}},"2":{"name":"(anonymous_2)","decl":{"start":{"line":47,"column":27},"end":{"line":47,"column":28}},"loc":{"start":{"line":48,"column":20},"end":{"line":48,"column":null}}},"3":{"name":"(anonymous_3)","decl":{"start":{"line":51,"column":37},"end":{"line":51,"column":38}},"loc":{"start":{"line":51,"column":43},"end":{"line":54,"column":29}}},"4":{"name":"(anonymous_4)","decl":{"start":{"line":65,"column":33},"end":{"line":65,"column":34}},"loc":{"start":{"line":65,"column":39},"end":{"line":68,"column":25}}}},"branchMap":{"0":{"loc":{"start":{"line":18,"column":4},"end":{"line":18,"column":19}},"type":"default-arg","locations":[{"start":{"line":18,"column":18},"end":{"line":18,"column":19}}]},"1":{"loc":{"start":{"line":21,"column":4},"end":{"line":21,"column":23}},"type":"default-arg","locations":[{"start":{"line":21,"column":22},"end":{"line":21,"column":23}}]},"2":{"loc":{"start":{"line":41,"column":28},"end":{"line":41,"column":79}},"type":"if","locations":[{"start":{"line":41,"column":28},"end":{"line":41,"column":79}}]},"3":{"loc":{"start":{"line":67,"column":28},"end":{"line":67,"column":88}},"type":"if","locations":[{"start":{"line":67,"column":28},"end":{"line":67,"column":88}}]}},"s":{"0":1,"1":1,"2":19,"3":19,"4":19,"5":19,"6":19,"7":82,"8":19,"9":5,"10":5,"11":2,"12":82,"13":3,"14":3,"15":5,"16":5,"17":2,"18":1},"f":{"0":19,"1":5,"2":82,"3":3,"4":5},"b":{"0":[0],"1":[0],"2":[2],"3":[2]}}
,"/Users/jzegarram/metod/frontend-ezcommerce/src/components/Epica04/AccordionShoppingCart.tsx": {"path":"/Users/jzegarram/metod/frontend-ezcommerce/src/components/Epica04/AccordionShoppingCart.tsx","statementMap":{"0":{"start":{"line":1,"column":0},"end":{"line":1,"column":44}},"1":{"start":{"line":2,"column":0},"end":{"line":2,"column":105}},"2":{"start":{"line":3,"column":0},"end":{"line":3,"column":54}},"3":{"start":{"line":5,"column":0},"end":{"line":5,"column":59}},"4":{"start":{"line":7,"column":37},"end":{"line":45,"column":1}},"5":{"start":{"line":8,"column":20},"end":{"line":8,"column":36}},"6":{"start":{"line":9,"column":48},"end":{"line":9,"column":91}},"7":{"start":{"line":11,"column":24},"end":{"line":18,"column":3}},"8":{"start":{"line":12,"column":4},"end":{"line":17,"column":11}},"9":{"start":{"line":13,"column":21},"end":{"line":13,"column":67}},"10":{"start":{"line":14,"column":6},"end":{"line":14,"column":41}},"11":{"start":{"line":14,"column":24},"end":{"line":14,"column":41}},"12":{"start":{"line":15,"column":6},"end":{"line":15,"column":32}},"13":{"start":{"line":16,"column":6},"end":{"line":16,"column":17}},"14":{"start":{"line":20,"column":2},"end":{"line":22,"column":14}},"15":{"start":{"line":21,"column":4},"end":{"line":21,"column":45}},"16":{"start":{"line":24,"column":2},"end":{"line":26,"column":3}},"17":{"start":{"line":25,"column":4},"end":{"line":25,"column":79}},"18":{"start":{"line":28,"column":2},"end":{"line":44,"column":4}},"19":{"start":{"line":31,"column":8},"end":{"line":31,"column":36}},"20":{"start":{"line":38,"column":14},"end":{"line":38,"column":71}},"21":{"start":{"line":7,"column":13},"end":{"line":7,"column":37}}},"fnMap":{"0":{"name":"(anonymous_0)","decl":{"start":{"line":7,"column":37},"end":{"line":7,"column":40}},"loc":{"start":{"line":7,"column":42},"end":{"line":45,"column":1}}},"1":{"name":"(anonymous_1)","decl":{"start":{"line":11,"column":24},"end":{"line":11,"column":25}},"loc":{"start":{"line":11,"column":83},"end":{"line":18,"column":3}}},"2":{"name":"(anonymous_2)","decl":{"start":{"line":12,"column":27},"end":{"line":12,"column":28}},"loc":{"start":{"line":12,"column":75},"end":{"line":17,"column":5}}},"3":{"name":"(anonymous_3)","decl":{"start":{"line":20,"column":12},"end":{"line":20,"column":15}},"loc":{"start":{"line":20,"column":17},"end":{"line":22,"column":3}}},"4":{"name":"(anonymous_4)","decl":{"start":{"line":30,"column":43},"end":{"line":30,"column":44}},"loc":{"start":{"line":31,"column":8},"end":{"line":31,"column":36}}},"5":{"name":"(anonymous_5)","decl":{"start":{"line":37,"column":32},"end":{"line":37,"column":33}},"loc":{"start":{"line":38,"column":14},"end":{"line":38,"column":71}}}},"branchMap":{"0":{"loc":{"start":{"line":13,"column":21},"end":{"line":13,"column":67}},"type":"binary-expr","locations":[{"start":{"line":13,"column":21},"end":{"line":13,"column":41}},{"start":{"line":13,"column":45},"end":{"line":13,"column":67}}]},"1":{"loc":{"start":{"line":14,"column":6},"end":{"line":14,"column":41}},"type":"if","locations":[{"start":{"line":14,"column":6},"end":{"line":14,"column":41}}]},"2":{"loc":{"start":{"line":24,"column":2},"end":{"line":26,"column":3}},"type":"if","locations":[{"start":{"line":24,"column":2},"end":{"line":26,"column":3}}]}},"s":{"0":1,"1":1,"2":1,"3":1,"4":1,"5":4,"6":4,"7":4,"8":2,"9":1,"10":1,"11":1,"12":1,"13":1,"14":4,"15":2,"16":4,"17":2,"18":2,"19":1,"20":1,"21":1},"f":{"0":4,"1":2,"2":1,"3":2,"4":1,"5":1},"b":{"0":[1,0],"1":[1],"2":[2]}}
,"/Users/jzegarram/metod/frontend-ezcommerce/src/components/Epica04/CardFavourite.tsx": {"path":"/Users/jzegarram/metod/frontend-ezcommerce/src/components/Epica04/CardFavourite.tsx","statementMap":{"0":{"start":{"line":1,"column":0},"end":{"line":1,"column":42}},"1":{"start":{"line":2,"column":0},"end":{"line":2,"column":68}},"2":{"start":{"line":3,"column":0},"end":{"line":3,"column":47}},"3":{"start":{"line":5,"column":29},"end":{"line":37,"column":1}},"4":{"start":{"line":6,"column":2},"end":{"line":36,"column":null}},"5":{"start":{"line":5,"column":13},"end":{"line":5,"column":29}}},"fnMap":{"0":{"name":"(anonymous_0)","decl":{"start":{"line":5,"column":29},"end":{"line":5,"column":32}},"loc":{"start":{"line":5,"column":34},"end":{"line":37,"column":1}}}},"branchMap":{},"s":{"0":1,"1":1,"2":1,"3":1,"4":2,"5":1},"f":{"0":2},"b":{}}
,"/Users/jzegarram/metod/frontend-ezcommerce/src/components/Epica04/CardOrderSummary.tsx": {"path":"/Users/jzegarram/metod/frontend-ezcommerce/src/components/Epica04/CardOrderSummary.tsx","statementMap":{"0":{"start":{"line":1,"column":0},"end":{"line":1,"column":48}},"1":{"start":{"line":2,"column":0},"end":{"line":2,"column":92}},"2":{"start":{"line":3,"column":0},"end":{"line":3,"column":59}},"3":{"start":{"line":5,"column":32},"end":{"line":35,"column":1}},"4":{"start":{"line":6,"column":20},"end":{"line":6,"column":36}},"5":{"start":{"line":8,"column":21},"end":{"line":8,"column":72}},"6":{"start":{"line":8,"column":49},"end":{"line":8,"column":68}},"7":{"start":{"line":9,"column":21},"end":{"line":9,"column":92}},"8":{"start":{"line":9,"column":49},"end":{"line":9,"column":88}},"9":{"start":{"line":11,"column":2},"end":{"line":13,"column":3}},"10":{"start":{"line":12,"column":4},"end":{"line":12,"column":16}},"11":{"start":{"line":15,"column":2},"end":{"line":34,"column":4}},"12":{"start":{"line":5,"column":13},"end":{"line":5,"column":32}}},"fnMap":{"0":{"name":"(anonymous_0)","decl":{"start":{"line":5,"column":32},"end":{"line":5,"column":35}},"loc":{"start":{"line":5,"column":37},"end":{"line":35,"column":1}}},"1":{"name":"(anonymous_1)","decl":{"start":{"line":8,"column":34},"end":{"line":8,"column":35}},"loc":{"start":{"line":8,"column":49},"end":{"line":8,"column":68}}},"2":{"name":"(anonymous_2)","decl":{"start":{"line":9,"column":34},"end":{"line":9,"column":35}},"loc":{"start":{"line":9,"column":49},"end":{"line":9,"column":88}}}},"branchMap":{"0":{"loc":{"start":{"line":11,"column":2},"end":{"line":13,"column":3}},"type":"if","locations":[{"start":{"line":11,"column":2},"end":{"line":13,"column":3}}]}},"s":{"0":1,"1":1,"2":1,"3":1,"4":2,"5":2,"6":2,"7":2,"8":2,"9":2,"10":1,"11":1,"12":1},"f":{"0":2,"1":2,"2":2},"b":{"0":[1]}}
,"/Users/jzegarram/metod/frontend-ezcommerce/src/components/Epica04/CardPublishedEdit.tsx": {"path":"/Users/jzegarram/metod/frontend-ezcommerce/src/components/Epica04/CardPublishedEdit.tsx","statementMap":{"0":{"start":{"line":1,"column":0},"end":{"line":1,"column":36}},"1":{"start":{"line":2,"column":0},"end":{"line":2,"column":69}},"2":{"start":{"line":3,"column":0},"end":{"line":3,"column":48}},"3":{"start":{"line":4,"column":0},"end":{"line":4,"column":81}},"4":{"start":{"line":5,"column":0},"end":{"line":5,"column":40}},"5":{"start":{"line":6,"column":0},"end":{"line":6,"column":44}},"6":{"start":{"line":7,"column":0},"end":{"line":7,"column":61}},"7":{"start":{"line":21,"column":67},"end":{"line":99,"column":1}},"8":{"start":{"line":25,"column":34},"end":{"line":25,"column":63}},"9":{"start":{"line":26,"column":42},"end":{"line":26,"column":65}},"10":{"start":{"line":28,"column":2},"end":{"line":42,"column":19}},"11":{"start":{"line":29,"column":23},"end":{"line":39,"column":5}},"12":{"start":{"line":30,"column":6},"end":{"line":38,"column":7}},"13":{"start":{"line":31,"column":22},"end":{"line":31,"column":54}},"14":{"start":{"line":32,"column":8},"end":{"line":32,"column":43}},"15":{"start":{"line":34,"column":8},"end":{"line":34,"column":69}},"16":{"start":{"line":35,"column":8},"end":{"line":35,"column":26}},"17":{"start":{"line":37,"column":8},"end":{"line":37,"column":31}},"18":{"start":{"line":41,"column":4},"end":{"line":41,"column":17}},"19":{"start":{"line":45,"column":2},"end":{"line":65,"column":3}},"20":{"start":{"line":46,"column":4},"end":{"line":50,"column":6}},"21":{"start":{"line":51,"column":9},"end":{"line":65,"column":3}},"22":{"start":{"line":52,"column":4},"end":{"line":58,"column":6}},"23":{"start":{"line":60,"column":4},"end":{"line":64,"column":6}},"24":{"start":{"line":67,"column":2},"end":{"line":98,"column":4}},"25":{"start":{"line":94,"column":33},"end":{"line":94,"column":61}},"26":{"start":{"line":21,"column":13},"end":{"line":21,"column":67}}},"fnMap":{"0":{"name":"(anonymous_0)","decl":{"start":{"line":21,"column":67},"end":{"line":21,"column":68}},"loc":{"start":{"line":24,"column":5},"end":{"line":99,"column":1}}},"1":{"name":"(anonymous_1)","decl":{"start":{"line":28,"column":12},"end":{"line":28,"column":15}},"loc":{"start":{"line":28,"column":17},"end":{"line":42,"column":3}}},"2":{"name":"(anonymous_2)","decl":{"start":{"line":29,"column":23},"end":{"line":29,"column":28}},"loc":{"start":{"line":29,"column":34},"end":{"line":39,"column":5}}},"3":{"name":"(anonymous_3)","decl":{"start":{"line":94,"column":27},"end":{"line":94,"column":30}},"loc":{"start":{"line":94,"column":33},"end":{"line":94,"column":61}}}},"branchMap":{"0":{"loc":{"start":{"line":32,"column":20},"end":{"line":32,"column":41}},"type":"binary-expr","locations":[{"start":{"line":32,"column":20},"end":{"line":32,"column":33}},{"start":{"line":32,"column":37},"end":{"line":32,"column":41}}]},"1":{"loc":{"start":{"line":45,"column":2},"end":{"line":65,"column":3}},"type":"if","locations":[{"start":{"line":45,"column":2},"end":{"line":65,"column":3}},{"start":{"line":51,"column":9},"end":{"line":65,"column":3}}]},"2":{"loc":{"start":{"line":51,"column":9},"end":{"line":65,"column":3}},"type":"if","locations":[{"start":{"line":51,"column":9},"end":{"line":65,"column":3}},{"start":{"line":59,"column":9},"end":{"line":65,"column":3}}]}},"s":{"0":1,"1":1,"2":1,"3":1,"4":1,"5":1,"6":1,"7":1,"8":7,"9":7,"10":7,"11":5,"12":5,"13":5,"14":5,"15":0,"16":0,"17":5,"18":5,"19":7,"20":5,"21":2,"22":1,"23":1,"24":7,"25":1,"26":1},"f":{"0":7,"1":5,"2":5,"3":1},"b":{"0":[5,1],"1":[5,2],"2":[1,1]}}
,"/Users/jzegarram/metod/frontend-ezcommerce/src/components/Epica04/CardShoppingCart.tsx": {"path":"/Users/jzegarram/metod/frontend-ezcommerce/src/components/Epica04/CardShoppingCart.tsx","statementMap":{"0":{"start":{"line":1,"column":0},"end":{"line":1,"column":26}},"1":{"start":{"line":2,"column":0},"end":{"line":2,"column":52}},"2":{"start":{"line":3,"column":0},"end":{"line":3,"column":48}},"3":{"start":{"line":4,"column":0},"end":{"line":4,"column":57}},"4":{"start":{"line":6,"column":0},"end":{"line":6,"column":59}},"5":{"start":{"line":12,"column":65},"end":{"line":83,"column":1}},"6":{"start":{"line":13,"column":45},"end":{"line":13,"column":61}},"7":{"start":{"line":15,"column":26},"end":{"line":17,"column":3}},"8":{"start":{"line":16,"column":4},"end":{"line":16,"column":67}},"9":{"start":{"line":19,"column":26},"end":{"line":23,"column":3}},"10":{"start":{"line":20,"column":4},"end":{"line":22,"column":5}},"11":{"start":{"line":21,"column":6},"end":{"line":21,"column":69}},"12":{"start":{"line":24,"column":2},"end":{"line":82,"column":4}},"13":{"start":{"line":42,"column":29},"end":{"line":42,"column":61}},"14":{"start":{"line":12,"column":13},"end":{"line":12,"column":65}}},"fnMap":{"0":{"name":"(anonymous_1)","decl":{"start":{"line":12,"column":65},"end":{"line":12,"column":66}},"loc":{"start":{"line":12,"column":81},"end":{"line":83,"column":1}}},"1":{"name":"(anonymous_2)","decl":{"start":{"line":15,"column":26},"end":{"line":15,"column":29}},"loc":{"start":{"line":15,"column":31},"end":{"line":17,"column":3}}},"2":{"name":"(anonymous_3)","decl":{"start":{"line":19,"column":26},"end":{"line":19,"column":29}},"loc":{"start":{"line":19,"column":31},"end":{"line":23,"column":3}}},"3":{"name":"(anonymous_4)","decl":{"start":{"line":42,"column":23},"end":{"line":42,"column":26}},"loc":{"start":{"line":42,"column":29},"end":{"line":42,"column":61}}}},"branchMap":{"0":{"loc":{"start":{"line":20,"column":4},"end":{"line":22,"column":5}},"type":"if","locations":[{"start":{"line":20,"column":4},"end":{"line":22,"column":5}}]},"1":{"loc":{"start":{"line":29,"column":17},"end":{"line":29,"column":56}},"type":"binary-expr","locations":[{"start":{"line":29,"column":17},"end":{"line":29,"column":35}},{"start":{"line":29,"column":39},"end":{"line":29,"column":56}}]}},"s":{"0":1,"1":1,"2":1,"3":1,"4":1,"5":1,"6":5,"7":5,"8":0,"9":5,"10":0,"11":0,"12":5,"13":0,"14":1},"f":{"0":5,"1":0,"2":0,"3":0},"b":{"0":[0],"1":[5,0]}}
,"/Users/jzegarram/metod/frontend-ezcommerce/src/components/Epica04/ModalDeleteProduct.tsx": {"path":"/Users/jzegarram/metod/frontend-ezcommerce/src/components/Epica04/ModalDeleteProduct.tsx","statementMap":{"0":{"start":{"line":1,"column":0},"end":{"line":1,"column":33}},"1":{"start":{"line":2,"column":0},"end":{"line":2,"column":45}},"2":{"start":{"line":3,"column":0},"end":{"line":3,"column":48}},"3":{"start":{"line":4,"column":0},"end":{"line":4,"column":null}},"4":{"start":{"line":15,"column":0},"end":{"line":15,"column":56}},"5":{"start":{"line":22,"column":69},"end":{"line":76,"column":1}},"6":{"start":{"line":26,"column":32},"end":{"line":26,"column":47}},"7":{"start":{"line":27,"column":28},"end":{"line":27,"column":57}},"8":{"start":{"line":29,"column":23},"end":{"line":42,"column":3}},"9":{"start":{"line":30,"column":4},"end":{"line":30,"column":21}},"10":{"start":{"line":31,"column":4},"end":{"line":31,"column":19}},"11":{"start":{"line":33,"column":4},"end":{"line":41,"column":5}},"12":{"start":{"line":34,"column":6},"end":{"line":34,"column":38}},"13":{"start":{"line":35,"column":6},"end":{"line":35,"column":24}},"14":{"start":{"line":36,"column":6},"end":{"line":36,"column":24}},"15":{"start":{"line":38,"column":6},"end":{"line":38,"column":24}},"16":{"start":{"line":39,"column":6},"end":{"line":39,"column":59}},"17":{"start":{"line":40,"column":6},"end":{"line":40,"column":69}},"18":{"start":{"line":44,"column":2},"end":{"line":75,"column":4}},"19":{"start":{"line":22,"column":13},"end":{"line":22,"column":69}}},"fnMap":{"0":{"name":"(anonymous_0)","decl":{"start":{"line":22,"column":69},"end":{"line":22,"column":70}},"loc":{"start":{"line":25,"column":5},"end":{"line":76,"column":1}}},"1":{"name":"(anonymous_1)","decl":{"start":{"line":29,"column":23},"end":{"line":29,"column":28}},"loc":{"start":{"line":29,"column":34},"end":{"line":42,"column":3}}}},"branchMap":{"0":{"loc":{"start":{"line":48,"column":11},"end":{"line":48,"column":49}},"type":"cond-expr","locations":[{"start":{"line":48,"column":21},"end":{"line":48,"column":36}},{"start":{"line":48,"column":39},"end":{"line":48,"column":49}}]},"1":{"loc":{"start":{"line":62,"column":9},"end":{"line":62,"column":73}},"type":"binary-expr","locations":[{"start":{"line":62,"column":9},"end":{"line":62,"column":14}},{"start":{"line":62,"column":18},"end":{"line":62,"column":73}}]},"2":{"loc":{"start":{"line":70,"column":13},"end":{"line":70,"column":50}},"type":"cond-expr","locations":[{"start":{"line":70,"column":23},"end":{"line":70,"column":38}},{"start":{"line":70,"column":41},"end":{"line":70,"column":50}}]}},"s":{"0":2,"1":2,"2":2,"3":2,"4":2,"5":2,"6":20,"7":20,"8":20,"9":4,"10":4,"11":4,"12":4,"13":2,"14":2,"15":1,"16":1,"17":1,"18":20,"19":2},"f":{"0":20,"1":4},"b":{"0":[5,15],"1":[20,1],"2":[5,15]}}
,"/Users/jzegarram/metod/frontend-ezcommerce/src/components/Epica04/ProductForm.tsx": {"path":"/Users/jzegarram/metod/frontend-ezcommerce/src/components/Epica04/ProductForm.tsx","statementMap":{"0":{"start":{"line":1,"column":0},"end":{"line":1,"column":89}},"1":{"start":{"line":2,"column":0},"end":{"line":2,"column":74}},"2":{"start":{"line":3,"column":0},"end":{"line":3,"column":55}},"3":{"start":{"line":4,"column":0},"end":{"line":4,"column":67}},"4":{"start":{"line":5,"column":0},"end":{"line":5,"column":119}},"5":{"start":{"line":6,"column":0},"end":{"line":6,"column":46}},"6":{"start":{"line":7,"column":0},"end":{"line":7,"column":48}},"7":{"start":{"line":8,"column":0},"end":{"line":8,"column":52}},"8":{"start":{"line":9,"column":0},"end":{"line":9,"column":60}},"9":{"start":{"line":10,"column":0},"end":{"line":10,"column":44}},"10":{"start":{"line":11,"column":0},"end":{"line":11,"column":43}},"11":{"start":{"line":12,"column":0},"end":{"line":12,"column":42}},"12":{"start":{"line":13,"column":0},"end":{"line":13,"column":38}},"13":{"start":{"line":16,"column":27},"end":{"line":216,"column":1}},"14":{"start":{"line":18,"column":78},"end":{"line":18,"column":95}},"15":{"start":{"line":20,"column":38},"end":{"line":20,"column":84}},"16":{"start":{"line":21,"column":44},"end":{"line":21,"column":73}},"17":{"start":{"line":22,"column":36},"end":{"line":22,"column":82}},"18":{"start":{"line":23,"column":19},"end":{"line":23,"column":32}},"19":{"start":{"line":25,"column":2},"end":{"line":29,"column":33}},"20":{"start":{"line":26,"column":4},"end":{"line":28,"column":5}},"21":{"start":{"line":27,"column":6},"end":{"line":27,"column":31}},"22":{"start":{"line":31,"column":2},"end":{"line":33,"column":9}},"23":{"start":{"line":32,"column":4},"end":{"line":32,"column":55}},"24":{"start":{"line":32,"column":35},"end":{"line":32,"column":53}},"25":{"start":{"line":35,"column":19},"end":{"line":39,"column":3}},"26":{"start":{"line":36,"column":4},"end":{"line":36,"column":17}},"27":{"start":{"line":37,"column":4},"end":{"line":37,"column":18}},"28":{"start":{"line":38,"column":4},"end":{"line":38,"column":39}},"29":{"start":{"line":40,"column":30},"end":{"line":40,"column":57}},"30":{"start":{"line":42,"column":2},"end":{"line":215,"column":4}},"31":{"start":{"line":66,"column":10},"end":{"line":66,"column":33}},"32":{"start":{"line":72,"column":14},"end":{"line":80,"column":null}},"33":{"start":{"line":88,"column":14},"end":{"line":93,"column":null}},"34":{"start":{"line":101,"column":14},"end":{"line":106,"column":null}},"35":{"start":{"line":114,"column":14},"end":{"line":119,"column":null}},"36":{"start":{"line":127,"column":14},"end":{"line":164,"column":null}},"37":{"start":{"line":136,"column":20},"end":{"line":137,"column":null}},"38":{"start":{"line":141,"column":24},"end":{"line":159,"column":26}},"39":{"start":{"line":147,"column":56},"end":{"line":147,"column":67}},"40":{"start":{"line":148,"column":51},"end":{"line":150,"column":86}},"41":{"start":{"line":150,"column":68},"end":{"line":150,"column":85}},"42":{"start":{"line":151,"column":34},"end":{"line":151,"column":59}},"43":{"start":{"line":172,"column":14},"end":{"line":186,"column":null}},"44":{"start":{"line":212,"column":23},"end":{"line":212,"column":45}},"45":{"start":{"line":16,"column":13},"end":{"line":16,"column":27}}},"fnMap":{"0":{"name":"(anonymous_0)","decl":{"start":{"line":16,"column":27},"end":{"line":16,"column":28}},"loc":{"start":{"line":16,"column":115},"end":{"line":216,"column":1}}},"1":{"name":"(anonymous_1)","decl":{"start":{"line":25,"column":12},"end":{"line":25,"column":15}},"loc":{"start":{"line":25,"column":17},"end":{"line":29,"column":3}}},"2":{"name":"(anonymous_2)","decl":{"start":{"line":31,"column":12},"end":{"line":31,"column":15}},"loc":{"start":{"line":31,"column":17},"end":{"line":33,"column":3}}},"3":{"name":"(anonymous_3)","decl":{"start":{"line":32,"column":25},"end":{"line":32,"column":26}},"loc":{"start":{"line":32,"column":35},"end":{"line":32,"column":53}}},"4":{"name":"(anonymous_4)","decl":{"start":{"line":35,"column":19},"end":{"line":35,"column":22}},"loc":{"start":{"line":35,"column":24},"end":{"line":39,"column":3}}},"5":{"name":"(anonymous_5)","decl":{"start":{"line":65,"column":24},"end":{"line":65,"column":25}},"loc":{"start":{"line":65,"column":30},"end":{"line":67,"column":9}}},"6":{"name":"(anonymous_6)","decl":{"start":{"line":71,"column":20},"end":{"line":71,"column":21}},"loc":{"start":{"line":72,"column":14},"end":{"line":80,"column":null}}},"7":{"name":"(anonymous_7)","decl":{"start":{"line":87,"column":20},"end":{"line":87,"column":21}},"loc":{"start":{"line":88,"column":14},"end":{"line":93,"column":null}}},"8":{"name":"(anonymous_8)","decl":{"start":{"line":100,"column":20},"end":{"line":100,"column":21}},"loc":{"start":{"line":101,"column":14},"end":{"line":106,"column":null}}},"9":{"name":"(anonymous_9)","decl":{"start":{"line":113,"column":20},"end":{"line":113,"column":21}},"loc":{"start":{"line":114,"column":14},"end":{"line":119,"column":null}}},"10":{"name":"(anonymous_10)","decl":{"start":{"line":126,"column":20},"end":{"line":126,"column":23}},"loc":{"start":{"line":127,"column":14},"end":{"line":164,"column":null}}},"11":{"name":"(anonymous_11)","decl":{"start":{"line":135,"column":33},"end":{"line":135,"column":34}},"loc":{"start":{"line":136,"column":20},"end":{"line":137,"column":null}}},"12":{"name":"(anonymous_12)","decl":{"start":{"line":140,"column":30},"end":{"line":140,"column":31}},"loc":{"start":{"line":140,"column":44},"end":{"line":160,"column":23}}},"13":{"name":"(anonymous_13)","decl":{"start":{"line":146,"column":49},"end":{"line":146,"column":50}},"loc":{"start":{"line":146,"column":61},"end":{"line":152,"column":33}}},"14":{"name":"(anonymous_14)","decl":{"start":{"line":150,"column":59},"end":{"line":150,"column":64}},"loc":{"start":{"line":150,"column":68},"end":{"line":150,"column":85}}},"15":{"name":"(anonymous_15)","decl":{"start":{"line":171,"column":20},"end":{"line":171,"column":21}},"loc":{"start":{"line":172,"column":14},"end":{"line":186,"column":null}}},"16":{"name":"(anonymous_16)","decl":{"start":{"line":212,"column":17},"end":{"line":212,"column":20}},"loc":{"start":{"line":212,"column":23},"end":{"line":212,"column":45}}}},"branchMap":{"0":{"loc":{"start":{"line":26,"column":4},"end":{"line":28,"column":5}},"type":"if","locations":[{"start":{"line":26,"column":4},"end":{"line":28,"column":5}}]},"1":{"loc":{"start":{"line":45,"column":9},"end":{"line":45,"column":57}},"type":"cond-expr","locations":[{"start":{"line":45,"column":19},"end":{"line":45,"column":36}},{"start":{"line":45,"column":39},"end":{"line":45,"column":57}}]},"2":{"loc":{"start":{"line":148,"column":51},"end":{"line":150,"column":86}},"type":"cond-expr","locations":[{"start":{"line":149,"column":38},"end":{"line":149,"column":67}},{"start":{"line":150,"column":38},"end":{"line":150,"column":86}}]}},"s":{"0":1,"1":1,"2":1,"3":1,"4":1,"5":1,"6":1,"7":1,"8":1,"9":1,"10":1,"11":1,"12":1,"13":1,"14":12,"15":12,"16":12,"17":12,"18":12,"19":12,"20":0,"21":0,"22":12,"23":0,"24":0,"25":12,"26":0,"27":0,"28":0,"29":12,"30":12,"31":0,"32":0,"33":0,"34":0,"35":0,"36":0,"37":0,"38":0,"39":0,"40":0,"41":0,"42":0,"43":0,"44":0,"45":1},"f":{"0":12,"1":0,"2":0,"3":0,"4":0,"5":0,"6":0,"7":0,"8":0,"9":0,"10":0,"11":0,"12":0,"13":0,"14":0,"15":0,"16":0},"b":{"0":[0],"1":[2,10],"2":[0,0]}}
,"/Users/jzegarram/metod/frontend-ezcommerce/src/components/Epica04/formulario/ImagePreviewModal.tsx": {"path":"/Users/jzegarram/metod/frontend-ezcommerce/src/components/Epica04/formulario/ImagePreviewModal.tsx","statementMap":{"0":{"start":{"line":1,"column":0},"end":{"line":1,"column":31}},"1":{"start":{"line":8,"column":67},"end":{"line":30,"column":1}},"2":{"start":{"line":9,"column":2},"end":{"line":9,"column":29}},"3":{"start":{"line":9,"column":17},"end":{"line":9,"column":29}},"4":{"start":{"line":11,"column":2},"end":{"line":29,"column":4}},"5":{"start":{"line":18,"column":24},"end":{"line":18,"column":43}},"6":{"start":{"line":8,"column":13},"end":{"line":8,"column":67}}},"fnMap":{"0":{"name":"(anonymous_6)","decl":{"start":{"line":8,"column":67},"end":{"line":8,"column":68}},"loc":{"start":{"line":8,"column":93},"end":{"line":30,"column":1}}},"1":{"name":"(anonymous_7)","decl":{"start":{"line":18,"column":17},"end":{"line":18,"column":18}},"loc":{"start":{"line":18,"column":24},"end":{"line":18,"column":43}}}},"branchMap":{"0":{"loc":{"start":{"line":9,"column":2},"end":{"line":9,"column":29}},"type":"if","locations":[{"start":{"line":9,"column":2},"end":{"line":9,"column":29}}]}},"s":{"0":2,"1":2,"2":17,"3":13,"4":4,"5":2,"6":2},"f":{"0":17,"1":2},"b":{"0":[13]}}
,"/Users/jzegarram/metod/frontend-ezcommerce/src/components/Epica04/formulario/ImageUpload.tsx": {"path":"/Users/jzegarram/metod/frontend-ezcommerce/src/components/Epica04/formulario/ImageUpload.tsx","statementMap":{"0":{"start":{"line":1,"column":0},"end":{"line":1,"column":26}},"1":{"start":{"line":3,"column":0},"end":{"line":3,"column":57}},"2":{"start":{"line":4,"column":0},"end":{"line":4,"column":96}},"3":{"start":{"line":5,"column":0},"end":{"line":5,"column":50}},"4":{"start":{"line":6,"column":0},"end":{"line":6,"column":41}},"5":{"start":{"line":16,"column":22},"end":{"line":37,"column":1}},"6":{"start":{"line":17,"column":71},"end":{"line":19,"column":4}},"7":{"start":{"line":21,"column":16},"end":{"line":24,"column":4}},"8":{"start":{"line":26,"column":2},"end":{"line":36,"column":4}},"9":{"start":{"line":39,"column":55},"end":{"line":95,"column":null}},"10":{"start":{"line":46,"column":2},"end":{"line":94,"column":null}},"11":{"start":{"line":51,"column":33},"end":{"line":51,"column":39}},"12":{"start":{"line":56,"column":10},"end":{"line":56,"column":30}},"13":{"start":{"line":62,"column":18},"end":{"line":62,"column":38}},"14":{"start":{"line":63,"column":18},"end":{"line":63,"column":43}},"15":{"start":{"line":71,"column":18},"end":{"line":71,"column":38}},"16":{"start":{"line":72,"column":18},"end":{"line":72,"column":40}},"17":{"start":{"line":39,"column":13},"end":{"line":39,"column":55}}},"fnMap":{"0":{"name":"(anonymous_1)","decl":{"start":{"line":16,"column":22},"end":{"line":16,"column":23}},"loc":{"start":{"line":16,"column":62},"end":{"line":37,"column":1}}},"1":{"name":"(anonymous_2)","decl":{"start":{"line":39,"column":55},"end":{"line":39,"column":56}},"loc":{"start":{"line":46,"column":2},"end":{"line":94,"column":null}}},"2":{"name":"(anonymous_3)","decl":{"start":{"line":51,"column":24},"end":{"line":51,"column":25}},"loc":{"start":{"line":51,"column":33},"end":{"line":51,"column":39}}},"3":{"name":"(anonymous_4)","decl":{"start":{"line":55,"column":20},"end":{"line":55,"column":21}},"loc":{"start":{"line":56,"column":10},"end":{"line":56,"column":30}}},"4":{"name":"(anonymous_5)","decl":{"start":{"line":61,"column":25},"end":{"line":61,"column":26}},"loc":{"start":{"line":61,"column":31},"end":{"line":64,"column":17}}},"5":{"name":"(anonymous_6)","decl":{"start":{"line":70,"column":25},"end":{"line":70,"column":26}},"loc":{"start":{"line":70,"column":31},"end":{"line":73,"column":17}}}},"branchMap":{"0":{"loc":{"start":{"line":81,"column":9},"end":{"line":91,"column":null}},"type":"binary-expr","locations":[{"start":{"line":81,"column":9},"end":{"line":81,"column":26}},{"start":{"line":82,"column":10},"end":{"line":90,"column":null}}]}},"s":{"0":2,"1":2,"2":2,"3":2,"4":2,"5":2,"6":15,"7":15,"8":15,"9":2,"10":18,"11":15,"12":15,"13":1,"14":1,"15":0,"16":0,"17":2},"f":{"0":15,"1":18,"2":15,"3":15,"4":1,"5":0},"b":{"0":[18,17]}}
,"/Users/jzegarram/metod/frontend-ezcommerce/src/components/Epica08/HelpAndSoport.tsx": {"path":"/Users/jzegarram/metod/frontend-ezcommerce/src/components/Epica08/HelpAndSoport.tsx","statementMap":{"0":{"start":{"line":2,"column":0},"end":{"line":2,"column":32}},"1":{"start":{"line":3,"column":0},"end":{"line":3,"column":53}},"2":{"start":{"line":4,"column":0},"end":{"line":4,"column":41}},"3":{"start":{"line":5,"column":0},"end":{"line":5,"column":24}},"4":{"start":{"line":6,"column":0},"end":{"line":6,"column":47}},"5":{"start":{"line":7,"column":0},"end":{"line":7,"column":45}},"6":{"start":{"line":8,"column":0},"end":{"line":8,"column":51}},"7":{"start":{"line":9,"column":0},"end":{"line":9,"column":null}},"8":{"start":{"line":17,"column":0},"end":{"line":17,"column":null}},"9":{"start":{"line":25,"column":0},"end":{"line":25,"column":null}},"10":{"start":{"line":32,"column":0},"end":{"line":32,"column":64}},"11":{"start":{"line":33,"column":0},"end":{"line":33,"column":42}},"12":{"start":{"line":35,"column":19},"end":{"line":42,"column":2}},"13":{"start":{"line":46,"column":30},"end":{"line":197,"column":1}},"14":{"start":{"line":48,"column":21},"end":{"line":48,"column":34}},"15":{"start":{"line":49,"column":44},"end":{"line":49,"column":59}},"16":{"start":{"line":50,"column":44},"end":{"line":50,"column":79}},"17":{"start":{"line":52,"column":17},"end":{"line":60,"column":6}},"18":{"start":{"line":64,"column":8},"end":{"line":64,"column":null}},"19":{"start":{"line":65,"column":8},"end":{"line":65,"column":null}},"20":{"start":{"line":68,"column":4},"end":{"line":70,"column":5}},"21":{"start":{"line":69,"column":8},"end":{"line":69,"column":null}},"22":{"start":{"line":72,"column":4},"end":{"line":196,"column":null}},"23":{"start":{"line":87,"column":47},"end":{"line":87,"column":67}},"24":{"start":{"line":98,"column":47},"end":{"line":98,"column":72}},"25":{"start":{"line":125,"column":40},"end":{"line":140,"column":null}},"26":{"start":{"line":148,"column":40},"end":{"line":153,"column":null}},"27":{"start":{"line":161,"column":40},"end":{"line":169,"column":null}},"28":{"start":{"line":177,"column":40},"end":{"line":182,"column":null}},"29":{"start":{"line":180,"column":101},"end":{"line":180,"column":136}},"30":{"start":{"line":46,"column":13},"end":{"line":46,"column":30}}},"fnMap":{"0":{"name":"(anonymous_6)","decl":{"start":{"line":46,"column":30},"end":{"line":46,"column":33}},"loc":{"start":{"line":46,"column":35},"end":{"line":197,"column":1}}},"1":{"name":"onSubmit","decl":{"start":{"line":62,"column":19},"end":{"line":62,"column":27}},"loc":{"start":{"line":62,"column":46},"end":{"line":66,"column":5}}},"2":{"name":"(anonymous_8)","decl":{"start":{"line":87,"column":41},"end":{"line":87,"column":44}},"loc":{"start":{"line":87,"column":47},"end":{"line":87,"column":67}}},"3":{"name":"(anonymous_9)","decl":{"start":{"line":98,"column":41},"end":{"line":98,"column":44}},"loc":{"start":{"line":98,"column":47},"end":{"line":98,"column":72}}},"4":{"name":"(anonymous_10)","decl":{"start":{"line":124,"column":44},"end":{"line":124,"column":45}},"loc":{"start":{"line":125,"column":40},"end":{"line":140,"column":null}}},"5":{"name":"(anonymous_11)","decl":{"start":{"line":147,"column":44},"end":{"line":147,"column":45}},"loc":{"start":{"line":148,"column":40},"end":{"line":153,"column":null}}},"6":{"name":"(anonymous_12)","decl":{"start":{"line":160,"column":44},"end":{"line":160,"column":45}},"loc":{"start":{"line":161,"column":40},"end":{"line":169,"column":null}}},"7":{"name":"(anonymous_13)","decl":{"start":{"line":176,"column":44},"end":{"line":176,"column":45}},"loc":{"start":{"line":177,"column":40},"end":{"line":182,"column":null}}},"8":{"name":"(anonymous_14)","decl":{"start":{"line":180,"column":94},"end":{"line":180,"column":95}},"loc":{"start":{"line":180,"column":101},"end":{"line":180,"column":136}}}},"branchMap":{"0":{"loc":{"start":{"line":68,"column":4},"end":{"line":70,"column":5}},"type":"if","locations":[{"start":{"line":68,"column":4},"end":{"line":70,"column":5}}]},"1":{"loc":{"start":{"line":68,"column":7},"end":{"line":68,"column":49}},"type":"binary-expr","locations":[{"start":{"line":68,"column":7},"end":{"line":68,"column":20}},{"start":{"line":68,"column":24},"end":{"line":68,"column":49}}]},"2":{"loc":{"start":{"line":77,"column":38},"end":{"line":77,"column":103}},"type":"cond-expr","locations":[{"start":{"line":77,"column":66},"end":{"line":77,"column":84}},{"start":{"line":77,"column":85},"end":{"line":77,"column":103}}]},"3":{"loc":{"start":{"line":78,"column":17},"end":{"line":107,"column":null}},"type":"binary-expr","locations":[{"start":{"line":78,"column":17},"end":{"line":78,"column":40}},{"start":{"line":79,"column":20},"end":{"line":106,"column":null}}]},"4":{"loc":{"start":{"line":111,"column":17},"end":{"line":192,"column":null}},"type":"binary-expr","locations":[{"start":{"line":111,"column":17},"end":{"line":111,"column":42}},{"start":{"line":112,"column":20},"end":{"line":191,"column":null}}]}},"s":{"0":1,"1":1,"2":1,"3":1,"4":1,"5":1,"6":1,"7":1,"8":1,"9":1,"10":1,"11":1,"12":1,"13":1,"14":15,"15":15,"16":15,"17":15,"18":0,"19":0,"20":15,"21":0,"22":15,"23":0,"24":4,"25":4,"26":4,"27":4,"28":4,"29":0,"30":1},"f":{"0":15,"1":0,"2":0,"3":4,"4":4,"5":4,"6":4,"7":4,"8":0},"b":{"0":[0],"1":[15,6],"2":[4,11],"3":[15,11],"4":[15,4]}}
,"/Users/jzegarram/metod/frontend-ezcommerce/src/components/Epica08/RecoverAccountModal.tsx": {"path":"/Users/jzegarram/metod/frontend-ezcommerce/src/components/Epica08/RecoverAccountModal.tsx","statementMap":{"0":{"start":{"line":1,"column":0},"end":{"line":1,"column":48}},"1":{"start":{"line":2,"column":0},"end":{"line":2,"column":46}},"2":{"start":{"line":3,"column":0},"end":{"line":3,"column":82}},"3":{"start":{"line":4,"column":0},"end":{"line":4,"column":54}},"4":{"start":{"line":5,"column":0},"end":{"line":5,"column":33}},"5":{"start":{"line":6,"column":0},"end":{"line":6,"column":null}},"6":{"start":{"line":14,"column":0},"end":{"line":14,"column":24}},"7":{"start":{"line":15,"column":0},"end":{"line":15,"column":42}},"8":{"start":{"line":16,"column":0},"end":{"line":16,"column":31}},"9":{"start":{"line":17,"column":0},"end":{"line":17,"column":43}},"10":{"start":{"line":20,"column":19},"end":{"line":25,"column":2}},"11":{"start":{"line":28,"column":20},"end":{"line":32,"column":2}},"12":{"start":{"line":35,"column":20},"end":{"line":49,"column":6}},"13":{"start":{"line":46,"column":22},"end":{"line":46,"column":63}},"14":{"start":{"line":52,"column":35},"end":{"line":315,"column":1}},"15":{"start":{"line":53,"column":21},"end":{"line":53,"column":34}},"16":{"start":{"line":55,"column":28},"end":{"line":55,"column":43}},"17":{"start":{"line":56,"column":30},"end":{"line":56,"column":44}},"18":{"start":{"line":57,"column":30},"end":{"line":57,"column":45}},"19":{"start":{"line":58,"column":30},"end":{"line":58,"column":45}},"20":{"start":{"line":60,"column":17},"end":{"line":65,"column":6}},"21":{"start":{"line":68,"column":8},"end":{"line":76,"column":9}},"22":{"start":{"line":70,"column":12},"end":{"line":70,"column":28}},"23":{"start":{"line":71,"column":12},"end":{"line":71,"column":27}},"24":{"start":{"line":74,"column":12},"end":{"line":74,"column":null}},"25":{"start":{"line":75,"column":12},"end":{"line":75,"column":43}},"26":{"start":{"line":80,"column":18},"end":{"line":85,"column":6}},"27":{"start":{"line":88,"column":8},"end":{"line":96,"column":9}},"28":{"start":{"line":90,"column":12},"end":{"line":90,"column":28}},"29":{"start":{"line":91,"column":12},"end":{"line":91,"column":27}},"30":{"start":{"line":94,"column":12},"end":{"line":94,"column":null}},"31":{"start":{"line":95,"column":12},"end":{"line":95,"column":44}},"32":{"start":{"line":100,"column":18},"end":{"line":107,"column":6}},"33":{"start":{"line":110,"column":8},"end":{"line":117,"column":9}},"34":{"start":{"line":112,"column":12},"end":{"line":112,"column":66}},"35":{"start":{"line":113,"column":12},"end":{"line":113,"column":27}},"36":{"start":{"line":116,"column":12},"end":{"line":116,"column":null}},"37":{"start":{"line":120,"column":25},"end":{"line":123,"column":5}},"38":{"start":{"line":121,"column":8},"end":{"line":121,"column":23}},"39":{"start":{"line":122,"column":8},"end":{"line":122,"column":24}},"40":{"start":{"line":125,"column":26},"end":{"line":129,"column":5}},"41":{"start":{"line":126,"column":8},"end":{"line":126,"column":null}},"42":{"start":{"line":127,"column":8},"end":{"line":127,"column":null}},"43":{"start":{"line":128,"column":8},"end":{"line":128,"column":null}},"44":{"start":{"line":131,"column":4},"end":{"line":314,"column":6}},"45":{"start":{"line":136,"column":59},"end":{"line":136,"column":74}},"46":{"start":{"line":165,"column":48},"end":{"line":173,"column":null}},"47":{"start":{"line":209,"column":48},"end":{"line":217,"column":null}},"48":{"start":{"line":254,"column":48},"end":{"line":262,"column":null}},"49":{"start":{"line":270,"column":48},"end":{"line":279,"column":null}},"50":{"start":{"line":287,"column":48},"end":{"line":296,"column":null}},"51":{"start":{"line":305,"column":51},"end":{"line":305,"column":71}},"52":{"start":{"line":52,"column":13},"end":{"line":52,"column":35}}},"fnMap":{"0":{"name":"(anonymous_0)","decl":{"start":{"line":46,"column":12},"end":{"line":46,"column":13}},"loc":{"start":{"line":46,"column":22},"end":{"line":46,"column":63}}},"1":{"name":"(anonymous_1)","decl":{"start":{"line":52,"column":35},"end":{"line":52,"column":38}},"loc":{"start":{"line":52,"column":40},"end":{"line":315,"column":1}}},"2":{"name":"onSubmit1","decl":{"start":{"line":67,"column":19},"end":{"line":67,"column":28}},"loc":{"start":{"line":67,"column":47},"end":{"line":78,"column":5}}},"3":{"name":"onSubmit2","decl":{"start":{"line":87,"column":19},"end":{"line":87,"column":28}},"loc":{"start":{"line":87,"column":28},"end":{"line":98,"column":5}}},"4":{"name":"onSubmit3","decl":{"start":{"line":109,"column":19},"end":{"line":109,"column":28}},"loc":{"start":{"line":109,"column":28},"end":{"line":118,"column":5}}},"5":{"name":"(anonymous_5)","decl":{"start":{"line":120,"column":25},"end":{"line":120,"column":28}},"loc":{"start":{"line":120,"column":30},"end":{"line":123,"column":5}}},"6":{"name":"(anonymous_6)","decl":{"start":{"line":125,"column":26},"end":{"line":125,"column":29}},"loc":{"start":{"line":125,"column":31},"end":{"line":129,"column":5}}},"7":{"name":"(anonymous_7)","decl":{"start":{"line":136,"column":47},"end":{"line":136,"column":48}},"loc":{"start":{"line":136,"column":59},"end":{"line":136,"column":74}}},"8":{"name":"(anonymous_8)","decl":{"start":{"line":164,"column":52},"end":{"line":164,"column":53}},"loc":{"start":{"line":165,"column":48},"end":{"line":173,"column":null}}},"9":{"name":"(anonymous_9)","decl":{"start":{"line":208,"column":52},"end":{"line":208,"column":53}},"loc":{"start":{"line":209,"column":48},"end":{"line":217,"column":null}}},"10":{"name":"(anonymous_10)","decl":{"start":{"line":253,"column":52},"end":{"line":253,"column":53}},"loc":{"start":{"line":254,"column":48},"end":{"line":262,"column":null}}},"11":{"name":"(anonymous_11)","decl":{"start":{"line":269,"column":52},"end":{"line":269,"column":53}},"loc":{"start":{"line":270,"column":48},"end":{"line":279,"column":null}}},"12":{"name":"(anonymous_12)","decl":{"start":{"line":286,"column":52},"end":{"line":286,"column":53}},"loc":{"start":{"line":287,"column":48},"end":{"line":296,"column":null}}},"13":{"name":"(anonymous_13)","decl":{"start":{"line":305,"column":45},"end":{"line":305,"column":48}},"loc":{"start":{"line":305,"column":51},"end":{"line":305,"column":71}}}},"branchMap":{"0":{"loc":{"start":{"line":133,"column":10},"end":{"line":134,"column":null}},"type":"binary-expr","locations":[{"start":{"line":133,"column":10},"end":{"line":133,"column":14}},{"start":{"line":134,"column":16},"end":{"line":134,"column":77}}]},"1":{"loc":{"start":{"line":140,"column":17},"end":{"line":181,"column":null}},"type":"binary-expr","locations":[{"start":{"line":140,"column":17},"end":{"line":140,"column":22}},{"start":{"line":142,"column":24},"end":{"line":180,"column":null}}]},"2":{"loc":{"start":{"line":185,"column":20},"end":{"line":225,"column":null}},"type":"binary-expr","locations":[{"start":{"line":185,"column":20},"end":{"line":185,"column":25}},{"start":{"line":187,"column":24},"end":{"line":224,"column":null}}]},"3":{"loc":{"start":{"line":229,"column":20},"end":{"line":308,"column":null}},"type":"binary-expr","locations":[{"start":{"line":229,"column":20},"end":{"line":229,"column":25}},{"start":{"line":231,"column":24},"end":{"line":307,"column":null}}]}},"s":{"0":1,"1":1,"2":1,"3":1,"4":1,"5":1,"6":1,"7":1,"8":1,"9":1,"10":1,"11":1,"12":1,"13":2,"14":1,"15":45,"16":44,"17":44,"18":44,"19":44,"20":44,"21":5,"22":5,"23":5,"24":0,"25":0,"26":44,"27":4,"28":4,"29":4,"30":0,"31":0,"32":44,"33":1,"34":1,"35":1,"36":0,"37":44,"38":2,"39":2,"40":44,"41":2,"42":2,"43":2,"44":44,"45":8,"46":16,"47":9,"48":10,"49":10,"50":10,"51":0,"52":1},"f":{"0":2,"1":45,"2":5,"3":4,"4":1,"5":2,"6":2,"7":8,"8":16,"9":9,"10":10,"11":10,"12":10,"13":0},"b":{"0":[44,34],"1":[44,25],"2":[44,9],"3":[44,10]}}
,"/Users/jzegarram/metod/frontend-ezcommerce/src/components/Epica1/ModalMessage.tsx": {"path":"/Users/jzegarram/metod/frontend-ezcommerce/src/components/Epica1/ModalMessage.tsx","statementMap":{"0":{"start":{"line":2,"column":0},"end":{"line":2,"column":48}},"1":{"start":{"line":3,"column":0},"end":{"line":3,"column":null}},"2":{"start":{"line":24,"column":28},"end":{"line":59,"column":1}},"3":{"start":{"line":34,"column":28},"end":{"line":34,"column":66}},"4":{"start":{"line":34,"column":49},"end":{"line":34,"column":65}},"5":{"start":{"line":36,"column":2},"end":{"line":58,"column":4}},"6":{"start":{"line":24,"column":13},"end":{"line":24,"column":28}}},"fnMap":{"0":{"name":"(anonymous_0)","decl":{"start":{"line":24,"column":28},"end":{"line":24,"column":29}},"loc":{"start":{"line":32,"column":24},"end":{"line":59,"column":1}}},"1":{"name":"(anonymous_1)","decl":{"start":{"line":34,"column":43},"end":{"line":34,"column":46}},"loc":{"start":{"line":34,"column":49},"end":{"line":34,"column":65}}}},"branchMap":{"0":{"loc":{"start":{"line":29,"column":2},"end":{"line":29,"column":22}},"type":"default-arg","locations":[{"start":{"line":29,"column":13},"end":{"line":29,"column":22}}]},"1":{"loc":{"start":{"line":34,"column":28},"end":{"line":34,"column":66}},"type":"binary-expr","locations":[{"start":{"line":34,"column":28},"end":{"line":34,"column":38}},{"start":{"line":34,"column":43},"end":{"line":34,"column":65}}]},"2":{"loc":{"start":{"line":41,"column":13},"end":{"line":41,"column":100}},"type":"binary-expr","locations":[{"start":{"line":41,"column":13},"end":{"line":41,"column":17}},{"start":{"line":41,"column":21},"end":{"line":41,"column":100}}]}},"s":{"0":1,"1":1,"2":1,"3":3,"4":1,"5":3,"6":1},"f":{"0":3,"1":1},"b":{"0":[0],"1":[3,2],"2":[3,0]}}
,"/Users/jzegarram/metod/frontend-ezcommerce/src/components/Epica1/PrivateRoute.tsx": {"path":"/Users/jzegarram/metod/frontend-ezcommerce/src/components/Epica1/PrivateRoute.tsx","statementMap":{"0":{"start":{"line":1,"column":0},"end":{"line":1,"column":44}},"1":{"start":{"line":2,"column":0},"end":{"line":2,"column":42}},"2":{"start":{"line":9,"column":28},"end":{"line":17,"column":1}},"3":{"start":{"line":10,"column":24},"end":{"line":10,"column":33}},"4":{"start":{"line":12,"column":2},"end":{"line":16,"column":4}},"5":{"start":{"line":9,"column":13},"end":{"line":9,"column":28}}},"fnMap":{"0":{"name":"(anonymous_0)","decl":{"start":{"line":9,"column":28},"end":{"line":9,"column":29}},"loc":{"start":{"line":9,"column":63},"end":{"line":17,"column":1}}}},"branchMap":{"0":{"loc":{"start":{"line":12,"column":9},"end":{"line":15,"column":null}},"type":"cond-expr","locations":[{"start":{"line":13,"column":4},"end":{"line":13,"column":12}},{"start":{"line":15,"column":4},"end":{"line":15,"column":24}}]}},"s":{"0":1,"1":1,"2":1,"3":2,"4":2,"5":1},"f":{"0":2},"b":{"0":[1,1]}}
,"/Users/jzegarram/metod/frontend-ezcommerce/src/components/Epica5/GratisModal.tsx": {"path":"/Users/jzegarram/metod/frontend-ezcommerce/src/components/Epica5/GratisModal.tsx","statementMap":{"0":{"start":{"line":1,"column":0},"end":{"line":1,"column":64}},"1":{"start":{"line":2,"column":0},"end":{"line":2,"column":52}},"2":{"start":{"line":3,"column":0},"end":{"line":3,"column":35}},"3":{"start":{"line":5,"column":27},"end":{"line":39,"column":1}},"4":{"start":{"line":6,"column":53},"end":{"line":6,"column":67}},"5":{"start":{"line":8,"column":2},"end":{"line":38,"column":4}},"6":{"start":{"line":5,"column":13},"end":{"line":5,"column":27}}},"fnMap":{"0":{"name":"(anonymous_0)","decl":{"start":{"line":5,"column":27},"end":{"line":5,"column":30}},"loc":{"start":{"line":5,"column":32},"end":{"line":39,"column":1}}}},"branchMap":{},"s":{"0":1,"1":1,"2":1,"3":1,"4":4,"5":4,"6":1},"f":{"0":4},"b":{}}
,"/Users/jzegarram/metod/frontend-ezcommerce/src/components/Epica5/LoginModal.tsx": {"path":"/Users/jzegarram/metod/frontend-ezcommerce/src/components/Epica5/LoginModal.tsx","statementMap":{"0":{"start":{"line":1,"column":0},"end":{"line":1,"column":64}},"1":{"start":{"line":2,"column":0},"end":{"line":2,"column":42}},"2":{"start":{"line":3,"column":0},"end":{"line":3,"column":37}},"3":{"start":{"line":4,"column":0},"end":{"line":4,"column":43}},"4":{"start":{"line":6,"column":26},"end":{"line":24,"column":1}},"5":{"start":{"line":7,"column":38},"end":{"line":7,"column":47}},"6":{"start":{"line":8,"column":17},"end":{"line":8,"column":30}},"7":{"start":{"line":10,"column":2},"end":{"line":23,"column":4}},"8":{"start":{"line":15,"column":22},"end":{"line":15,"column":40}},"9":{"start":{"line":6,"column":13},"end":{"line":6,"column":26}}},"fnMap":{"0":{"name":"(anonymous_0)","decl":{"start":{"line":6,"column":26},"end":{"line":6,"column":29}},"loc":{"start":{"line":6,"column":31},"end":{"line":24,"column":1}}},"1":{"name":"(anonymous_1)","decl":{"start":{"line":15,"column":18},"end":{"line":15,"column":20}},"loc":{"start":{"line":15,"column":22},"end":{"line":15,"column":40}}}},"branchMap":{},"s":{"0":1,"1":1,"2":1,"3":1,"4":1,"5":6,"6":6,"7":6,"8":1,"9":1},"f":{"0":6,"1":1},"b":{}}
,"/Users/jzegarram/metod/frontend-ezcommerce/src/components/Epica5/PlanCard.tsx": {"path":"/Users/jzegarram/metod/frontend-ezcommerce/src/components/Epica5/PlanCard.tsx","statementMap":{"0":{"start":{"line":1,"column":0},"end":{"line":1,"column":52}},"1":{"start":{"line":2,"column":0},"end":{"line":2,"column":38}},"2":{"start":{"line":3,"column":0},"end":{"line":3,"column":43}},"3":{"start":{"line":4,"column":0},"end":{"line":4,"column":47}},"4":{"start":{"line":6,"column":0},"end":{"line":6,"column":31}},"5":{"start":{"line":7,"column":0},"end":{"line":7,"column":43}},"6":{"start":{"line":13,"column":24},"end":{"line":70,"column":1}},"7":{"start":{"line":14,"column":19},"end":{"line":14,"column":32}},"8":{"start":{"line":15,"column":41},"end":{"line":15,"column":55}},"9":{"start":{"line":18,"column":4},"end":{"line":27,"column":5}},"10":{"start":{"line":19,"column":6},"end":{"line":19,"column":73}},"11":{"start":{"line":20,"column":6},"end":{"line":20,"column":28}},"12":{"start":{"line":21,"column":6},"end":{"line":21,"column":70}},"13":{"start":{"line":22,"column":11},"end":{"line":27,"column":5}},"14":{"start":{"line":23,"column":6},"end":{"line":23,"column":73}},"15":{"start":{"line":24,"column":6},"end":{"line":24,"column":38}},"16":{"start":{"line":26,"column":6},"end":{"line":26,"column":27}},"17":{"start":{"line":30,"column":2},"end":{"line":69,"column":4}},"18":{"start":{"line":52,"column":14},"end":{"line":52,"column":48}},"19":{"start":{"line":13,"column":13},"end":{"line":13,"column":24}}},"fnMap":{"0":{"name":"(anonymous_0)","decl":{"start":{"line":13,"column":24},"end":{"line":13,"column":25}},"loc":{"start":{"line":13,"column":53},"end":{"line":70,"column":1}}},"1":{"name":"handleSeleccionarPlan","decl":{"start":{"line":17,"column":11},"end":{"line":17,"column":32}},"loc":{"start":{"line":17,"column":32},"end":{"line":28,"column":3}}},"2":{"name":"(anonymous_2)","decl":{"start":{"line":51,"column":38},"end":{"line":51,"column":39}},"loc":{"start":{"line":52,"column":14},"end":{"line":52,"column":48}}}},"branchMap":{"0":{"loc":{"start":{"line":18,"column":4},"end":{"line":27,"column":5}},"type":"if","locations":[{"start":{"line":18,"column":4},"end":{"line":27,"column":5}},{"start":{"line":22,"column":11},"end":{"line":27,"column":5}}]},"1":{"loc":{"start":{"line":18,"column":8},"end":{"line":18,"column":51}},"type":"binary-expr","locations":[{"start":{"line":18,"column":8},"end":{"line":18,"column":42}},{"start":{"line":18,"column":46},"end":{"line":18,"column":51}}]},"2":{"loc":{"start":{"line":22,"column":11},"end":{"line":27,"column":5}},"type":"if","locations":[{"start":{"line":22,"column":11},"end":{"line":27,"column":5}},{"start":{"line":25,"column":11},"end":{"line":27,"column":5}}]},"3":{"loc":{"start":{"line":22,"column":15},"end":{"line":22,"column":59}},"type":"binary-expr","locations":[{"start":{"line":22,"column":15},"end":{"line":22,"column":49}},{"start":{"line":22,"column":53},"end":{"line":22,"column":59}}]},"4":{"loc":{"start":{"line":38,"column":11},"end":{"line":44,"column":null}},"type":"cond-expr","locations":[{"start":{"line":39,"column":12},"end":{"line":41,"column":null}},{"start":{"line":44,"column":12},"end":{"line":44,"column":14}}]},"5":{"loc":{"start":{"line":41,"column":15},"end":{"line":41,"column":57}},"type":"cond-expr","locations":[{"start":{"line":41,"column":40},"end":{"line":41,"column":46}},{"start":{"line":41,"column":49},"end":{"line":41,"column":57}}]},"6":{"loc":{"start":{"line":63,"column":18},"end":{"line":63,"column":62}},"type":"binary-expr","locations":[{"start":{"line":63,"column":18},"end":{"line":63,"column":23}},{"start":{"line":63,"column":27},"end":{"line":63,"column":62}}]}},"s":{"0":1,"1":1,"2":1,"3":1,"4":1,"5":1,"6":1,"7":10,"8":10,"9":2,"10":1,"11":1,"12":1,"13":1,"14":1,"15":1,"16":0,"17":10,"18":24,"19":1},"f":{"0":10,"1":2,"2":24},"b":{"0":[1,1],"1":[2,2],"2":[1,0],"3":[1,1],"4":[7,3],"5":[6,1],"6":[10,10]}}
,"/Users/jzegarram/metod/frontend-ezcommerce/src/components/cards/categories-card.tsx": {"path":"/Users/jzegarram/metod/frontend-ezcommerce/src/components/cards/categories-card.tsx","statementMap":{"0":{"start":{"line":1,"column":0},"end":{"line":1,"column":43}},"1":{"start":{"line":12,"column":30},"end":{"line":35,"column":3}},"2":{"start":{"line":13,"column":21},"end":{"line":13,"column":34}},"3":{"start":{"line":14,"column":25},"end":{"line":14,"column":66}},"4":{"start":{"line":14,"column":31},"end":{"line":14,"column":66}},"5":{"start":{"line":16,"column":21},"end":{"line":16,"column":138}},"6":{"start":{"line":18,"column":4},"end":{"line":34,"column":6}},"7":{"start":{"line":20,"column":23},"end":{"line":20,"column":37}},"8":{"start":{"line":12,"column":13},"end":{"line":12,"column":30}}},"fnMap":{"0":{"name":"(anonymous_0)","decl":{"start":{"line":12,"column":30},"end":{"line":12,"column":31}},"loc":{"start":{"line":12,"column":102},"end":{"line":35,"column":3}}},"1":{"name":"(anonymous_1)","decl":{"start":{"line":14,"column":25},"end":{"line":14,"column":28}},"loc":{"start":{"line":14,"column":31},"end":{"line":14,"column":66}}},"2":{"name":"(anonymous_2)","decl":{"start":{"line":20,"column":17},"end":{"line":20,"column":20}},"loc":{"start":{"line":20,"column":23},"end":{"line":20,"column":37}}}},"branchMap":{"0":{"loc":{"start":{"line":16,"column":21},"end":{"line":16,"column":138}},"type":"cond-expr","locations":[{"start":{"line":16,"column":29},"end":{"line":16,"column":81}},{"start":{"line":16,"column":84},"end":{"line":16,"column":138}}]},"1":{"loc":{"start":{"line":19,"column":110},"end":{"line":19,"column":128}},"type":"cond-expr","locations":[{"start":{"line":19,"column":117},"end":{"line":19,"column":122}},{"start":{"line":19,"column":123},"end":{"line":19,"column":128}}]},"2":{"loc":{"start":{"line":21,"column":24},"end":{"line":21,"column":59}},"type":"cond-expr","locations":[{"start":{"line":21,"column":33},"end":{"line":21,"column":41}},{"start":{"line":21,"column":42},"end":{"line":21,"column":59}}]}},"s":{"0":1,"1":1,"2":11,"3":11,"4":2,"5":11,"6":11,"7":2,"8":1},"f":{"0":11,"1":2,"2":2},"b":{"0":[1,10],"1":[1,10],"2":[10,1]}}
,"/Users/jzegarram/metod/frontend-ezcommerce/src/components/cards/product-card.tsx": {"path":"/Users/jzegarram/metod/frontend-ezcommerce/src/components/cards/product-card.tsx","statementMap":{"0":{"start":{"line":1,"column":0},"end":{"line":1,"column":43}},"1":{"start":{"line":2,"column":0},"end":{"line":2,"column":59}},"2":{"start":{"line":3,"column":0},"end":{"line":3,"column":38}},"3":{"start":{"line":4,"column":0},"end":{"line":4,"column":43}},"4":{"start":{"line":5,"column":0},"end":{"line":5,"column":59}},"5":{"start":{"line":6,"column":0},"end":{"line":6,"column":71}},"6":{"start":{"line":17,"column":27},"end":{"line":86,"column":1}},"7":{"start":{"line":25,"column":19},"end":{"line":25,"column":32}},"8":{"start":{"line":26,"column":22},"end":{"line":26,"column":54}},"9":{"start":{"line":26,"column":28},"end":{"line":26,"column":54}},"10":{"start":{"line":28,"column":22},"end":{"line":28,"column":38}},"11":{"start":{"line":29,"column":42},"end":{"line":29,"column":64}},"12":{"start":{"line":31,"column":22},"end":{"line":31,"column":45}},"13":{"start":{"line":33,"column":2},"end":{"line":85,"column":4}},"14":{"start":{"line":39,"column":12},"end":{"line":39,"column":32}},"15":{"start":{"line":40,"column":12},"end":{"line":40,"column":32}},"16":{"start":{"line":77,"column":12},"end":{"line":77,"column":32}},"17":{"start":{"line":78,"column":12},"end":{"line":78,"column":24}},"18":{"start":{"line":17,"column":13},"end":{"line":17,"column":27}}},"fnMap":{"0":{"name":"(anonymous_0)","decl":{"start":{"line":17,"column":27},"end":{"line":17,"column":28}},"loc":{"start":{"line":24,"column":24},"end":{"line":86,"column":1}}},"1":{"name":"(anonymous_1)","decl":{"start":{"line":26,"column":22},"end":{"line":26,"column":25}},"loc":{"start":{"line":26,"column":28},"end":{"line":26,"column":54}}},"2":{"name":"(anonymous_2)","decl":{"start":{"line":38,"column":19},"end":{"line":38,"column":20}},"loc":{"start":{"line":38,"column":25},"end":{"line":41,"column":11}}},"3":{"name":"(anonymous_3)","decl":{"start":{"line":76,"column":19},"end":{"line":76,"column":20}},"loc":{"start":{"line":76,"column":25},"end":{"line":79,"column":11}}}},"branchMap":{"0":{"loc":{"start":{"line":45,"column":14},"end":{"line":45,"column":null}},"type":"cond-expr","locations":[{"start":{"line":45,"column":28},"end":{"line":45,"column":57}},{"start":{"line":45,"column":60},"end":{"line":45,"column":null}}]},"1":{"loc":{"start":{"line":46,"column":16},"end":{"line":46,"column":73}},"type":"binary-expr","locations":[{"start":{"line":46,"column":16},"end":{"line":46,"column":28}},{"start":{"line":46,"column":32},"end":{"line":46,"column":73}}]},"2":{"loc":{"start":{"line":59,"column":13},"end":{"line":64,"column":null}},"type":"binary-expr","locations":[{"start":{"line":59,"column":13},"end":{"line":59,"column":18}},{"start":{"line":60,"column":14},"end":{"line":63,"column":null}}]}},"s":{"0":1,"1":1,"2":1,"3":1,"4":1,"5":1,"6":1,"7":3,"8":3,"9":1,"10":3,"11":3,"12":3,"13":3,"14":0,"15":0,"16":1,"17":1,"18":1},"f":{"0":3,"1":1,"2":0,"3":1},"b":{"0":[0,3],"1":[3,3],"2":[3,3]}}
[...]
,"/Users/jzegarram/metod/frontend-ezcommerce/src/helpers/LoadCatalogos.ts": {"path":"/Users/jzegarram/metod/frontend-ezcommerce/src/helpers/LoadCatalogos.ts","statementMap":{"0":{"start":{"line":4,"column":29},"end":{"line":7,"column":1}},"1":{"start":{"line":5,"column":21},"end":{"line":5,"column":54}},"2":{"start":{"line":6,"column":4},"end":{"line":6,"column":33}}},"fnMap":{"0":{"name":"(anonymous_0)","decl":{"start":{"line":4,"column":29},"end":{"line":4,"column":34}},"loc":{"start":{"line":4,"column":58},"end":{"line":7,"column":1}}}},"branchMap":{},"s":{"0":0,"1":0,"2":0},"f":{"0":0},"b":{}}
,"/Users/jzegarram/metod/frontend-ezcommerce/src/helpers/LoadEtiquetas.ts": {"path":"/Users/jzegarram/metod/frontend-ezcommerce/src/helpers/LoadEtiquetas.ts","statementMap":{"0":{"start":{"line":1,"column":0},"end":{"line":1,"column":51}},"1":{"start":{"line":3,"column":29},"end":{"line":9,"column":3}},"2":{"start":{"line":4,"column":21},"end":{"line":4,"column":41}},"3":{"start":{"line":5,"column":4},"end":{"line":8,"column":8}},"4":{"start":{"line":5,"column":84},"end":{"line":8,"column":6}},"5":{"start":{"line":3,"column":13},"end":{"line":3,"column":29}}},"fnMap":{"0":{"name":"(anonymous_0)","decl":{"start":{"line":3,"column":29},"end":{"line":3,"column":34}},"loc":{"start":{"line":3,"column":40},"end":{"line":9,"column":3}}},"1":{"name":"(anonymous_1)","decl":{"start":{"line":5,"column":37},"end":{"line":5,"column":38}},"loc":{"start":{"line":5,"column":84},"end":{"line":8,"column":6}}}},"branchMap":{},"s":{"0":1,"1":1,"2":3,"3":2,"4":2,"5":1},"f":{"0":3,"1":2},"b":{}}
,"/Users/jzegarram/metod/frontend-ezcommerce/src/helpers/getImageMajor.ts": {"path":"/Users/jzegarram/metod/frontend-ezcommerce/src/helpers/getImageMajor.ts","statementMap":{"0":{"start":{"line":3,"column":30},"end":{"line":6,"column":1}},"1":{"start":{"line":4,"column":21},"end":{"line":4,"column":48}},"2":{"start":{"line":5,"column":4},"end":{"line":5,"column":33}}},"fnMap":{"0":{"name":"(anonymous_0)","decl":{"start":{"line":3,"column":30},"end":{"line":3,"column":35}},"loc":{"start":{"line":3,"column":60},"end":{"line":6,"column":1}}}},"branchMap":{},"s":{"0":0,"1":0,"2":0},"f":{"0":0},"b":{}}
,"/Users/jzegarram/metod/frontend-ezcommerce/src/helpers/getProducCart.ts": {"path":"/Users/jzegarram/metod/frontend-ezcommerce/src/helpers/getProducCart.ts","statementMap":{"0":{"start":{"line":1,"column":0},"end":{"line":1,"column":54}},"1":{"start":{"line":2,"column":0},"end":{"line":2,"column":49}},"2":{"start":{"line":3,"column":0},"end":{"line":3,"column":50}},"3":{"start":{"line":4,"column":0},"end":{"line":4,"column":49}},"4":{"start":{"line":16,"column":30},"end":{"line":59,"column":1}},"5":{"start":{"line":17,"column":2},"end":{"line":58,"column":3}},"6":{"start":{"line":18,"column":28},"end":{"line":18,"column":49}},"7":{"start":{"line":19,"column":20},"end":{"line":19,"column":40}},"8":{"start":{"line":21,"column":4},"end":{"line":23,"column":5}},"9":{"start":{"line":22,"column":6},"end":{"line":22,"column":65}},"10":{"start":{"line":25,"column":19},"end":{"line":25,"column":21}},"11":{"start":{"line":26,"column":4},"end":{"line":31,"column":5}},"12":{"start":{"line":27,"column":21},"end":{"line":27,"column":53}},"13":{"start":{"line":28,"column":6},"end":{"line":28,"column":71}},"14":{"start":{"line":30,"column":6},"end":{"line":30,"column":61}},"15":{"start":{"line":33,"column":23},"end":{"line":33,"column":44}},"16":{"start":{"line":34,"column":4},"end":{"line":44,"column":5}},"17":{"start":{"line":35,"column":31},"end":{"line":35,"column":73}},"18":{"start":{"line":36,"column":23},"end":{"line":36,"column":44}},"19":{"start":{"line":38,"column":6},"end":{"line":41,"column":7}},"20":{"start":{"line":39,"column":29},"end":{"line":39,"column":67}},"21":{"start":{"line":40,"column":8},"end":{"line":40,"column":66}},"22":{"start":{"line":43,"column":6},"end":{"line":43,"column":72}},"23":{"start":{"line":46,"column":4},"end":{"line":54,"column":6}},"24":{"start":{"line":56,"column":4},"end":{"line":56,"column":61}},"25":{"start":{"line":57,"column":4},"end":{"line":57,"column":16}},"26":{"start":{"line":16,"column":13},"end":{"line":16,"column":30}}},"fnMap":{"0":{"name":"(anonymous_0)","decl":{"start":{"line":16,"column":30},"end":{"line":16,"column":35}},"loc":{"start":{"line":16,"column":73},"end":{"line":59,"column":1}}}},"branchMap":{"0":{"loc":{"start":{"line":21,"column":4},"end":{"line":23,"column":5}},"type":"if","locations":[{"start":{"line":21,"column":4},"end":{"line":23,"column":5}}]},"1":{"loc":{"start":{"line":28,"column":17},"end":{"line":28,"column":70}},"type":"cond-expr","locations":[{"start":{"line":28,"column":37},"end":{"line":28,"column":50}},{"start":{"line":28,"column":53},"end":{"line":28,"column":70}}]},"2":{"loc":{"start":{"line":38,"column":6},"end":{"line":41,"column":7}},"type":"if","locations":[{"start":{"line":38,"column":6},"end":{"line":41,"column":7}}]},"3":{"loc":{"start":{"line":40,"column":23},"end":{"line":40,"column":65}},"type":"binary-expr","locations":[{"start":{"line":40,"column":23},"end":{"line":40,"column":49}},{"start":{"line":40,"column":53},"end":{"line":40,"column":65}}]}},"s":{"0":1,"1":1,"2":1,"3":1,"4":1,"5":6,"6":6,"7":5,"8":5,"9":0,"10":5,"11":5,"12":5,"13":0,"14":5,"15":5,"16":5,"17":5,"18":0,"19":0,"20":0,"21":0,"22":5,"23":5,"24":1,"25":1,"26":1},"f":{"0":6},"b":{"0":[0],"1":[0,0],"2":[0],"3":[0,0]}}
,"/Users/jzegarram/metod/frontend-ezcommerce/src/helpers/getUser.ts": {"path":"/Users/jzegarram/metod/frontend-ezcommerce/src/helpers/getUser.ts","statementMap":{"0":{"start":{"line":1,"column":0},"end":{"line":1,"column":49}},"1":{"start":{"line":3,"column":28},"end":{"line":6,"column":1}},"2":{"start":{"line":4,"column":21},"end":{"line":4,"column":46}},"3":{"start":{"line":5,"column":4},"end":{"line":5,"column":25}},"4":{"start":{"line":3,"column":13},"end":{"line":3,"column":28}}},"fnMap":{"0":{"name":"(anonymous_0)","decl":{"start":{"line":3,"column":28},"end":{"line":3,"column":33}},"loc":{"start":{"line":3,"column":53},"end":{"line":6,"column":1}}}},"branchMap":{},"s":{"0":1,"1":1,"2":4,"3":3,"4":1},"f":{"0":4},"b":{}}
,"/Users/jzegarram/metod/frontend-ezcommerce/src/hooks/use-toast.ts": {"path":"/Users/jzegarram/metod/frontend-ezcommerce/src/hooks/use-toast.ts","statementMap":{"0":{"start":{"line":194,"column":9},"end":{"line":194,"column":17}},"1":{"start":{"line":194,"column":19},"end":{"line":194,"column":24}},"2":{"start":{"line":4,"column":0},"end":{"line":4,"column":30}},"3":{"start":{"line":11,"column":20},"end":{"line":11,"column":21}},"4":{"start":{"line":12,"column":27},"end":{"line":12,"column":34}},"5":{"start":{"line":21,"column":20},"end":{"line":26,"column":null}},"6":{"start":{"line":28,"column":12},"end":{"line":28,"column":13}},"7":{"start":{"line":31,"column":2},"end":{"line":31,"column":null}},"8":{"start":{"line":32,"column":2},"end":{"line":32,"column":null}},"9":{"start":{"line":59,"column":22},"end":{"line":59,"column":70}},"10":{"start":{"line":61,"column":25},"end":{"line":75,"column":1}},"11":{"start":{"line":62,"column":2},"end":{"line":64,"column":3}},"12":{"start":{"line":63,"column":4},"end":{"line":63,"column":10}},"13":{"start":{"line":66,"column":18},"end":{"line":72,"column":24}},"14":{"start":{"line":67,"column":4},"end":{"line":67,"column":null}},"15":{"start":{"line":68,"column":4},"end":{"line":71,"column":null}},"16":{"start":{"line":74,"column":2},"end":{"line":74,"column":null}},"17":{"start":{"line":77,"column":23},"end":{"line":130,"column":1}},"18":{"start":{"line":78,"column":2},"end":{"line":129,"column":3}},"19":{"start":{"line":80,"column":6},"end":{"line":83,"column":null}},"20":{"start":{"line":86,"column":6},"end":{"line":91,"column":null}},"21":{"start":{"line":89,"column":10},"end":{"line":89,"column":66}},"22":{"start":{"line":94,"column":26},"end":{"line":94,"column":32}},"23":{"start":{"line":98,"column":6},"end":{"line":104,"column":7}},"24":{"start":{"line":99,"column":8},"end":{"line":99,"column":null}},"25":{"start":{"line":101,"column":8},"end":{"line":103,"column":null}},"26":{"start":{"line":102,"column":10},"end":{"line":102,"column":null}},"27":{"start":{"line":106,"column":6},"end":{"line":116,"column":null}},"28":{"start":{"line":109,"column":10},"end":{"line":114,"column":15}},"29":{"start":{"line":119,"column":6},"end":{"line":124,"column":7}},"30":{"start":{"line":120,"column":8},"end":{"line":123,"column":null}},"31":{"start":{"line":125,"column":6},"end":{"line":128,"column":null}},"32":{"start":{"line":127,"column":43},"end":{"line":127,"column":66}},"33":{"start":{"line":77,"column":13},"end":{"line":77,"column":23}},"34":{"start":{"line":132,"column":49},"end":{"line":132,"column":51}},"35":{"start":{"line":134,"column":25},"end":{"line":134,"column":39}},"36":{"start":{"line":137,"column":2},"end":{"line":137,"column":null}},"37":{"start":{"line":138,"column":2},"end":{"line":140,"column":null}},"38":{"start":{"line":139,"column":4},"end":{"line":139,"column":null}},"39":{"start":{"line":146,"column":13},"end":{"line":146,"column":20}},"40":{"start":{"line":148,"column":17},"end":{"line":152,"column":6}},"41":{"start":{"line":149,"column":4},"end":{"line":152,"column":6}},"42":{"start":{"line":153,"column":18},"end":{"line":153,"column":72}},"43":{"start":{"line":153,"column":24},"end":{"line":153,"column":72}},"44":{"start":{"line":155,"column":2},"end":{"line":165,"column":null}},"45":{"start":{"line":162,"column":8},"end":{"line":162,"column":null}},"46":{"start":{"line":162,"column":19},"end":{"line":162,"column":null}},"47":{"start":{"line":167,"column":2},"end":{"line":171,"column":null}},"48":{"start":{"line":175,"column":28},"end":{"line":175,"column":62}},"49":{"start":{"line":177,"column":2},"end":{"line":185,"column":null}},"50":{"start":{"line":178,"column":4},"end":{"line":178,"column":null}},"51":{"start":{"line":179,"column":4},"end":{"line":184,"column":null}},"52":{"start":{"line":180,"column":20},"end":{"line":180,"column":47}},"53":{"start":{"line":181,"column":6},"end":{"line":183,"column":7}},"54":{"start":{"line":182,"column":8},"end":{"line":182,"column":null}},"55":{"start":{"line":187,"column":2},"end":{"line":191,"column":null}},"56":{"start":{"line":190,"column":35},"end":{"line":190,"column":79}}},"fnMap":{"0":{"name":"genId","decl":{"start":{"line":30,"column":9},"end":{"line":30,"column":14}},"loc":{"start":{"line":30,"column":14},"end":{"line":33,"column":1}}},"1":{"name":"(anonymous_7)","decl":{"start":{"line":61,"column":25},"end":{"line":61,"column":26}},"loc":{"start":{"line":61,"column":45},"end":{"line":75,"column":1}}},"2":{"name":"(anonymous_8)","decl":{"start":{"line":66,"column":29},"end":{"line":66,"column":32}},"loc":{"start":{"line":66,"column":34},"end":{"line":72,"column":3}}},"3":{"name":"(anonymous_9)","decl":{"start":{"line":77,"column":23},"end":{"line":77,"column":24}},"loc":{"start":{"line":77,"column":63},"end":{"line":130,"column":1}}},"4":{"name":"(anonymous_10)","decl":{"start":{"line":88,"column":33},"end":{"line":88,"column":34}},"loc":{"start":{"line":89,"column":10},"end":{"line":89,"column":66}}},"5":{"name":"(anonymous_11)","decl":{"start":{"line":101,"column":29},"end":{"line":101,"column":30}},"loc":{"start":{"line":101,"column":39},"end":{"line":103,"column":9}}},"6":{"name":"(anonymous_12)","decl":{"start":{"line":108,"column":33},"end":{"line":108,"column":34}},"loc":{"start":{"line":109,"column":10},"end":{"line":114,"column":15}}},"7":{"name":"(anonymous_13)","decl":{"start":{"line":127,"column":36},"end":{"line":127,"column":37}},"loc":{"start":{"line":127,"column":43},"end":{"line":127,"column":66}}},"8":{"name":"dispatch","decl":{"start":{"line":136,"column":9},"end":{"line":136,"column":17}},"loc":{"start":{"line":136,"column":32},"end":{"line":141,"column":1}}},"9":{"name":"(anonymous_15)","decl":{"start":{"line":138,"column":20},"end":{"line":138,"column":21}},"loc":{"start":{"line":138,"column":33},"end":{"line":140,"column":3}}},"10":{"name":"toast","decl":{"start":{"line":145,"column":9},"end":{"line":145,"column":14}},"loc":{"start":{"line":145,"column":34},"end":{"line":172,"column":1}}},"11":{"name":"(anonymous_17)","decl":{"start":{"line":148,"column":17},"end":{"line":148,"column":18}},"loc":{"start":{"line":149,"column":4},"end":{"line":152,"column":6}}},"12":{"name":"(anonymous_18)","decl":{"start":{"line":153,"column":18},"end":{"line":153,"column":21}},"loc":{"start":{"line":153,"column":24},"end":{"line":153,"column":72}}},"13":{"name":"(anonymous_19)","decl":{"start":{"line":161,"column":20},"end":{"line":161,"column":21}},"loc":{"start":{"line":161,"column":29},"end":{"line":163,"column":7}}},"14":{"name":"useToast","decl":{"start":{"line":174,"column":9},"end":{"line":174,"column":17}},"loc":{"start":{"line":174,"column":17},"end":{"line":192,"column":1}}},"15":{"name":"(anonymous_21)","decl":{"start":{"line":177,"column":18},"end":{"line":177,"column":21}},"loc":{"start":{"line":177,"column":23},"end":{"line":185,"column":3}}},"16":{"name":"(anonymous_22)","decl":{"start":{"line":179,"column":11},"end":{"line":179,"column":14}},"loc":{"start":{"line":179,"column":16},"end":{"line":184,"column":5}}},"17":{"name":"(anonymous_23)","decl":{"start":{"line":190,"column":13},"end":{"line":190,"column":14}},"loc":{"start":{"line":190,"column":35},"end":{"line":190,"column":79}}}},"branchMap":{"0":{"loc":{"start":{"line":62,"column":2},"end":{"line":64,"column":3}},"type":"if","locations":[{"start":{"line":62,"column":2},"end":{"line":64,"column":3}}]},"1":{"loc":{"start":{"line":78,"column":2},"end":{"line":129,"column":3}},"type":"switch","locations":[{"start":{"line":79,"column":4},"end":{"line":83,"column":null}},{"start":{"line":85,"column":4},"end":{"line":91,"column":null}},{"start":{"line":93,"column":4},"end":{"line":117,"column":5}},{"start":{"line":118,"column":4},"end":{"line":128,"column":null}}]},"2":{"loc":{"start":{"line":89,"column":10},"end":{"line":89,"column":66}},"type":"cond-expr","locations":[{"start":{"line":89,"column":37},"end":{"line":89,"column":62}},{"start":{"line":89,"column":65},"end":{"line":89,"column":66}}]},"3":{"loc":{"start":{"line":98,"column":6},"end":{"line":104,"column":7}},"type":"if","locations":[{"start":{"line":98,"column":6},"end":{"line":104,"column":7}},{"start":{"line":100,"column":13},"end":{"line":104,"column":7}}]},"4":{"loc":{"start":{"line":109,"column":10},"end":{"line":114,"column":15}},"type":"cond-expr","locations":[{"start":{"line":110,"column":14},"end":{"line":113,"column":null}},{"start":{"line":114,"column":14},"end":{"line":114,"column":15}}]},"5":{"loc":{"start":{"line":109,"column":10},"end":{"line":109,"column":51}},"type":"binary-expr","locations":[{"start":{"line":109,"column":10},"end":{"line":109,"column":26}},{"start":{"line":109,"column":30},"end":{"line":109,"column":51}}]},"6":{"loc":{"start":{"line":119,"column":6},"end":{"line":124,"column":7}},"type":"if","locations":[{"start":{"line":119,"column":6},"end":{"line":124,"column":7}}]},"7":{"loc":{"start":{"line":162,"column":8},"end":{"line":162,"column":null}},"type":"if","locations":[{"start":{"line":162,"column":8},"end":{"line":162,"column":null}}]},"8":{"loc":{"start":{"line":181,"column":6},"end":{"line":183,"column":7}},"type":"if","locations":[{"start":{"line":181,"column":6},"end":{"line":183,"column":7}}]}},"s":{"0":1,"1":1,"2":1,"3":1,"4":1,"5":1,"6":1,"7":13,"8":13,"9":1,"10":1,"11":1,"12":0,"13":1,"14":0,"15":0,"16":1,"17":1,"18":14,"19":13,"20":0,"21":0,"22":1,"23":1,"24":1,"25":0,"26":0,"27":1,"28":1,"29":0,"30":0,"31":0,"32":0,"33":1,"34":1,"35":1,"36":14,"37":14,"38":14,"39":13,"40":13,"41":0,"42":13,"43":0,"44":13,"45":0,"46":0,"47":13,"48":22,"49":22,"50":22,"51":22,"52":22,"53":22,"54":22,"55":22,"56":1},"f":{"0":13,"1":1,"2":0,"3":14,"4":0,"5":0,"6":1,"7":0,"8":14,"9":14,"10":13,"11":0,"12":0,"13":0,"14":22,"15":22,"16":22,"17":1},"b":{"0":[0],"1":[13,0,1,0],"2":[0,0],"3":[1,0],"4":[1,0],"5":[1,0],"6":[0],"7":[0],"8":[22]}}
,"/Users/jzegarram/metod/frontend-ezcommerce/src/hooks/useAuth.tsx": {"path":"/Users/jzegarram/metod/frontend-ezcommerce/src/hooks/useAuth.tsx","statementMap":{"0":{"start":{"line":1,"column":0},"end":{"line":1,"column":48}},"1":{"start":{"line":2,"column":0},"end":{"line":2,"column":35}},"2":{"start":{"line":4,"column":23},"end":{"line":10,"column":1}},"3":{"start":{"line":5,"column":18},"end":{"line":5,"column":41}},"4":{"start":{"line":6,"column":2},"end":{"line":8,"column":3}},"5":{"start":{"line":7,"column":6},"end":{"line":7,"column":69}},"6":{"start":{"line":9,"column":2},"end":{"line":9,"column":17}},"7":{"start":{"line":4,"column":13},"end":{"line":4,"column":23}}},"fnMap":{"0":{"name":"(anonymous_1)","decl":{"start":{"line":4,"column":23},"end":{"line":4,"column":25}},"loc":{"start":{"line":4,"column":27},"end":{"line":10,"column":1}}}},"branchMap":{"0":{"loc":{"start":{"line":6,"column":2},"end":{"line":8,"column":3}},"type":"if","locations":[{"start":{"line":6,"column":2},"end":{"line":8,"column":3}}]}},"s":{"0":2,"1":2,"2":2,"3":3,"4":3,"5":0,"6":3,"7":2},"f":{"0":3},"b":{"0":[0]}}
,"/Users/jzegarram/metod/frontend-ezcommerce/src/hooks/useTrademark.tsx": {"path":"/Users/jzegarram/metod/frontend-ezcommerce/src/hooks/useTrademark.tsx","statementMap":{"0":{"start":{"line":4,"column":28},"end":{"line":10,"column":1}},"1":{"start":{"line":5,"column":18},"end":{"line":5,"column":46}},"2":{"start":{"line":6,"column":2},"end":{"line":8,"column":3}},"3":{"start":{"line":7,"column":6},"end":{"line":7,"column":79}},"4":{"start":{"line":9,"column":2},"end":{"line":9,"column":17}}},"fnMap":{"0":{"name":"(anonymous_0)","decl":{"start":{"line":4,"column":28},"end":{"line":4,"column":30}},"loc":{"start":{"line":4,"column":32},"end":{"line":10,"column":1}}}},"branchMap":{"0":{"loc":{"start":{"line":6,"column":2},"end":{"line":8,"column":3}},"type":"if","locations":[{"start":{"line":6,"column":2},"end":{"line":8,"column":3}}]}},"s":{"0":0,"1":0,"2":0,"3":0,"4":0},"f":{"0":0},"b":{"0":[0]}}
,"/Users/jzegarram/metod/frontend-ezcommerce/src/utils/strings.ts": {"path":"/Users/jzegarram/metod/frontend-ezcommerce/src/utils/strings.ts","statementMap":{"0":{"start":{"line":1,"column":30},"end":{"line":6,"column":1}},"1":{"start":{"line":2,"column":4},"end":{"line":4,"column":5}},"2":{"start":{"line":3,"column":8},"end":{"line":3,"column":48}},"3":{"start":{"line":5,"column":4},"end":{"line":5,"column":16}},"4":{"start":{"line":1,"column":13},"end":{"line":1,"column":30}},"5":{"start":{"line":8,"column":20},"end":{"line":9,"column":66}},"6":{"start":{"line":9,"column":2},"end":{"line":9,"column":66}},"7":{"start":{"line":9,"column":38},"end":{"line":9,"column":62}},"8":{"start":{"line":8,"column":13},"end":{"line":8,"column":20}}},"fnMap":{"0":{"name":"(anonymous_0)","decl":{"start":{"line":1,"column":30},"end":{"line":1,"column":31}},"loc":{"start":{"line":1,"column":74},"end":{"line":6,"column":1}}},"1":{"name":"(anonymous_1)","decl":{"start":{"line":8,"column":20},"end":{"line":8,"column":21}},"loc":{"start":{"line":9,"column":2},"end":{"line":9,"column":66}}},"2":{"name":"(anonymous_2)","decl":{"start":{"line":9,"column":23},"end":{"line":9,"column":24}},"loc":{"start":{"line":9,"column":38},"end":{"line":9,"column":62}}}},"branchMap":{"0":{"loc":{"start":{"line":2,"column":4},"end":{"line":4,"column":5}},"type":"if","locations":[{"start":{"line":2,"column":4},"end":{"line":4,"column":5}}]}},"s":{"0":2,"1":11,"2":5,"3":6,"4":2,"5":2,"6":145,"7":2254,"8":2},"f":{"0":11,"1":145,"2":2254},"b":{"0":[5]}}
}
