TN:
SF:src/api/api.ts
FN:10,(anonymous_1)
FN:18,(anonymous_2)
FN:23,(anonymous_3)
FN:24,(anonymous_4)
FN:33,(anonymous_5)
FN:34,(anonymous_6)
FNF:6
FNH:6
FNDA:21,(anonymous_1)
FNDA:17,(anonymous_2)
FNDA:17,(anonymous_3)
FNDA:4,(anonymous_4)
FNDA:1,(anonymous_5)
FNDA:3,(anonymous_6)
DA:1,5
DA:3,5
DA:4,5
DA:5,5
DA:7,5
DA:11,21
DA:17,5
DA:19,17
DA:20,17
DA:24,17
DA:25,4
DA:26,3
DA:27,1
DA:29,3
DA:32,17
DA:33,1
DA:35,3
DA:37,3
DA:38,0
DA:40,0
DA:41,0
DA:42,0
DA:43,0
DA:44,0
DA:46,0
DA:47,0
DA:49,0
DA:50,0
DA:51,0
DA:55,3
LF:30
LH:19
BRDA:25,0,0,4
BRDA:25,0,1,0
BRDA:26,1,0,1
BRDA:37,2,0,0
BRDA:37,3,0,3
BRDA:37,3,1,1
BRDA:42,4,0,0
BRF:7
BRH:4
end_of_record
TN:
SF:src/api/apiArticulos.ts
FN:25,(anonymous_1)
FN:36,(anonymous_2)
FN:43,(anonymous_3)
FN:47,(anonymous_4)
FN:51,(anonymous_5)
FN:55,(anonymous_6)
FN:59,(anonymous_7)
FN:63,(anonymous_8)
FNF:8
FNH:6
FNDA:0,(anonymous_1)
FNDA:0,(anonymous_2)
FNDA:2,(anonymous_3)
FNDA:1,(anonymous_4)
FNDA:1,(anonymous_5)
FNDA:1,(anonymous_6)
FNDA:1,(anonymous_7)
FNDA:1,(anonymous_8)
DA:1,1
DA:2,1
DA:4,1
DA:19,1
DA:24,1
DA:26,0
DA:27,0
DA:29,0
DA:30,0
DA:32,0
DA:34,0
DA:37,0
DA:43,1
DA:44,2
DA:47,1
DA:48,1
DA:51,1
DA:52,1
DA:55,1
DA:56,1
DA:59,1
DA:60,1
DA:63,1
DA:64,1
LF:24
LH:17
BRDA:26,0,0,0
BRDA:26,0,1,0
BRDA:27,1,0,0
BRDA:27,1,1,0
BRDA:29,2,0,0
BRDA:29,2,1,0
BRDA:38,3,0,0
BRDA:38,3,1,0
BRF:8
BRH:0
end_of_record
TN:
SF:src/api/apiCatalogos.ts
FN:10,(anonymous_1)
FN:14,(anonymous_2)
FNF:2
FNH:2
FNDA:2,(anonymous_1)
FNDA:1,(anonymous_2)
DA:1,1
DA:2,1
DA:4,1
DA:6,1
DA:10,1
DA:11,2
DA:14,1
DA:15,1
LF:8
LH:8
BRF:0
BRH:0
end_of_record
TN:
SF:src/api/apiEtiquetas.ts
FN:17,(anonymous_1)
FNF:1
FNH:1
FNDA:2,(anonymous_1)
DA:1,1
DA:2,1
DA:4,1
DA:13,1
DA:17,1
DA:18,2
LF:6
LH:6
BRF:0
BRH:0
end_of_record
TN:
SF:src/api/apiFacultades.ts
FN:16,(anonymous_1)
FNF:1
FNH:1
FNDA:2,(anonymous_1)
DA:1,1
DA:2,1
DA:4,1
DA:12,1
DA:16,1
DA:17,2
LF:6
LH:6
BRF:0
BRH:0
end_of_record
TN:
SF:src/api/apiImages.ts
FN:16,(anonymous_1)
FN:26,(anonymous_2)
FN:34,(anonymous_3)
FN:38,(anonymous_4)
FN:42,(anonymous_5)
FN:46,(anonymous_6)
FN:50,(anonymous_7)
FNF:7
FNH:6
FNDA:5,(anonymous_1)
FNDA:0,(anonymous_2)
FNDA:1,(anonymous_3)
FNDA:1,(anonymous_4)
FNDA:1,(anonymous_5)
FNDA:1,(anonymous_6)
FNDA:1,(anonymous_7)
DA:1,1
DA:2,1
DA:10,1
DA:15,1
DA:17,5
DA:18,5
DA:20,5
DA:21,0
DA:24,5
DA:27,0
DA:34,1
DA:35,1
DA:38,1
DA:39,1
DA:42,1
DA:43,1
DA:46,1
DA:47,1
DA:50,1
DA:51,1
LF:20
LH:18
BRDA:17,0,0,5
BRDA:17,0,1,5
BRDA:18,1,0,5
BRDA:18,1,1,5
BRDA:20,2,0,0
BRDA:28,3,0,0
BRDA:28,3,1,0
BRF:7
BRH:4
end_of_record
TN:
SF:src/api/apiMarcas.ts
FN:6,(anonymous_0)
FN:9,(anonymous_1)
FN:17,(anonymous_2)
FN:25,(anonymous_3)
FN:28,(anonymous_4)
FNF:5
FNH:5
FNDA:1,(anonymous_0)
FNDA:1,(anonymous_1)
FNDA:1,(anonymous_2)
FNDA:1,(anonymous_3)
FNDA:1,(anonymous_4)
DA:2,1
DA:6,1
DA:7,1
DA:9,1
DA:10,1
DA:13,1
DA:17,1
DA:18,1
DA:21,1
DA:25,1
DA:26,1
DA:28,1
DA:29,1
DA:32,1
LF:14
LH:14
BRF:0
BRH:0
end_of_record
TN:
SF:src/api/apiUsuarios.ts
FN:12,(anonymous_1)
FN:20,(anonymous_2)
FN:28,(anonymous_3)
FN:32,(anonymous_4)
FN:38,(anonymous_5)
FNF:5
FNH:3
FNDA:0,(anonymous_1)
FNDA:0,(anonymous_2)
FNDA:6,(anonymous_3)
FNDA:6,(anonymous_4)
FNDA:4,(anonymous_5)
DA:2,2
DA:3,2
DA:6,2
DA:11,2
DA:13,0
DA:14,0
DA:15,0
DA:16,0
DA:18,0
DA:21,0
DA:28,2
DA:29,6
DA:32,2
DA:33,6
DA:37,2
DA:38,7
DA:39,4
DA:42,2
LF:18
LH:12
BRDA:13,0,0,0
BRDA:13,0,1,0
BRDA:14,1,0,0
BRDA:14,1,1,0
BRDA:15,2,0,0
BRDA:22,3,0,0
BRDA:22,3,1,0
BRF:7
BRH:0
end_of_record
TN:
SF:src/components/Epica03/paginationComponent.tsx
FN:17,(anonymous_0)
FN:39,(anonymous_1)
FN:47,(anonymous_2)
FN:51,(anonymous_3)
FN:65,(anonymous_4)
FNF:5
FNH:5
FNDA:19,(anonymous_0)
FNDA:5,(anonymous_1)
FNDA:82,(anonymous_2)
FNDA:3,(anonymous_3)
FNDA:5,(anonymous_4)
DA:1,1
DA:17,1
DA:24,19
DA:25,19
DA:27,19
DA:28,19
DA:29,82
DA:32,19
DA:40,5
DA:41,5
DA:48,82
DA:52,3
DA:53,3
DA:66,5
DA:67,5
LF:15
LH:15
BRDA:18,0,0,0
BRDA:21,1,0,0
BRDA:41,2,0,2
BRDA:67,3,0,2
BRF:4
BRH:2
end_of_record
TN:
SF:src/components/Epica04/AccordionShoppingCart.tsx
FN:7,(anonymous_0)
FN:11,(anonymous_1)
FN:12,(anonymous_2)
FN:20,(anonymous_3)
FN:30,(anonymous_4)
FN:37,(anonymous_5)
FNF:6
FNH:6
FNDA:4,(anonymous_0)
FNDA:2,(anonymous_1)
FNDA:1,(anonymous_2)
FNDA:2,(anonymous_3)
FNDA:1,(anonymous_4)
FNDA:1,(anonymous_5)
DA:1,1
DA:2,1
DA:3,1
DA:5,1
DA:7,1
DA:8,4
DA:9,4
DA:11,4
DA:12,2
DA:13,1
DA:14,1
DA:15,1
DA:16,1
DA:20,4
DA:21,2
DA:24,4
DA:25,2
DA:28,2
DA:31,1
DA:38,1
LF:20
LH:20
BRDA:13,0,0,1
BRDA:13,0,1,0
BRDA:14,1,0,1
BRDA:24,2,0,2
BRF:4
BRH:3
end_of_record
TN:
SF:src/components/Epica04/CardFavourite.tsx
FN:5,(anonymous_0)
FNF:1
FNH:1
FNDA:2,(anonymous_0)
DA:1,1
DA:2,1
DA:3,1
DA:5,1
DA:6,2
LF:5
LH:5
BRF:0
BRH:0
end_of_record
TN:
SF:src/components/Epica04/CardOrderSummary.tsx
FN:5,(anonymous_0)
FN:8,(anonymous_1)
FN:9,(anonymous_2)
FNF:3
FNH:3
FNDA:2,(anonymous_0)
FNDA:2,(anonymous_1)
FNDA:2,(anonymous_2)
DA:1,1
DA:2,1
DA:3,1
DA:5,1
DA:6,2
DA:8,2
DA:9,2
DA:11,2
DA:12,1
DA:15,1
LF:10
LH:10
BRDA:11,0,0,1
BRF:1
BRH:1
end_of_record
TN:
SF:src/components/Epica04/CardPublishedEdit.tsx
FN:21,(anonymous_0)
FN:28,(anonymous_1)
FN:29,(anonymous_2)
FN:94,(anonymous_3)
FNF:4
FNH:4
FNDA:7,(anonymous_0)
FNDA:5,(anonymous_1)
FNDA:5,(anonymous_2)
FNDA:1,(anonymous_3)
DA:1,1
DA:2,1
DA:3,1
DA:4,1
DA:5,1
DA:6,1
DA:7,1
DA:21,1
DA:25,7
DA:26,7
DA:28,7
DA:29,5
DA:30,5
DA:31,5
DA:32,5
DA:34,0
DA:35,0
DA:37,5
DA:41,5
DA:45,7
DA:46,5
DA:51,2
DA:52,1
DA:60,1
DA:67,7
DA:94,1
LF:26
LH:24
BRDA:32,0,0,5
BRDA:32,0,1,1
BRDA:45,1,0,5
BRDA:45,1,1,2
BRDA:51,2,0,1
BRDA:51,2,1,1
BRF:6
BRH:6
end_of_record
TN:
SF:src/components/Epica04/CardShoppingCart.tsx
FN:12,(anonymous_1)
FN:15,(anonymous_2)
FN:19,(anonymous_3)
FN:42,(anonymous_4)
FNF:4
FNH:1
FNDA:5,(anonymous_1)
FNDA:0,(anonymous_2)
FNDA:0,(anonymous_3)
FNDA:0,(anonymous_4)
DA:1,1
DA:2,1
DA:3,1
DA:4,1
DA:6,1
DA:12,1
DA:13,5
DA:15,5
DA:16,0
DA:19,5
DA:20,0
DA:21,0
DA:24,5
DA:42,0
LF:14
LH:10
BRDA:20,0,0,0
BRDA:29,1,0,5
BRDA:29,1,1,0
BRF:3
BRH:1
end_of_record
TN:
SF:src/components/Epica04/ModalDeleteProduct.tsx
FN:22,(anonymous_0)
FN:29,(anonymous_1)
FNF:2
FNH:2
FNDA:20,(anonymous_0)
FNDA:4,(anonymous_1)
DA:1,2
DA:2,2
DA:3,2
DA:4,2
DA:15,2
DA:22,2
DA:26,20
DA:27,20
DA:29,20
DA:30,4
DA:31,4
DA:33,4
DA:34,4
DA:35,2
DA:36,2
DA:38,1
DA:39,1
DA:40,1
DA:44,20
LF:19
LH:19
BRDA:48,0,0,5
BRDA:48,0,1,15
BRDA:62,1,0,20
BRDA:62,1,1,1
BRDA:70,2,0,5
BRDA:70,2,1,15
BRF:6
BRH:6
end_of_record
TN:
SF:src/components/Epica04/ProductForm.tsx
FN:16,(anonymous_0)
FN:25,(anonymous_1)
FN:31,(anonymous_2)
FN:32,(anonymous_3)
FN:35,(anonymous_4)
FN:65,(anonymous_5)
FN:71,(anonymous_6)
FN:87,(anonymous_7)
FN:100,(anonymous_8)
FN:113,(anonymous_9)
FN:126,(anonymous_10)
FN:135,(anonymous_11)
FN:140,(anonymous_12)
FN:146,(anonymous_13)
FN:150,(anonymous_14)
FN:171,(anonymous_15)
FN:212,(anonymous_16)
FNF:17
FNH:1
FNDA:12,(anonymous_0)
FNDA:0,(anonymous_1)
FNDA:0,(anonymous_2)
FNDA:0,(anonymous_3)
FNDA:0,(anonymous_4)
FNDA:0,(anonymous_5)
FNDA:0,(anonymous_6)
FNDA:0,(anonymous_7)
FNDA:0,(anonymous_8)
FNDA:0,(anonymous_9)
FNDA:0,(anonymous_10)
FNDA:0,(anonymous_11)
FNDA:0,(anonymous_12)
FNDA:0,(anonymous_13)
FNDA:0,(anonymous_14)
FNDA:0,(anonymous_15)
FNDA:0,(anonymous_16)
DA:1,1
DA:2,1
DA:3,1
DA:4,1
DA:5,1
DA:6,1
DA:7,1
DA:8,1
DA:9,1
DA:10,1
DA:11,1
DA:12,1
DA:13,1
DA:16,1
DA:18,12
DA:20,12
DA:21,12
DA:22,12
DA:23,12
DA:25,12
DA:26,0
DA:27,0
DA:31,12
DA:32,0
DA:35,12
DA:36,0
DA:37,0
DA:38,0
DA:40,12
DA:42,12
DA:66,0
DA:72,0
DA:88,0
DA:101,0
DA:114,0
DA:127,0
DA:136,0
DA:141,0
DA:147,0
DA:148,0
DA:150,0
DA:151,0
DA:172,0
DA:212,0
LF:44
LH:24
BRDA:26,0,0,0
BRDA:45,1,0,2
BRDA:45,1,1,10
BRDA:148,2,0,0
BRDA:148,2,1,0
BRF:5
BRH:2
end_of_record
TN:
SF:src/components/Epica04/formulario/ImagePreviewModal.tsx
FN:8,(anonymous_6)
FN:18,(anonymous_7)
FNF:2
FNH:2
FNDA:17,(anonymous_6)
FNDA:2,(anonymous_7)
DA:1,2
DA:8,2
DA:9,17
DA:11,4
DA:18,2
LF:5
LH:5
BRDA:9,0,0,13
BRF:1
BRH:1
end_of_record
TN:
SF:src/components/Epica04/formulario/ImageUpload.tsx
FN:16,(anonymous_1)
FN:39,(anonymous_2)
FN:51,(anonymous_3)
FN:55,(anonymous_4)
FN:61,(anonymous_5)
FN:70,(anonymous_6)
FNF:6
FNH:5
FNDA:15,(anonymous_1)
FNDA:18,(anonymous_2)
FNDA:15,(anonymous_3)
FNDA:15,(anonymous_4)
FNDA:1,(anonymous_5)
FNDA:0,(anonymous_6)
DA:1,2
DA:3,2
DA:4,2
DA:5,2
DA:6,2
DA:16,2
DA:17,15
DA:21,15
DA:26,15
DA:39,2
DA:46,18
DA:51,15
DA:56,15
DA:62,1
DA:63,1
DA:71,0
DA:72,0
LF:17
LH:15
BRDA:81,0,0,18
BRDA:81,0,1,17
BRF:2
BRH:2
end_of_record
TN:
SF:src/components/Epica08/HelpAndSoport.tsx
FN:46,(anonymous_6)
FN:62,onSubmit
FN:87,(anonymous_8)
FN:98,(anonymous_9)
FN:124,(anonymous_10)
FN:147,(anonymous_11)
FN:160,(anonymous_12)
FN:176,(anonymous_13)
FN:180,(anonymous_14)
FNF:9
FNH:6
FNDA:15,(anonymous_6)
FNDA:0,onSubmit
FNDA:0,(anonymous_8)
FNDA:4,(anonymous_9)
FNDA:4,(anonymous_10)
FNDA:4,(anonymous_11)
FNDA:4,(anonymous_12)
FNDA:4,(anonymous_13)
FNDA:0,(anonymous_14)
DA:2,1
DA:3,1
DA:4,1
DA:5,1
DA:6,1
DA:7,1
DA:8,1
DA:9,1
DA:17,1
DA:25,1
DA:32,1
DA:33,1
DA:35,1
DA:46,1
DA:48,15
DA:49,15
DA:50,15
DA:52,15
DA:64,0
DA:65,0
DA:68,15
DA:69,0
DA:72,15
DA:87,0
DA:98,4
DA:125,4
DA:148,4
DA:161,4
DA:177,4
DA:180,0
LF:30
LH:25
BRDA:68,0,0,0
BRDA:68,1,0,15
BRDA:68,1,1,6
BRDA:77,2,0,4
BRDA:77,2,1,11
BRDA:78,3,0,15
BRDA:78,3,1,11
BRDA:111,4,0,15
BRDA:111,4,1,4
BRF:9
BRH:8
end_of_record
TN:
SF:src/components/Epica08/RecoverAccountModal.tsx
FN:46,(anonymous_0)
FN:52,(anonymous_1)
FN:67,onSubmit1
FN:87,onSubmit2
FN:109,onSubmit3
FN:120,(anonymous_5)
FN:125,(anonymous_6)
FN:136,(anonymous_7)
FN:164,(anonymous_8)
FN:208,(anonymous_9)
FN:253,(anonymous_10)
FN:269,(anonymous_11)
FN:286,(anonymous_12)
FN:305,(anonymous_13)
FNF:14
FNH:13
FNDA:2,(anonymous_0)
FNDA:45,(anonymous_1)
FNDA:5,onSubmit1
FNDA:4,onSubmit2
FNDA:1,onSubmit3
FNDA:2,(anonymous_5)
FNDA:2,(anonymous_6)
FNDA:8,(anonymous_7)
FNDA:16,(anonymous_8)
FNDA:9,(anonymous_9)
FNDA:10,(anonymous_10)
FNDA:10,(anonymous_11)
FNDA:10,(anonymous_12)
FNDA:0,(anonymous_13)
DA:1,1
DA:2,1
DA:3,1
DA:4,1
DA:5,1
DA:6,1
DA:14,1
DA:15,1
DA:16,1
DA:17,1
DA:20,1
DA:28,1
DA:35,1
DA:46,2
DA:52,1
DA:53,45
DA:55,44
DA:56,44
DA:57,44
DA:58,44
DA:60,44
DA:68,5
DA:70,5
DA:71,5
DA:74,0
DA:75,0
DA:80,44
DA:88,4
DA:90,4
DA:91,4
DA:94,0
DA:95,0
DA:100,44
DA:110,1
DA:112,1
DA:113,1
DA:116,0
DA:120,44
DA:121,2
DA:122,2
DA:125,44
DA:126,2
DA:127,2
DA:128,2
DA:131,44
DA:136,8
DA:165,16
DA:209,9
DA:254,10
DA:270,10
DA:287,10
DA:305,0
LF:52
LH:46
BRDA:133,0,0,44
BRDA:133,0,1,34
BRDA:140,1,0,44
BRDA:140,1,1,25
BRDA:185,2,0,44
BRDA:185,2,1,9
BRDA:229,3,0,44
BRDA:229,3,1,10
BRF:8
BRH:8
end_of_record
TN:
SF:src/components/Epica1/ModalMessage.tsx
FN:24,(anonymous_0)
FN:34,(anonymous_1)
FNF:2
FNH:2
FNDA:3,(anonymous_0)
FNDA:1,(anonymous_1)
DA:2,1
DA:3,1
DA:24,1
DA:34,3
DA:36,3
LF:5
LH:5
BRDA:29,0,0,0
BRDA:34,1,0,3
BRDA:34,1,1,2
BRDA:41,2,0,3
BRDA:41,2,1,0
BRF:5
BRH:3
end_of_record
TN:
SF:src/components/Epica1/PrivateRoute.tsx
FN:9,(anonymous_0)
FNF:1
FNH:1
FNDA:2,(anonymous_0)
DA:1,1
DA:2,1
DA:9,1
DA:10,2
DA:12,2
LF:5
LH:5
BRDA:12,0,0,1
BRDA:12,0,1,1
BRF:2
BRH:2
end_of_record
TN:
SF:src/components/Epica5/GratisModal.tsx
FN:5,(anonymous_0)
FNF:1
FNH:1
FNDA:4,(anonymous_0)
DA:1,1
DA:2,1
DA:3,1
DA:5,1
DA:6,4
DA:8,4
LF:6
LH:6
BRF:0
BRH:0
end_of_record
TN:
SF:src/components/Epica5/LoginModal.tsx
FN:6,(anonymous_0)
FN:15,(anonymous_1)
FNF:2
FNH:2
FNDA:6,(anonymous_0)
FNDA:1,(anonymous_1)
DA:1,1
DA:2,1
DA:3,1
DA:4,1
DA:6,1
DA:7,6
DA:8,6
DA:10,6
DA:15,1
LF:9
LH:9
BRF:0
BRH:0
end_of_record
TN:
SF:src/components/Epica5/PlanCard.tsx
FN:13,(anonymous_0)
FN:17,handleSeleccionarPlan
FN:51,(anonymous_2)
FNF:3
FNH:3
FNDA:10,(anonymous_0)
FNDA:2,handleSeleccionarPlan
FNDA:24,(anonymous_2)
DA:1,1
DA:2,1
DA:3,1
DA:4,1
DA:6,1
DA:7,1
DA:13,1
DA:14,10
DA:15,10
DA:18,2
DA:19,1
DA:20,1
DA:21,1
DA:22,1
DA:23,1
DA:24,1
DA:26,0
DA:30,10
DA:52,24
LF:19
LH:18
BRDA:18,0,0,1
BRDA:18,0,1,1
BRDA:18,1,0,2
BRDA:18,1,1,2
BRDA:22,2,0,1
BRDA:22,2,1,0
BRDA:22,3,0,1
BRDA:22,3,1,1
BRDA:38,4,0,7
BRDA:38,4,1,3
BRDA:41,5,0,6
BRDA:41,5,1,1
BRDA:63,6,0,10
BRDA:63,6,1,10
BRF:14
BRH:13
end_of_record
TN:
SF:src/components/cards/categories-card.tsx
FN:12,(anonymous_0)
FN:14,(anonymous_1)
FN:20,(anonymous_2)
FNF:3
FNH:3
FNDA:11,(anonymous_0)
FNDA:2,(anonymous_1)
FNDA:2,(anonymous_2)
DA:1,1
DA:12,1
DA:13,11
DA:14,11
DA:16,11
DA:18,11
DA:20,2
LF:7
LH:7
BRDA:16,0,0,1
BRDA:16,0,1,10
BRDA:19,1,0,1
BRDA:19,1,1,10
BRDA:21,2,0,10
BRDA:21,2,1,1
BRF:6
BRH:6
end_of_record
TN:
SF:src/components/cards/product-card.tsx
FN:17,(anonymous_0)
FN:26,(anonymous_1)
FN:38,(anonymous_2)
FN:76,(anonymous_3)
FNF:4
FNH:3
FNDA:3,(anonymous_0)
FNDA:1,(anonymous_1)
FNDA:0,(anonymous_2)
FNDA:1,(anonymous_3)
DA:1,1
DA:2,1
DA:3,1
DA:4,1
DA:5,1
DA:6,1
DA:17,1
DA:25,3
DA:26,3
DA:28,3
DA:29,3
DA:31,3
DA:33,3
DA:39,0
DA:40,0
DA:77,1
DA:78,1
LF:17
LH:15
BRDA:45,0,0,0
BRDA:45,0,1,3
BRDA:46,1,0,3
BRDA:46,1,1,3
BRDA:59,2,0,3
BRDA:59,2,1,3
BRF:6
BRH:5
end_of_record
TN:
SF:src/components/cards/sellers-card.tsx
FN:9,(anonymous_1)
FN:15,(anonymous_2)
FNF:2
FNH:2
FNDA:2,(anonymous_1)
FNDA:1,(anonymous_2)
DA:1,2
DA:2,2
DA:3,2
DA:9,2
DA:14,2
DA:15,2
DA:17,2
LF:7
LH:7
BRF:0
BRH:0
end_of_record
TN:
SF:src/components/layouts/AvatarComponent.tsx
FN:7,(anonymous_0)
FNF:1
FNH:1
FNDA:3,(anonymous_0)
DA:1,1
DA:7,1
DA:8,3
LF:3
LH:3
BRF:0
BRH:0
end_of_record
TN:
SF:src/components/layouts/Footer.tsx
FN:4,(anonymous_0)
FNF:1
FNH:1
FNDA:25,(anonymous_0)
DA:1,1
DA:2,1
DA:4,1
DA:5,25
LF:4
LH:4
BRF:0
BRH:0
end_of_record
TN:
SF:src/components/layouts/Layout.tsx
FN:6,(anonymous_0)
FNF:1
FNH:1
FNDA:3,(anonymous_0)
DA:1,1
DA:2,1
DA:3,1
DA:4,1
DA:6,1
DA:7,3
LF:6
LH:6
BRF:0
BRH:0
end_of_record
TN:
SF:src/components/layouts/MenuAccount.tsx
FN:28,(anonymous_0)
FN:55,(anonymous_1)
FN:57,onLogoutClick
FN:65,(anonymous_3)
FN:67,(anonymous_4)
FN:90,(anonymous_5)
FN:105,(anonymous_6)
FNF:7
FNH:0
FNDA:0,(anonymous_0)
FNDA:0,(anonymous_1)
FNDA:0,onLogoutClick
FNDA:0,(anonymous_3)
FNDA:0,(anonymous_4)
FNDA:0,(anonymous_5)
FNDA:0,(anonymous_6)
DA:28,0
DA:29,0
DA:32,0
DA:55,0
DA:56,0
DA:58,0
DA:59,0
DA:61,0
DA:63,0
DA:65,0
DA:66,0
DA:67,0
DA:68,0
DA:73,0
DA:91,0
DA:106,0
LF:16
LH:0
BRDA:66,0,0,0
BRDA:92,1,0,0
BRDA:92,1,1,0
BRF:3
BRH:0
end_of_record
TN:
SF:src/components/layouts/MenuFaculties.tsx
FN:12,(anonymous_0)
FN:23,(anonymous_1)
FNF:2
FNH:2
FNDA:10,(anonymous_0)
FNDA:60,(anonymous_1)
DA:1,1
DA:7,1
DA:8,1
DA:10,1
DA:12,1
DA:13,10
DA:24,60
LF:7
LH:7
BRF:0
BRH:0
end_of_record
TN:
SF:src/components/layouts/Navbar.tsx
FN:19,(anonymous_0)
FN:30,(anonymous_1)
FN:60,(anonymous_2)
FN:61,(anonymous_3)
FN:74,(anonymous_4)
FN:91,(anonymous_5)
FN:97,(anonymous_6)
FNF:7
FNH:0
FNDA:0,(anonymous_0)
FNDA:0,(anonymous_1)
FNDA:0,(anonymous_2)
FNDA:0,(anonymous_3)
FNDA:0,(anonymous_4)
FNDA:0,(anonymous_5)
FNDA:0,(anonymous_6)
DA:11,0
DA:19,0
DA:20,0
DA:21,0
DA:22,0
DA:24,0
DA:30,0
DA:31,0
DA:32,0
DA:34,0
DA:38,0
DA:60,0
DA:61,0
DA:75,0
DA:91,0
DA:97,0
LF:16
LH:0
BRDA:31,0,0,0
BRDA:31,0,1,0
BRDA:61,1,0,0
BRDA:61,1,1,0
BRDA:72,2,0,0
BRDA:72,2,1,0
BRF:6
BRH:0
end_of_record
TN:
SF:src/components/layouts/NavigationComponent.tsx
FN:20,(anonymous_0)
FN:24,(anonymous_1)
FN:39,(anonymous_2)
FN:43,(anonymous_3)
FNF:4
FNH:0
FNDA:0,(anonymous_0)
FNDA:0,(anonymous_1)
FNDA:0,(anonymous_2)
FNDA:0,(anonymous_3)
DA:14,0
DA:20,0
DA:21,0
DA:22,0
DA:24,0
DA:25,0
DA:26,0
DA:28,0
DA:32,0
DA:40,0
DA:43,0
LF:11
LH:0
BRDA:25,0,0,0
BRDA:25,0,1,0
BRF:2
BRH:0
end_of_record
TN:
SF:src/components/layouts/SheetComponent.tsx
FN:15,(anonymous_0)
FN:24,(anonymous_1)
FN:29,(anonymous_2)
FN:30,(anonymous_3)
FN:69,(anonymous_4)
FN:74,(anonymous_5)
FNF:6
FNH:0
FNDA:0,(anonymous_0)
FNDA:0,(anonymous_1)
FNDA:0,(anonymous_2)
FNDA:0,(anonymous_3)
FNDA:0,(anonymous_4)
FNDA:0,(anonymous_5)
DA:15,0
DA:16,0
DA:17,0
DA:18,0
DA:19,0
DA:21,0
DA:24,0
DA:25,0
DA:26,0
DA:29,0
DA:30,0
DA:31,0
DA:32,0
DA:33,0
DA:34,0
DA:35,0
DA:37,0
DA:38,0
DA:40,0
DA:44,0
DA:47,0
DA:70,0
DA:74,0
LF:23
LH:0
BRDA:62,0,0,0
BRDA:62,0,1,0
BRDA:64,1,0,0
BRDA:64,1,1,0
BRDA:68,2,0,0
BRDA:68,2,1,0
BRF:6
BRH:0
end_of_record
TN:
SF:src/context/AuthContext.tsx
FN:19,(anonymous_1)
FN:20,(anonymous_2)
FN:33,(anonymous_3)
FN:37,(anonymous_4)
FN:64,(anonymous_5)
FN:86,(anonymous_6)
FN:91,(anonymous_7)
FNF:7
FNH:5
FNDA:3,(anonymous_1)
FNDA:2,(anonymous_2)
FNDA:2,(anonymous_3)
FNDA:2,(anonymous_4)
FNDA:0,(anonymous_5)
FNDA:1,(anonymous_6)
FNDA:0,(anonymous_7)
DA:1,4
DA:2,4
DA:3,4
DA:5,4
DA:15,4
DA:19,4
DA:20,3
DA:21,2
DA:24,2
DA:25,0
DA:26,0
DA:27,0
DA:29,2
DA:31,3
DA:33,3
DA:34,2
DA:37,3
DA:38,2
DA:41,2
DA:42,0
DA:43,0
DA:46,0
DA:47,0
DA:48,0
DA:49,0
DA:53,0
DA:55,0
DA:56,0
DA:57,0
DA:60,2
DA:64,3
DA:65,0
DA:66,0
DA:70,0
DA:74,0
DA:75,0
DA:79,0
DA:81,0
DA:82,0
DA:86,3
DA:87,1
DA:88,1
DA:91,3
DA:92,0
DA:95,3
DA:104,4
LF:46
LH:24
BRDA:22,0,0,2
BRDA:22,0,1,2
BRDA:24,1,0,0
BRDA:39,2,0,2
BRDA:39,2,1,2
BRDA:41,3,0,0
BRDA:41,3,1,2
BRF:7
BRH:5
end_of_record
TN:
SF:src/context/CartContext.tsx
FN:15,(anonymous_6)
FN:23,(anonymous_7)
FN:28,(anonymous_8)
FN:34,(anonymous_9)
FN:51,(anonymous_10)
FN:57,(anonymous_11)
FN:61,(anonymous_12)
FN:63,(anonymous_13)
FN:68,(anonymous_14)
FN:83,(anonymous_15)
FN:84,(anonymous_16)
FN:85,(anonymous_17)
FN:90,(anonymous_18)
FN:91,(anonymous_19)
FN:92,(anonymous_20)
FN:99,(anonymous_21)
FNF:16
FNH:6
FNDA:3,(anonymous_6)
FNDA:5,(anonymous_7)
FNDA:2,(anonymous_8)
FNDA:0,(anonymous_9)
FNDA:5,(anonymous_10)
FNDA:1,(anonymous_11)
FNDA:1,(anonymous_12)
FNDA:0,(anonymous_13)
FNDA:0,(anonymous_14)
FNDA:0,(anonymous_15)
FNDA:0,(anonymous_16)
FNDA:0,(anonymous_17)
FNDA:0,(anonymous_18)
FNDA:0,(anonymous_19)
FNDA:0,(anonymous_20)
FNDA:0,(anonymous_21)
DA:1,1
DA:2,1
DA:3,1
DA:13,1
DA:15,1
DA:16,3
DA:17,3
DA:18,0
DA:20,3
DA:23,1
DA:24,5
DA:25,5
DA:28,5
DA:29,2
DA:30,2
DA:31,0
DA:32,0
DA:33,0
DA:34,0
DA:38,0
DA:40,0
DA:43,0
DA:44,0
DA:47,2
DA:51,5
DA:52,5
DA:53,3
DA:57,5
DA:58,1
DA:59,1
DA:61,1
DA:62,1
DA:63,0
DA:66,1
DA:67,0
DA:68,0
DA:69,0
DA:75,1
DA:76,1
DA:79,0
DA:83,5
DA:84,0
DA:85,0
DA:87,0
DA:90,5
DA:91,0
DA:92,0
DA:93,0
DA:96,0
DA:99,5
DA:100,0
DA:101,0
DA:105,5
DA:106,2
DA:109,3
LF:55
LH:32
BRDA:17,0,0,0
BRDA:30,1,0,0
BRDA:33,2,0,0
BRDA:33,2,1,0
BRDA:52,3,0,3
BRDA:57,4,0,1
BRDA:66,5,0,0
BRDA:69,6,0,0
BRDA:69,6,1,0
BRDA:93,7,0,0
BRDA:93,7,1,0
BRDA:105,8,0,2
BRF:12
BRH:3
end_of_record
TN:
SF:src/context/EtiquetasContext.tsx
FN:14,(anonymous_0)
FN:17,(anonymous_1)
FN:20,(anonymous_2)
FN:25,(anonymous_3)
FN:27,(anonymous_4)
FNF:5
FNH:3
FNDA:0,(anonymous_0)
FNDA:0,(anonymous_1)
FNDA:12,(anonymous_2)
FNDA:6,(anonymous_3)
FNDA:6,(anonymous_4)
DA:1,1
DA:2,1
DA:12,1
DA:20,1
DA:21,12
DA:22,12
DA:23,12
DA:25,12
DA:27,6
DA:28,6
DA:29,6
DA:30,5
DA:32,1
DA:34,6
DA:38,6
DA:41,12
LF:16
LH:16
BRF:0
BRH:0
end_of_record
TN:
SF:src/context/FavouritesContext.tsx
FN:19,(anonymous_0)
FN:27,(anonymous_1)
FN:28,(anonymous_2)
FN:33,(anonymous_3)
FN:38,(anonymous_4)
FN:39,(anonymous_5)
FN:44,(anonymous_6)
FN:54,(anonymous_7)
FNF:8
FNH:8
FNDA:13,(anonymous_0)
FNDA:8,(anonymous_1)
FNDA:5,(anonymous_2)
FNDA:8,(anonymous_3)
FNDA:3,(anonymous_4)
FNDA:3,(anonymous_5)
FNDA:2,(anonymous_6)
FNDA:8,(anonymous_7)
DA:1,1
DA:10,1
DA:17,1
DA:19,1
DA:20,13
DA:21,12
DA:22,4
DA:24,8
DA:27,1
DA:28,8
DA:29,5
DA:30,5
DA:33,8
DA:34,8
DA:38,8
DA:39,3
DA:40,3
DA:42,3
DA:43,1
DA:44,2
DA:46,2
DA:47,2
DA:53,8
DA:54,8
DA:61,8
LF:25
LH:25
BRDA:21,0,0,4
BRDA:30,1,0,2
BRDA:30,1,1,3
BRDA:42,2,0,1
BRDA:42,2,1,2
BRF:5
BRH:5
end_of_record
TN:
SF:src/context/TrademarkContext.tsx
FN:23,(anonymous_0)
FN:31,(anonymous_1)
FN:32,(anonymous_2)
FN:65,(anonymous_3)
FNF:4
FNH:4
FNDA:15,(anonymous_0)
FNDA:9,(anonymous_1)
FNDA:9,(anonymous_2)
FNDA:12,(anonymous_3)
DA:1,1
DA:3,1
DA:8,1
DA:19,1
DA:23,1
DA:24,15
DA:25,15
DA:26,15
DA:27,15
DA:29,15
DA:31,15
DA:32,9
DA:33,9
DA:34,4
DA:35,4
DA:36,4
DA:37,4
DA:40,5
DA:41,5
DA:42,4
DA:43,4
DA:44,2
DA:46,2
DA:47,2
DA:48,2
DA:49,1
DA:51,1
DA:52,1
DA:53,1
DA:54,1
DA:56,1
DA:60,9
DA:64,15
DA:65,12
DA:76,15
LF:35
LH:35
BRDA:33,0,0,4
BRDA:43,1,0,2
BRDA:48,2,0,1
BRDA:53,3,0,0
BRF:4
BRH:3
end_of_record
TN:
SF:src/helpers/LoadArticulosByUser.ts
FN:4,(anonymous_0)
FNF:1
FNH:1
FNDA:3,(anonymous_0)
DA:1,1
DA:4,1
DA:5,3
DA:6,2
LF:4
LH:4
BRF:0
BRH:0
end_of_record
TN:
SF:src/helpers/LoadCatalogos.ts
FN:4,(anonymous_0)
FNF:1
FNH:0
FNDA:0,(anonymous_0)
DA:4,0
DA:5,0
DA:6,0
LF:3
LH:0
BRF:0
BRH:0
end_of_record
TN:
SF:src/helpers/LoadEtiquetas.ts
FN:3,(anonymous_0)
FN:5,(anonymous_1)
FNF:2
FNH:2
FNDA:3,(anonymous_0)
FNDA:2,(anonymous_1)
DA:1,1
DA:3,1
DA:4,3
DA:5,2
LF:4
LH:4
BRF:0
BRH:0
end_of_record
TN:
SF:src/helpers/getImageMajor.ts
FN:3,(anonymous_0)
FNF:1
FNH:0
FNDA:0,(anonymous_0)
DA:3,0
DA:4,0
DA:5,0
LF:3
LH:0
BRF:0
BRH:0
end_of_record
TN:
SF:src/helpers/getProducCart.ts
FN:16,(anonymous_0)
FNF:1
FNH:1
FNDA:6,(anonymous_0)
DA:1,1
DA:2,1
DA:3,1
DA:4,1
DA:16,1
DA:17,6
DA:18,6
DA:19,5
DA:21,5
DA:22,0
DA:25,5
DA:26,5
DA:27,5
DA:28,0
DA:30,5
DA:33,5
DA:34,5
DA:35,5
DA:36,0
DA:38,0
DA:39,0
DA:40,0
DA:43,5
DA:46,5
DA:56,1
DA:57,1
LF:26
LH:20
BRDA:21,0,0,0
BRDA:28,1,0,0
BRDA:28,1,1,0
BRDA:38,2,0,0
BRDA:40,3,0,0
BRDA:40,3,1,0
BRF:6
BRH:0
end_of_record
TN:
SF:src/helpers/getUser.ts
FN:3,(anonymous_0)
FNF:1
FNH:1
FNDA:4,(anonymous_0)
DA:1,1
DA:3,1
DA:4,4
DA:5,3
LF:4
LH:4
BRF:0
BRH:0
end_of_record
TN:
SF:src/hooks/use-toast.ts
FN:30,genId
FN:61,(anonymous_7)
FN:66,(anonymous_8)
FN:77,(anonymous_9)
FN:88,(anonymous_10)
FN:101,(anonymous_11)
FN:108,(anonymous_12)
FN:127,(anonymous_13)
FN:136,dispatch
FN:138,(anonymous_15)
FN:145,toast
FN:148,(anonymous_17)
FN:153,(anonymous_18)
FN:161,(anonymous_19)
FN:174,useToast
FN:177,(anonymous_21)
FN:179,(anonymous_22)
FN:190,(anonymous_23)
FNF:18
FNH:11
FNDA:13,genId
FNDA:1,(anonymous_7)
FNDA:0,(anonymous_8)
FNDA:14,(anonymous_9)
FNDA:0,(anonymous_10)
FNDA:0,(anonymous_11)
FNDA:1,(anonymous_12)
FNDA:0,(anonymous_13)
FNDA:14,dispatch
FNDA:14,(anonymous_15)
FNDA:13,toast
FNDA:0,(anonymous_17)
FNDA:0,(anonymous_18)
FNDA:0,(anonymous_19)
FNDA:22,useToast
FNDA:22,(anonymous_21)
FNDA:22,(anonymous_22)
FNDA:1,(anonymous_23)
DA:4,1
DA:11,1
DA:12,1
DA:21,1
DA:28,1
DA:31,13
DA:32,13
DA:59,1
DA:61,1
DA:62,1
DA:63,0
DA:66,1
DA:67,0
DA:68,0
DA:74,1
DA:77,1
DA:78,14
DA:80,13
DA:86,0
DA:89,0
DA:94,1
DA:98,1
DA:99,1
DA:101,0
DA:102,0
DA:106,1
DA:109,1
DA:119,0
DA:120,0
DA:125,0
DA:127,0
DA:132,1
DA:134,1
DA:137,14
DA:138,14
DA:139,14
DA:146,13
DA:148,13
DA:149,0
DA:153,13
DA:155,13
DA:162,0
DA:167,13
DA:175,22
DA:177,22
DA:178,22
DA:179,22
DA:180,22
DA:181,22
DA:182,22
DA:187,22
DA:190,1
DA:194,1
LF:53
LH:40
BRDA:62,0,0,0
BRDA:78,1,0,13
BRDA:78,1,1,0
BRDA:78,1,2,1
BRDA:78,1,3,0
BRDA:89,2,0,0
BRDA:89,2,1,0
BRDA:98,3,0,1
BRDA:98,3,1,0
BRDA:109,4,0,1
BRDA:109,4,1,0
BRDA:109,5,0,1
BRDA:109,5,1,0
BRDA:119,6,0,0
BRDA:162,7,0,0
BRDA:181,8,0,22
BRF:16
BRH:6
end_of_record
TN:
SF:src/hooks/useAuth.tsx
FN:4,(anonymous_1)
FNF:1
FNH:1
FNDA:3,(anonymous_1)
DA:1,2
DA:2,2
DA:4,2
DA:5,3
DA:6,3
DA:7,0
DA:9,3
LF:7
LH:6
BRDA:6,0,0,0
BRF:1
BRH:0
end_of_record
TN:
SF:src/hooks/useTrademark.tsx
FN:4,(anonymous_0)
FNF:1
FNH:0
FNDA:0,(anonymous_0)
DA:4,0
DA:5,0
DA:6,0
DA:7,0
DA:9,0
LF:5
LH:0
BRDA:6,0,0,0
BRF:1
BRH:0
end_of_record
TN:
SF:src/utils/strings.ts
FN:1,(anonymous_0)
FN:8,(anonymous_1)
FN:9,(anonymous_2)
FNF:3
FNH:3
FNDA:11,(anonymous_0)
FNDA:145,(anonymous_1)
FNDA:2254,(anonymous_2)
DA:1,2
DA:2,11
DA:3,5
DA:5,6
DA:8,2
DA:9,2254
LF:6
LH:6
BRDA:2,0,0,5
BRF:1
BRH:1
end_of_record
