TN:
SF:src\api\api.ts
FN:9,(anonymous_1)
FN:17,(anonymous_2)
FN:22,(anonymous_3)
FN:23,(anonymous_4)
FN:33,(anonymous_5)
FN:34,(anonymous_6)
FNF:6
FNH:0
FNDA:0,(anonymous_1)
FNDA:0,(anonymous_2)
FNDA:0,(anonymous_3)
FNDA:0,(anonymous_4)
FNDA:0,(anonymous_5)
FNDA:0,(anonymous_6)
DA:1,0
DA:3,0
DA:4,0
DA:6,0
DA:10,0
DA:16,0
DA:18,0
DA:19,0
DA:23,0
DA:24,0
DA:25,0
DA:26,0
DA:27,0
DA:29,0
DA:32,0
DA:33,0
DA:35,0
DA:37,0
DA:38,0
DA:40,0
DA:41,0
DA:42,0
DA:43,0
DA:44,0
DA:46,0
DA:47,0
DA:49,0
DA:50,0
DA:51,0
DA:55,0
LF:30
LH:0
BRDA:24,0,0,0
BRDA:24,0,1,0
BRDA:25,1,0,0
BRDA:25,1,1,0
BRDA:37,2,0,0
BRDA:37,2,1,0
BRDA:37,3,0,0
BRDA:37,3,1,0
BRDA:42,4,0,0
BRDA:42,4,1,0
BRF:10
BRH:0
end_of_record
TN:
SF:src\api\apiArticulos.ts
FN:24,(anonymous_1)
FN:35,(anonymous_2)
FN:42,(anonymous_3)
FN:46,(anonymous_4)
FN:50,(anonymous_5)
FN:54,(anonymous_6)
FN:58,(anonymous_7)
FN:62,(anonymous_8)
FNF:8
FNH:0
FNDA:0,(anonymous_1)
FNDA:0,(anonymous_2)
FNDA:0,(anonymous_3)
FNDA:0,(anonymous_4)
FNDA:0,(anonymous_5)
FNDA:0,(anonymous_6)
FNDA:0,(anonymous_7)
FNDA:0,(anonymous_8)
DA:1,0
DA:3,0
DA:18,0
DA:23,0
DA:25,0
DA:26,0
DA:28,0
DA:29,0
DA:31,0
DA:33,0
DA:36,0
DA:42,0
DA:43,0
DA:46,0
DA:47,0
DA:50,0
DA:51,0
DA:54,0
DA:55,0
DA:58,0
DA:59,0
DA:62,0
DA:63,0
LF:23
LH:0
BRDA:25,0,0,0
BRDA:25,0,1,0
BRDA:26,1,0,0
BRDA:26,1,1,0
BRDA:28,2,0,0
BRDA:28,2,1,0
BRDA:37,3,0,0
BRDA:37,3,1,0
BRF:8
BRH:0
end_of_record
TN:
SF:src\api\apiCatalogos.ts
FN:9,(anonymous_1)
FN:13,(anonymous_2)
FNF:2
FNH:0
FNDA:0,(anonymous_1)
FNDA:0,(anonymous_2)
DA:1,0
DA:2,0
DA:5,0
DA:9,0
DA:10,0
DA:13,0
DA:14,0
LF:7
LH:0
BRF:0
BRH:0
end_of_record
TN:
SF:src\api\apiEtiquetas.ts
FN:14,(anonymous_1)
FNF:1
FNH:0
FNDA:0,(anonymous_1)
DA:1,0
DA:2,0
DA:10,0
DA:14,0
DA:15,0
LF:5
LH:0
BRF:0
BRH:0
end_of_record
TN:
SF:src\api\apiFacultades.ts
FN:14,(anonymous_1)
FNF:1
FNH:0
FNDA:0,(anonymous_1)
DA:1,0
DA:2,0
DA:10,0
DA:14,0
DA:15,0
LF:5
LH:0
BRF:0
BRH:0
end_of_record
TN:
SF:src\api\apiImages.ts
FN:16,(anonymous_1)
FN:27,(anonymous_2)
FN:35,(anonymous_3)
FN:39,(anonymous_4)
FN:43,(anonymous_5)
FN:47,(anonymous_6)
FN:51,(anonymous_7)
FNF:7
FNH:0
FNDA:0,(anonymous_1)
FNDA:0,(anonymous_2)
FNDA:0,(anonymous_3)
FNDA:0,(anonymous_4)
FNDA:0,(anonymous_5)
FNDA:0,(anonymous_6)
FNDA:0,(anonymous_7)
DA:1,0
DA:2,0
DA:10,0
DA:15,0
DA:17,0
DA:18,0
DA:20,0
DA:21,0
DA:23,0
DA:25,0
DA:28,0
DA:35,0
DA:36,0
DA:39,0
DA:40,0
DA:43,0
DA:44,0
DA:47,0
DA:48,0
DA:51,0
DA:52,0
LF:21
LH:0
BRDA:17,0,0,0
BRDA:17,0,1,0
BRDA:18,1,0,0
BRDA:18,1,1,0
BRDA:20,2,0,0
BRDA:20,2,1,0
BRDA:29,3,0,0
BRDA:29,3,1,0
BRF:8
BRH:0
end_of_record
TN:
SF:src\api\apiMarcas.ts
FN:6,(anonymous_0)
FN:9,(anonymous_1)
FN:17,(anonymous_2)
FN:25,(anonymous_3)
FN:28,(anonymous_4)
FNF:5
FNH:0
FNDA:0,(anonymous_0)
FNDA:0,(anonymous_1)
FNDA:0,(anonymous_2)
FNDA:0,(anonymous_3)
FNDA:0,(anonymous_4)
DA:2,0
DA:6,0
DA:7,0
DA:9,0
DA:10,0
DA:13,0
DA:17,0
DA:18,0
DA:21,0
DA:25,0
DA:26,0
DA:28,0
DA:29,0
DA:32,0
LF:14
LH:0
BRF:0
BRH:0
end_of_record
TN:
SF:src\api\apiUsuarios.ts
FN:12,(anonymous_1)
FN:22,(anonymous_2)
FN:30,(anonymous_3)
FN:34,(anonymous_4)
FN:40,(anonymous_5)
FNF:5
FNH:0
FNDA:0,(anonymous_1)
FNDA:0,(anonymous_2)
FNDA:0,(anonymous_3)
FNDA:0,(anonymous_4)
FNDA:0,(anonymous_5)
DA:2,0
DA:3,0
DA:6,0
DA:11,0
DA:13,0
DA:14,0
DA:15,0
DA:16,0
DA:18,0
DA:20,0
DA:23,0
DA:30,0
DA:31,0
DA:34,0
DA:35,0
DA:40,0
DA:41,0
DA:44,0
LF:18
LH:0
BRDA:13,0,0,0
BRDA:13,0,1,0
BRDA:14,1,0,0
BRDA:14,1,1,0
BRDA:15,2,0,0
BRDA:15,2,1,0
BRDA:24,3,0,0
BRDA:24,3,1,0
BRF:8
BRH:0
end_of_record
TN:
SF:src\components\Epica03\paginationComponent.tsx
FN:17,(anonymous_0)
FN:39,(anonymous_1)
FN:47,(anonymous_2)
FN:51,(anonymous_3)
FN:65,(anonymous_4)
FNF:5
FNH:3
FNDA:6,(anonymous_0)
FNDA:0,(anonymous_1)
FNDA:28,(anonymous_2)
FNDA:1,(anonymous_3)
FNDA:0,(anonymous_4)
DA:1,1
DA:17,1
DA:24,6
DA:25,6
DA:27,6
DA:28,6
DA:29,28
DA:32,6
DA:40,0
DA:41,0
DA:48,28
DA:52,1
DA:53,1
DA:66,0
DA:67,0
LF:15
LH:11
BRDA:18,0,0,0
BRDA:21,1,0,0
BRDA:41,2,0,0
BRDA:41,2,1,0
BRDA:67,3,0,0
BRDA:67,3,1,0
BRF:6
BRH:0
end_of_record
TN:
SF:src\components\Epica04\AccordionShoppingCart.tsx
FN:7,(anonymous_0)
FN:11,(anonymous_1)
FN:12,(anonymous_2)
FN:20,(anonymous_3)
FN:30,(anonymous_4)
FN:37,(anonymous_5)
FNF:6
FNH:0
FNDA:0,(anonymous_0)
FNDA:0,(anonymous_1)
FNDA:0,(anonymous_2)
FNDA:0,(anonymous_3)
FNDA:0,(anonymous_4)
FNDA:0,(anonymous_5)
DA:1,0
DA:2,0
DA:3,0
DA:5,0
DA:7,0
DA:8,0
DA:9,0
DA:11,0
DA:12,0
DA:13,0
DA:14,0
DA:15,0
DA:16,0
DA:20,0
DA:21,0
DA:24,0
DA:25,0
DA:28,0
DA:31,0
DA:38,0
LF:20
LH:0
BRDA:13,0,0,0
BRDA:13,0,1,0
BRDA:14,1,0,0
BRDA:14,1,1,0
BRDA:24,2,0,0
BRDA:24,2,1,0
BRF:6
BRH:0
end_of_record
TN:
SF:src\components\Epica04\CardFavourite.tsx
FN:5,(anonymous_0)
FNF:1
FNH:1
FNDA:2,(anonymous_0)
DA:1,1
DA:2,1
DA:3,1
DA:5,1
DA:6,2
LF:5
LH:5
BRF:0
BRH:0
end_of_record
TN:
SF:src\components\Epica04\CardOrderSummary.tsx
FN:5,(anonymous_0)
FN:8,(anonymous_1)
FN:9,(anonymous_2)
FNF:3
FNH:3
FNDA:1,(anonymous_0)
FNDA:2,(anonymous_1)
FNDA:2,(anonymous_2)
DA:1,1
DA:2,1
DA:3,1
DA:5,1
DA:6,1
DA:8,2
DA:9,2
DA:11,1
DA:12,0
DA:15,1
LF:10
LH:9
BRDA:11,0,0,0
BRDA:11,0,1,1
BRF:2
BRH:1
end_of_record
TN:
SF:src\components\Epica04\CardPublishedEdit.tsx
FN:21,(anonymous_0)
FN:28,(anonymous_1)
FN:29,(anonymous_2)
FN:94,(anonymous_3)
FNF:4
FNH:0
FNDA:0,(anonymous_0)
FNDA:0,(anonymous_1)
FNDA:0,(anonymous_2)
FNDA:0,(anonymous_3)
DA:1,0
DA:2,0
DA:3,0
DA:4,0
DA:5,0
DA:6,0
DA:7,0
DA:21,0
DA:25,0
DA:26,0
DA:28,0
DA:29,0
DA:30,0
DA:31,0
DA:32,0
DA:34,0
DA:35,0
DA:37,0
DA:41,0
DA:45,0
DA:46,0
DA:51,0
DA:52,0
DA:60,0
DA:67,0
DA:94,0
LF:26
LH:0
BRDA:32,0,0,0
BRDA:32,0,1,0
BRDA:45,1,0,0
BRDA:45,1,1,0
BRDA:51,2,0,0
BRDA:51,2,1,0
BRF:6
BRH:0
end_of_record
TN:
SF:src\components\Epica04\CardShoppingCart.tsx
FN:12,(anonymous_1)
FN:15,(anonymous_2)
FN:19,(anonymous_3)
FN:42,(anonymous_4)
FNF:4
FNH:0
FNDA:0,(anonymous_1)
FNDA:0,(anonymous_2)
FNDA:0,(anonymous_3)
FNDA:0,(anonymous_4)
DA:1,0
DA:2,0
DA:3,0
DA:4,0
DA:6,0
DA:12,0
DA:13,0
DA:15,0
DA:16,0
DA:19,0
DA:20,0
DA:21,0
DA:24,0
DA:42,0
LF:14
LH:0
BRDA:20,0,0,0
BRDA:20,0,1,0
BRDA:29,1,0,0
BRDA:29,1,1,0
BRF:4
BRH:0
end_of_record
TN:
SF:src\components\Epica04\ModalDeleteProduct.tsx
FN:22,(anonymous_0)
FN:29,(anonymous_1)
FNF:2
FNH:0
FNDA:0,(anonymous_0)
FNDA:0,(anonymous_1)
DA:1,0
DA:2,0
DA:3,0
DA:4,0
DA:15,0
DA:22,0
DA:26,0
DA:27,0
DA:29,0
DA:30,0
DA:31,0
DA:33,0
DA:34,0
DA:35,0
DA:36,0
DA:37,0
DA:39,0
DA:40,0
DA:41,0
DA:45,0
LF:20
LH:0
BRDA:49,0,0,0
BRDA:49,0,1,0
BRDA:63,1,0,0
BRDA:63,1,1,0
BRDA:71,2,0,0
BRDA:71,2,1,0
BRF:6
BRH:0
end_of_record
TN:
SF:src\components\Epica04\ProductForm.tsx
FN:16,(anonymous_0)
FN:25,(anonymous_1)
FN:31,(anonymous_2)
FN:32,(anonymous_3)
FN:35,(anonymous_4)
FN:65,(anonymous_5)
FN:73,(anonymous_6)
FN:89,(anonymous_7)
FN:102,(anonymous_8)
FN:115,(anonymous_9)
FN:128,(anonymous_10)
FN:137,(anonymous_11)
FN:142,(anonymous_12)
FN:148,(anonymous_13)
FN:152,(anonymous_14)
FN:174,(anonymous_15)
FN:215,(anonymous_16)
FNF:17
FNH:0
FNDA:0,(anonymous_0)
FNDA:0,(anonymous_1)
FNDA:0,(anonymous_2)
FNDA:0,(anonymous_3)
FNDA:0,(anonymous_4)
FNDA:0,(anonymous_5)
FNDA:0,(anonymous_6)
FNDA:0,(anonymous_7)
FNDA:0,(anonymous_8)
FNDA:0,(anonymous_9)
FNDA:0,(anonymous_10)
FNDA:0,(anonymous_11)
FNDA:0,(anonymous_12)
FNDA:0,(anonymous_13)
FNDA:0,(anonymous_14)
FNDA:0,(anonymous_15)
FNDA:0,(anonymous_16)
DA:1,0
DA:2,0
DA:3,0
DA:4,0
DA:5,0
DA:6,0
DA:7,0
DA:8,0
DA:9,0
DA:10,0
DA:11,0
DA:12,0
DA:13,0
DA:16,0
DA:18,0
DA:20,0
DA:21,0
DA:22,0
DA:23,0
DA:25,0
DA:26,0
DA:27,0
DA:31,0
DA:32,0
DA:35,0
DA:36,0
DA:37,0
DA:38,0
DA:40,0
DA:42,0
DA:66,0
DA:67,0
DA:68,0
DA:74,0
DA:90,0
DA:103,0
DA:116,0
DA:129,0
DA:138,0
DA:143,0
DA:149,0
DA:152,0
DA:154,0
DA:175,0
DA:215,0
LF:45
LH:0
BRDA:26,0,0,0
BRDA:26,0,1,0
BRDA:45,1,0,0
BRDA:45,1,1,0
BRDA:149,2,0,0
BRDA:149,2,1,0
BRF:6
BRH:0
end_of_record
TN:
SF:src\components\Epica04\formulario\ImagePreviewModal.tsx
FN:8,(anonymous_6)
FN:18,(anonymous_7)
FNF:2
FNH:0
FNDA:0,(anonymous_6)
FNDA:0,(anonymous_7)
DA:1,0
DA:8,0
DA:9,0
DA:11,0
DA:18,0
LF:5
LH:0
BRDA:9,0,0,0
BRDA:9,0,1,0
BRF:2
BRH:0
end_of_record
TN:
SF:src\components\Epica04\formulario\ImageUpload.tsx
FN:16,(anonymous_1)
FN:39,(anonymous_2)
FN:51,(anonymous_3)
FN:55,(anonymous_4)
FN:61,(anonymous_5)
FN:70,(anonymous_6)
FNF:6
FNH:0
FNDA:0,(anonymous_1)
FNDA:0,(anonymous_2)
FNDA:0,(anonymous_3)
FNDA:0,(anonymous_4)
FNDA:0,(anonymous_5)
FNDA:0,(anonymous_6)
DA:1,0
DA:3,0
DA:4,0
DA:5,0
DA:6,0
DA:16,0
DA:17,0
DA:21,0
DA:26,0
DA:39,0
DA:46,0
DA:51,0
DA:56,0
DA:62,0
DA:63,0
DA:71,0
DA:72,0
LF:17
LH:0
BRDA:81,0,0,0
BRDA:81,0,1,0
BRF:2
BRH:0
end_of_record
TN:
SF:src\components\Epica08\HelpAndSoport.tsx
FN:46,(anonymous_6)
FN:62,onSubmit
FN:88,(anonymous_8)
FN:99,(anonymous_9)
FN:125,(anonymous_10)
FN:148,(anonymous_11)
FN:161,(anonymous_12)
FN:177,(anonymous_13)
FN:181,(anonymous_14)
FNF:9
FNH:0
FNDA:0,(anonymous_6)
FNDA:0,onSubmit
FNDA:0,(anonymous_8)
FNDA:0,(anonymous_9)
FNDA:0,(anonymous_10)
FNDA:0,(anonymous_11)
FNDA:0,(anonymous_12)
FNDA:0,(anonymous_13)
FNDA:0,(anonymous_14)
DA:2,0
DA:3,0
DA:4,0
DA:5,0
DA:6,0
DA:7,0
DA:8,0
DA:9,0
DA:17,0
DA:25,0
DA:32,0
DA:33,0
DA:35,0
DA:46,0
DA:48,0
DA:49,0
DA:50,0
DA:52,0
DA:63,0
DA:65,0
DA:66,0
DA:69,0
DA:70,0
DA:73,0
DA:88,0
DA:99,0
DA:126,0
DA:149,0
DA:162,0
DA:178,0
DA:181,0
LF:31
LH:0
BRDA:69,0,0,0
BRDA:69,0,1,0
BRDA:69,1,0,0
BRDA:69,1,1,0
BRDA:78,2,0,0
BRDA:78,2,1,0
BRDA:79,3,0,0
BRDA:79,3,1,0
BRDA:112,4,0,0
BRDA:112,4,1,0
BRF:10
BRH:0
end_of_record
TN:
SF:src\components\Epica08\RecoverAccountModal.tsx
FN:46,(anonymous_0)
FN:52,(anonymous_1)
FN:67,onSubmit1
FN:88,onSubmit2
FN:111,onSubmit3
FN:125,(anonymous_5)
FN:130,(anonymous_6)
FN:141,(anonymous_7)
FN:169,(anonymous_8)
FN:213,(anonymous_9)
FN:258,(anonymous_10)
FN:274,(anonymous_11)
FN:291,(anonymous_12)
FN:310,(anonymous_13)
FNF:14
FNH:0
FNDA:0,(anonymous_0)
FNDA:0,(anonymous_1)
FNDA:0,onSubmit1
FNDA:0,onSubmit2
FNDA:0,onSubmit3
FNDA:0,(anonymous_5)
FNDA:0,(anonymous_6)
FNDA:0,(anonymous_7)
FNDA:0,(anonymous_8)
FNDA:0,(anonymous_9)
FNDA:0,(anonymous_10)
FNDA:0,(anonymous_11)
FNDA:0,(anonymous_12)
FNDA:0,(anonymous_13)
DA:1,0
DA:2,0
DA:3,0
DA:4,0
DA:5,0
DA:6,0
DA:14,0
DA:15,0
DA:16,0
DA:17,0
DA:20,0
DA:28,0
DA:35,0
DA:46,0
DA:52,0
DA:53,0
DA:55,0
DA:56,0
DA:57,0
DA:58,0
DA:60,0
DA:68,0
DA:69,0
DA:70,0
DA:71,0
DA:72,0
DA:75,0
DA:76,0
DA:81,0
DA:89,0
DA:90,0
DA:91,0
DA:92,0
DA:93,0
DA:96,0
DA:97,0
DA:102,0
DA:112,0
DA:113,0
DA:114,0
DA:115,0
DA:116,0
DA:117,0
DA:120,0
DA:121,0
DA:125,0
DA:126,0
DA:127,0
DA:130,0
DA:131,0
DA:132,0
DA:133,0
DA:136,0
DA:141,0
DA:170,0
DA:214,0
DA:259,0
DA:275,0
DA:292,0
DA:310,0
LF:60
LH:0
BRDA:138,0,0,0
BRDA:138,0,1,0
BRDA:145,1,0,0
BRDA:145,1,1,0
BRDA:190,2,0,0
BRDA:190,2,1,0
BRDA:234,3,0,0
BRDA:234,3,1,0
BRF:8
BRH:0
end_of_record
TN:
SF:src\components\Epica1\ModalMessage.tsx
FN:24,(anonymous_0)
FN:34,(anonymous_1)
FNF:2
FNH:2
FNDA:3,(anonymous_0)
FNDA:1,(anonymous_1)
DA:2,1
DA:3,1
DA:24,1
DA:34,3
DA:36,3
LF:5
LH:5
BRDA:29,0,0,0
BRDA:34,1,0,3
BRDA:34,1,1,2
BRDA:41,2,0,3
BRDA:41,2,1,0
BRF:5
BRH:3
end_of_record
TN:
SF:src\components\Epica1\PrivateRoute.tsx
FN:9,(anonymous_0)
FNF:1
FNH:1
FNDA:2,(anonymous_0)
DA:1,1
DA:2,1
DA:9,1
DA:10,2
DA:12,2
LF:5
LH:5
BRDA:12,0,0,1
BRDA:12,0,1,1
BRF:2
BRH:2
end_of_record
TN:
SF:src\components\Epica5\GratisModal.tsx
FN:5,(anonymous_0)
FNF:1
FNH:0
FNDA:0,(anonymous_0)
DA:1,0
DA:2,0
DA:3,0
DA:5,0
DA:6,0
DA:8,0
LF:6
LH:0
BRF:0
BRH:0
end_of_record
TN:
SF:src\components\Epica5\LoginModal.tsx
FN:6,(anonymous_0)
FN:15,(anonymous_1)
FNF:2
FNH:0
FNDA:0,(anonymous_0)
FNDA:0,(anonymous_1)
DA:1,0
DA:2,0
DA:3,0
DA:4,0
DA:6,0
DA:7,0
DA:8,0
DA:10,0
DA:15,0
LF:9
LH:0
BRF:0
BRH:0
end_of_record
TN:
SF:src\components\Epica5\PlanCard.tsx
FN:13,(anonymous_0)
FN:17,handleSeleccionarPlan
FN:51,(anonymous_2)
FNF:3
FNH:0
FNDA:0,(anonymous_0)
FNDA:0,handleSeleccionarPlan
FNDA:0,(anonymous_2)
DA:1,0
DA:2,0
DA:3,0
DA:4,0
DA:6,0
DA:7,0
DA:13,0
DA:14,0
DA:15,0
DA:18,0
DA:19,0
DA:20,0
DA:21,0
DA:22,0
DA:23,0
DA:24,0
DA:26,0
DA:30,0
DA:52,0
LF:19
LH:0
BRDA:18,0,0,0
BRDA:18,0,1,0
BRDA:18,1,0,0
BRDA:18,1,1,0
BRDA:22,2,0,0
BRDA:22,2,1,0
BRDA:22,3,0,0
BRDA:22,3,1,0
BRDA:38,4,0,0
BRDA:38,4,1,0
BRDA:41,5,0,0
BRDA:41,5,1,0
BRDA:63,6,0,0
BRDA:63,6,1,0
BRF:14
BRH:0
end_of_record
TN:
SF:src\components\cards\categories-card.tsx
FN:12,(anonymous_0)
FN:14,(anonymous_1)
FN:20,(anonymous_2)
FNF:3
FNH:3
FNDA:11,(anonymous_0)
FNDA:2,(anonymous_1)
FNDA:2,(anonymous_2)
DA:1,1
DA:12,1
DA:13,11
DA:14,11
DA:16,11
DA:18,11
DA:20,2
LF:7
LH:7
BRDA:16,0,0,1
BRDA:16,0,1,10
BRDA:19,1,0,1
BRDA:19,1,1,10
BRDA:21,2,0,10
BRDA:21,2,1,1
BRF:6
BRH:6
end_of_record
TN:
SF:src\components\cards\product-card.tsx
FN:17,(anonymous_0)
FN:26,(anonymous_1)
FN:38,(anonymous_2)
FN:76,(anonymous_3)
FNF:4
FNH:3
FNDA:3,(anonymous_0)
FNDA:1,(anonymous_1)
FNDA:0,(anonymous_2)
FNDA:1,(anonymous_3)
DA:1,1
DA:2,1
DA:3,1
DA:4,1
DA:5,1
DA:6,1
DA:17,1
DA:25,3
DA:26,3
DA:28,3
DA:29,3
DA:31,3
DA:33,3
DA:39,0
DA:40,0
DA:77,1
DA:78,1
LF:17
LH:15
BRDA:45,0,0,0
BRDA:45,0,1,3
BRDA:46,1,0,3
BRDA:46,1,1,3
BRDA:59,2,0,3
BRDA:59,2,1,3
BRF:6
BRH:5
end_of_record
TN:
SF:src\components\cards\sellers-card.tsx
FN:9,(anonymous_1)
FN:15,(anonymous_2)
FNF:2
FNH:2
FNDA:2,(anonymous_1)
FNDA:1,(anonymous_2)
DA:1,2
DA:2,2
DA:3,2
DA:9,2
DA:14,2
DA:15,2
DA:17,2
LF:7
LH:7
BRF:0
BRH:0
end_of_record
TN:
SF:src\components\layouts\AvatarComponent.tsx
FN:7,(anonymous_0)
FNF:1
FNH:0
FNDA:0,(anonymous_0)
DA:1,0
DA:7,0
DA:8,0
LF:3
LH:0
BRF:0
BRH:0
end_of_record
TN:
SF:src\components\layouts\Footer.tsx
FN:4,(anonymous_0)
FNF:1
FNH:0
FNDA:0,(anonymous_0)
DA:1,0
DA:2,0
DA:4,0
DA:5,0
LF:4
LH:0
BRF:0
BRH:0
end_of_record
TN:
SF:src\components\layouts\Layout.tsx
FN:6,(anonymous_0)
FNF:1
FNH:0
FNDA:0,(anonymous_0)
DA:1,0
DA:2,0
DA:3,0
DA:4,0
DA:6,0
DA:7,0
LF:6
LH:0
BRF:0
BRH:0
end_of_record
TN:
SF:src\components\layouts\MenuAccount.tsx
FN:28,(anonymous_0)
FN:55,(anonymous_1)
FN:57,onLogoutClick
FN:65,(anonymous_3)
FN:67,(anonymous_4)
FN:90,(anonymous_5)
FN:105,(anonymous_6)
FNF:7
FNH:0
FNDA:0,(anonymous_0)
FNDA:0,(anonymous_1)
FNDA:0,onLogoutClick
FNDA:0,(anonymous_3)
FNDA:0,(anonymous_4)
FNDA:0,(anonymous_5)
FNDA:0,(anonymous_6)
DA:1,0
DA:10,0
DA:20,0
DA:21,0
DA:23,0
DA:24,0
DA:25,0
DA:26,0
DA:27,0
DA:28,0
DA:29,0
DA:32,0
DA:55,0
DA:56,0
DA:58,0
DA:59,0
DA:61,0
DA:63,0
DA:65,0
DA:66,0
DA:67,0
DA:68,0
DA:73,0
DA:91,0
DA:106,0
LF:25
LH:0
BRDA:66,0,0,0
BRDA:66,0,1,0
BRDA:92,1,0,0
BRDA:92,1,1,0
BRF:4
BRH:0
end_of_record
TN:
SF:src\components\layouts\MenuFaculties.tsx
FN:12,(anonymous_0)
FN:23,(anonymous_1)
FNF:2
FNH:0
FNDA:0,(anonymous_0)
FNDA:0,(anonymous_1)
DA:1,0
DA:7,0
DA:8,0
DA:10,0
DA:12,0
DA:13,0
DA:24,0
LF:7
LH:0
BRF:0
BRH:0
end_of_record
TN:
SF:src\components\layouts\Navbar.tsx
FN:19,(anonymous_0)
FN:30,(anonymous_1)
FN:60,(anonymous_2)
FN:61,(anonymous_3)
FN:74,(anonymous_4)
FN:91,(anonymous_5)
FN:97,(anonymous_6)
FNF:7
FNH:0
FNDA:0,(anonymous_0)
FNDA:0,(anonymous_1)
FNDA:0,(anonymous_2)
FNDA:0,(anonymous_3)
FNDA:0,(anonymous_4)
FNDA:0,(anonymous_5)
FNDA:0,(anonymous_6)
DA:1,0
DA:2,0
DA:3,0
DA:4,0
DA:5,0
DA:6,0
DA:7,0
DA:8,0
DA:9,0
DA:10,0
DA:11,0
DA:19,0
DA:20,0
DA:21,0
DA:22,0
DA:24,0
DA:30,0
DA:31,0
DA:32,0
DA:34,0
DA:38,0
DA:60,0
DA:61,0
DA:75,0
DA:91,0
DA:97,0
LF:26
LH:0
BRDA:31,0,0,0
BRDA:31,0,1,0
BRDA:61,1,0,0
BRDA:61,1,1,0
BRDA:72,2,0,0
BRDA:72,2,1,0
BRF:6
BRH:0
end_of_record
TN:
SF:src\components\layouts\NavigationComponent.tsx
FN:20,(anonymous_0)
FN:24,(anonymous_1)
FN:39,(anonymous_2)
FN:43,(anonymous_3)
FNF:4
FNH:0
FNDA:0,(anonymous_0)
FNDA:0,(anonymous_1)
FNDA:0,(anonymous_2)
FNDA:0,(anonymous_3)
DA:1,0
DA:8,0
DA:9,0
DA:10,0
DA:11,0
DA:12,0
DA:14,0
DA:20,0
DA:21,0
DA:22,0
DA:24,0
DA:25,0
DA:26,0
DA:28,0
DA:32,0
DA:40,0
DA:43,0
LF:17
LH:0
BRDA:25,0,0,0
BRDA:25,0,1,0
BRF:2
BRH:0
end_of_record
TN:
SF:src\components\layouts\SheetComponent.tsx
FN:15,(anonymous_0)
FN:24,(anonymous_1)
FN:29,(anonymous_2)
FN:30,(anonymous_3)
FN:69,(anonymous_4)
FN:74,(anonymous_5)
FNF:6
FNH:0
FNDA:0,(anonymous_0)
FNDA:0,(anonymous_1)
FNDA:0,(anonymous_2)
FNDA:0,(anonymous_3)
FNDA:0,(anonymous_4)
FNDA:0,(anonymous_5)
DA:1,0
DA:9,0
DA:10,0
DA:11,0
DA:12,0
DA:13,0
DA:15,0
DA:16,0
DA:17,0
DA:18,0
DA:19,0
DA:21,0
DA:24,0
DA:25,0
DA:26,0
DA:29,0
DA:30,0
DA:31,0
DA:32,0
DA:33,0
DA:34,0
DA:35,0
DA:37,0
DA:38,0
DA:40,0
DA:44,0
DA:47,0
DA:70,0
DA:74,0
LF:29
LH:0
BRDA:62,0,0,0
BRDA:62,0,1,0
BRDA:64,1,0,0
BRDA:64,1,1,0
BRDA:68,2,0,0
BRDA:68,2,1,0
BRF:6
BRH:0
end_of_record
TN:
SF:src\context\AuthContext.tsx
FN:19,(anonymous_1)
FN:20,(anonymous_2)
FN:33,(anonymous_3)
FN:37,(anonymous_4)
FN:66,(anonymous_5)
FN:88,(anonymous_6)
FN:93,(anonymous_7)
FNF:7
FNH:0
FNDA:0,(anonymous_1)
FNDA:0,(anonymous_2)
FNDA:0,(anonymous_3)
FNDA:0,(anonymous_4)
FNDA:0,(anonymous_5)
FNDA:0,(anonymous_6)
FNDA:0,(anonymous_7)
DA:1,0
DA:2,0
DA:3,0
DA:5,0
DA:15,0
DA:19,0
DA:20,0
DA:21,0
DA:24,0
DA:25,0
DA:26,0
DA:27,0
DA:29,0
DA:31,0
DA:33,0
DA:34,0
DA:37,0
DA:38,0
DA:41,0
DA:42,0
DA:43,0
DA:46,0
DA:47,0
DA:48,0
DA:49,0
DA:53,0
DA:54,0
DA:56,0
DA:57,0
DA:58,0
DA:61,0
DA:62,0
DA:66,0
DA:67,0
DA:68,0
DA:72,0
DA:76,0
DA:77,0
DA:81,0
DA:83,0
DA:84,0
DA:88,0
DA:89,0
DA:90,0
DA:93,0
DA:94,0
DA:97,0
DA:106,0
LF:48
LH:0
BRDA:22,0,0,0
BRDA:22,0,1,0
BRDA:24,1,0,0
BRDA:24,1,1,0
BRDA:39,2,0,0
BRDA:39,2,1,0
BRDA:41,3,0,0
BRDA:41,3,1,0
BRF:8
BRH:0
end_of_record
TN:
SF:src\context\CartContext.tsx
FN:15,(anonymous_6)
FN:23,(anonymous_7)
FN:28,(anonymous_8)
FN:34,(anonymous_9)
FN:51,(anonymous_10)
FN:57,(anonymous_11)
FN:61,(anonymous_12)
FN:63,(anonymous_13)
FN:68,(anonymous_14)
FN:83,(anonymous_15)
FN:84,(anonymous_16)
FN:85,(anonymous_17)
FN:90,(anonymous_18)
FN:91,(anonymous_19)
FN:92,(anonymous_20)
FN:99,(anonymous_21)
FNF:16
FNH:0
FNDA:0,(anonymous_6)
FNDA:0,(anonymous_7)
FNDA:0,(anonymous_8)
FNDA:0,(anonymous_9)
FNDA:0,(anonymous_10)
FNDA:0,(anonymous_11)
FNDA:0,(anonymous_12)
FNDA:0,(anonymous_13)
FNDA:0,(anonymous_14)
FNDA:0,(anonymous_15)
FNDA:0,(anonymous_16)
FNDA:0,(anonymous_17)
FNDA:0,(anonymous_18)
FNDA:0,(anonymous_19)
FNDA:0,(anonymous_20)
FNDA:0,(anonymous_21)
DA:1,0
DA:2,0
DA:3,0
DA:13,0
DA:15,0
DA:16,0
DA:17,0
DA:18,0
DA:20,0
DA:23,0
DA:24,0
DA:25,0
DA:28,0
DA:29,0
DA:30,0
DA:31,0
DA:32,0
DA:33,0
DA:34,0
DA:38,0
DA:40,0
DA:43,0
DA:44,0
DA:47,0
DA:51,0
DA:52,0
DA:53,0
DA:57,0
DA:58,0
DA:59,0
DA:61,0
DA:62,0
DA:63,0
DA:66,0
DA:67,0
DA:68,0
DA:69,0
DA:75,0
DA:76,0
DA:79,0
DA:83,0
DA:84,0
DA:85,0
DA:87,0
DA:90,0
DA:91,0
DA:92,0
DA:93,0
DA:96,0
DA:99,0
DA:100,0
DA:101,0
DA:105,0
DA:106,0
DA:109,0
LF:55
LH:0
BRDA:17,0,0,0
BRDA:17,0,1,0
BRDA:30,1,0,0
BRDA:30,1,1,0
BRDA:33,2,0,0
BRDA:33,2,1,0
BRDA:52,3,0,0
BRDA:52,3,1,0
BRDA:57,4,0,0
BRDA:66,5,0,0
BRDA:66,5,1,0
BRDA:69,6,0,0
BRDA:69,6,1,0
BRDA:93,7,0,0
BRDA:93,7,1,0
BRDA:105,8,0,0
BRDA:105,8,1,0
BRF:17
BRH:0
end_of_record
TN:
SF:src\context\EtiquetasContext.tsx
FN:15,(anonymous_0)
FN:18,(anonymous_1)
FN:21,(anonymous_2)
FN:26,(anonymous_3)
FN:28,(anonymous_4)
FNF:5
FNH:0
FNDA:0,(anonymous_0)
FNDA:0,(anonymous_1)
FNDA:0,(anonymous_2)
FNDA:0,(anonymous_3)
FNDA:0,(anonymous_4)
DA:1,0
DA:2,0
DA:3,0
DA:13,0
DA:21,0
DA:22,0
DA:23,0
DA:24,0
DA:26,0
DA:28,0
DA:29,0
DA:30,0
DA:31,0
DA:33,0
DA:35,0
DA:39,0
DA:42,0
LF:17
LH:0
BRF:0
BRH:0
end_of_record
TN:
SF:src\context\FavouritesContext.tsx
FN:11,(anonymous_0)
FN:19,(anonymous_1)
FN:20,(anonymous_2)
FN:25,(anonymous_3)
FN:29,(anonymous_4)
FN:30,(anonymous_5)
FN:35,(anonymous_6)
FNF:7
FNH:0
FNDA:0,(anonymous_0)
FNDA:0,(anonymous_1)
FNDA:0,(anonymous_2)
FNDA:0,(anonymous_3)
FNDA:0,(anonymous_4)
FNDA:0,(anonymous_5)
FNDA:0,(anonymous_6)
DA:1,0
DA:2,0
DA:9,0
DA:11,0
DA:12,0
DA:13,0
DA:14,0
DA:16,0
DA:19,0
DA:20,0
DA:21,0
DA:22,0
DA:25,0
DA:26,0
DA:29,0
DA:30,0
DA:31,0
DA:33,0
DA:34,0
DA:35,0
DA:37,0
DA:38,0
DA:43,0
LF:23
LH:0
BRDA:13,0,0,0
BRDA:13,0,1,0
BRDA:22,1,0,0
BRDA:22,1,1,0
BRDA:33,2,0,0
BRDA:33,2,1,0
BRF:6
BRH:0
end_of_record
TN:
SF:src\context\TrademarkContext.tsx
FN:23,(anonymous_0)
FN:31,(anonymous_1)
FN:32,(anonymous_2)
FNF:3
FNH:0
FNDA:0,(anonymous_0)
FNDA:0,(anonymous_1)
FNDA:0,(anonymous_2)
DA:1,0
DA:3,0
DA:8,0
DA:19,0
DA:23,0
DA:24,0
DA:25,0
DA:26,0
DA:28,0
DA:29,0
DA:31,0
DA:32,0
DA:34,0
DA:35,0
DA:36,0
DA:37,0
DA:38,0
DA:40,0
DA:41,0
DA:42,0
DA:43,0
DA:44,0
DA:46,0
DA:47,0
DA:48,0
DA:49,0
DA:51,0
DA:52,0
DA:53,0
DA:54,0
DA:56,0
DA:60,0
DA:63,0
LF:33
LH:0
BRDA:34,0,0,0
BRDA:34,0,1,0
BRDA:43,1,0,0
BRDA:43,1,1,0
BRDA:48,2,0,0
BRDA:48,2,1,0
BRDA:53,3,0,0
BRDA:53,3,1,0
BRF:8
BRH:0
end_of_record
TN:
SF:src\helpers\LoadArticulosByUser.ts
FN:4,(anonymous_0)
FNF:1
FNH:0
FNDA:0,(anonymous_0)
DA:1,0
DA:4,0
DA:5,0
DA:6,0
LF:4
LH:0
BRF:0
BRH:0
end_of_record
TN:
SF:src\helpers\LoadCatalogos.ts
FN:4,(anonymous_0)
FNF:1
FNH:0
FNDA:0,(anonymous_0)
DA:1,0
DA:4,0
DA:5,0
DA:6,0
LF:4
LH:0
BRF:0
BRH:0
end_of_record
TN:
SF:src\helpers\LoadEtiquetas.ts
FN:3,(anonymous_0)
FN:5,(anonymous_1)
FNF:2
FNH:0
FNDA:0,(anonymous_0)
FNDA:0,(anonymous_1)
DA:1,0
DA:3,0
DA:4,0
DA:5,0
LF:4
LH:0
BRF:0
BRH:0
end_of_record
TN:
SF:src\helpers\getImageMajor.ts
FN:3,(anonymous_0)
FNF:1
FNH:0
FNDA:0,(anonymous_0)
DA:1,0
DA:3,0
DA:4,0
DA:5,0
LF:4
LH:0
BRF:0
BRH:0
end_of_record
TN:
SF:src\helpers\getProducCart.ts
FN:16,(anonymous_0)
FNF:1
FNH:0
FNDA:0,(anonymous_0)
DA:1,0
DA:2,0
DA:3,0
DA:4,0
DA:16,0
DA:17,0
DA:18,0
DA:19,0
DA:21,0
DA:22,0
DA:25,0
DA:26,0
DA:27,0
DA:28,0
DA:30,0
DA:33,0
DA:34,0
DA:35,0
DA:36,0
DA:38,0
DA:39,0
DA:40,0
DA:43,0
DA:46,0
DA:56,0
DA:57,0
LF:26
LH:0
BRDA:21,0,0,0
BRDA:21,0,1,0
BRDA:28,1,0,0
BRDA:28,1,1,0
BRDA:38,2,0,0
BRDA:38,2,1,0
BRDA:40,3,0,0
BRDA:40,3,1,0
BRF:8
BRH:0
end_of_record
TN:
SF:src\helpers\getUser.ts
FN:3,(anonymous_0)
FNF:1
FNH:0
FNDA:0,(anonymous_0)
DA:1,0
DA:3,0
DA:4,0
DA:5,0
LF:4
LH:0
BRF:0
BRH:0
end_of_record
TN:
SF:src\hooks\use-toast.ts
FN:30,genId
FN:61,(anonymous_7)
FN:66,(anonymous_8)
FN:77,(anonymous_9)
FN:88,(anonymous_10)
FN:101,(anonymous_11)
FN:108,(anonymous_12)
FN:127,(anonymous_13)
FN:136,dispatch
FN:138,(anonymous_15)
FN:145,toast
FN:148,(anonymous_17)
FN:153,(anonymous_18)
FN:161,(anonymous_19)
FN:174,useToast
FN:177,(anonymous_21)
FN:179,(anonymous_22)
FN:190,(anonymous_23)
FNF:18
FNH:0
FNDA:0,genId
FNDA:0,(anonymous_7)
FNDA:0,(anonymous_8)
FNDA:0,(anonymous_9)
FNDA:0,(anonymous_10)
FNDA:0,(anonymous_11)
FNDA:0,(anonymous_12)
FNDA:0,(anonymous_13)
FNDA:0,dispatch
FNDA:0,(anonymous_15)
FNDA:0,toast
FNDA:0,(anonymous_17)
FNDA:0,(anonymous_18)
FNDA:0,(anonymous_19)
FNDA:0,useToast
FNDA:0,(anonymous_21)
FNDA:0,(anonymous_22)
FNDA:0,(anonymous_23)
DA:4,0
DA:11,0
DA:12,0
DA:21,0
DA:28,0
DA:31,0
DA:32,0
DA:59,0
DA:61,0
DA:62,0
DA:63,0
DA:66,0
DA:67,0
DA:68,0
DA:74,0
DA:77,0
DA:78,0
DA:80,0
DA:86,0
DA:89,0
DA:94,0
DA:98,0
DA:99,0
DA:101,0
DA:102,0
DA:106,0
DA:109,0
DA:119,0
DA:120,0
DA:125,0
DA:127,0
DA:132,0
DA:134,0
DA:137,0
DA:138,0
DA:139,0
DA:146,0
DA:148,0
DA:149,0
DA:153,0
DA:155,0
DA:162,0
DA:167,0
DA:175,0
DA:177,0
DA:178,0
DA:179,0
DA:180,0
DA:181,0
DA:182,0
DA:187,0
DA:190,0
DA:194,0
LF:53
LH:0
BRDA:62,0,0,0
BRDA:62,0,1,0
BRDA:78,1,0,0
BRDA:78,1,1,0
BRDA:78,1,2,0
BRDA:78,1,3,0
BRDA:89,2,0,0
BRDA:89,2,1,0
BRDA:98,3,0,0
BRDA:98,3,1,0
BRDA:109,4,0,0
BRDA:109,4,1,0
BRDA:109,5,0,0
BRDA:109,5,1,0
BRDA:119,6,0,0
BRDA:119,6,1,0
BRDA:162,7,0,0
BRDA:162,7,1,0
BRDA:181,8,0,0
BRDA:181,8,1,0
BRF:20
BRH:0
end_of_record
TN:
SF:src\hooks\useAuth.tsx
FN:4,(anonymous_1)
FNF:1
FNH:0
FNDA:0,(anonymous_1)
DA:1,0
DA:2,0
DA:4,0
DA:5,0
DA:6,0
DA:7,0
DA:9,0
LF:7
LH:0
BRDA:6,0,0,0
BRDA:6,0,1,0
BRF:2
BRH:0
end_of_record
TN:
SF:src\hooks\useTrademark.tsx
FN:4,(anonymous_0)
FNF:1
FNH:0
FNDA:0,(anonymous_0)
DA:1,0
DA:2,0
DA:4,0
DA:5,0
DA:6,0
DA:7,0
DA:9,0
LF:7
LH:0
BRDA:6,0,0,0
BRDA:6,0,1,0
BRF:2
BRH:0
end_of_record
TN:
SF:src\pages\Epica01\LoginPage.tsx
FN:35,(anonymous_1)
FN:47,onSubmit
FN:96,(anonymous_3)
FN:112,(anonymous_4)
FNF:4
FNH:0
FNDA:0,(anonymous_1)
FNDA:0,onSubmit
FNDA:0,(anonymous_3)
FNDA:0,(anonymous_4)
DA:1,0
DA:2,0
DA:3,0
DA:4,0
DA:5,0
DA:13,0
DA:14,0
DA:15,0
DA:16,0
DA:17,0
DA:18,0
DA:19,0
DA:20,0
DA:21,0
DA:23,0
DA:35,0
DA:36,0
DA:44,0
DA:45,0
DA:48,0
DA:49,0
DA:50,0
DA:51,0
DA:54,0
DA:59,0
DA:61,0
DA:97,0
DA:113,0
LF:28
LH:0
BRDA:59,0,0,0
BRDA:59,0,1,0
BRF:2
BRH:0
end_of_record
TN:
SF:src\pages\Epica01\RegisterUserPage.tsx
FN:65,(anonymous_7)
FN:86,(anonymous_8)
FN:103,loader
FN:115,(anonymous_10)
FN:135,onSubmit
FN:201,(anonymous_12)
FN:218,(anonymous_13)
FN:237,(anonymous_14)
FN:256,(anonymous_15)
FN:260,(anonymous_16)
FN:272,(anonymous_17)
FN:290,(anonymous_18)
FN:306,(anonymous_19)
FN:327,(anonymous_20)
FN:346,(anonymous_21)
FN:364,(anonymous_22)
FNF:16
FNH:0
FNDA:0,(anonymous_7)
FNDA:0,(anonymous_8)
FNDA:0,loader
FNDA:0,(anonymous_10)
FNDA:0,onSubmit
FNDA:0,(anonymous_12)
FNDA:0,(anonymous_13)
FNDA:0,(anonymous_14)
FNDA:0,(anonymous_15)
FNDA:0,(anonymous_16)
FNDA:0,(anonymous_17)
FNDA:0,(anonymous_18)
FNDA:0,(anonymous_19)
FNDA:0,(anonymous_20)
FNDA:0,(anonymous_21)
FNDA:0,(anonymous_22)
DA:1,0
DA:2,0
DA:3,0
DA:4,0
DA:5,0
DA:6,0
DA:7,0
DA:8,0
DA:16,0
DA:17,0
DA:24,0
DA:25,0
DA:26,0
DA:27,0
DA:30,0
DA:66,0
DA:67,0
DA:68,0
DA:86,0
DA:103,0
DA:104,0
DA:106,0
DA:107,0
DA:108,0
DA:110,0
DA:111,0
DA:115,0
DA:116,0
DA:131,0
DA:133,0
DA:136,0
DA:137,0
DA:140,0
DA:141,0
DA:142,0
DA:143,0
DA:144,0
DA:146,0
DA:147,0
DA:150,0
DA:154,0
DA:156,0
DA:157,0
DA:158,0
DA:160,0
DA:161,0
DA:163,0
DA:166,0
DA:202,0
DA:219,0
DA:238,0
DA:257,0
DA:261,0
DA:273,0
DA:291,0
DA:307,0
DA:328,0
DA:347,0
DA:365,0
LF:59
LH:0
BRDA:66,0,0,0
BRDA:66,0,1,0
BRDA:66,1,0,0
BRDA:66,1,1,0
BRDA:68,2,0,0
BRDA:68,2,1,0
BRDA:140,3,0,0
BRDA:140,3,1,0
BRDA:140,4,0,0
BRDA:140,4,1,0
BRDA:263,5,0,0
BRDA:263,5,1,0
BRDA:275,6,0,0
BRDA:275,6,1,0
BRF:14
BRH:0
end_of_record
TN:
SF:src\pages\Epica02\FormEditComp.tsx
FN:33,FormEditComp
FN:43,(anonymous_1)
FN:47,(anonymous_2)
FN:67,(anonymous_3)
FN:68,(anonymous_4)
FN:89,(anonymous_5)
FN:109,(anonymous_6)
FN:117,onSubmit
FN:217,(anonymous_8)
FN:234,(anonymous_9)
FN:253,(anonymous_10)
FN:270,(anonymous_11)
FN:289,(anonymous_12)
FN:306,(anonymous_13)
FN:324,(anonymous_14)
FN:328,(anonymous_15)
FN:337,(anonymous_16)
FN:351,(anonymous_17)
FN:370,(anonymous_18)
FN:387,(anonymous_19)
FNF:20
FNH:0
FNDA:0,FormEditComp
FNDA:0,(anonymous_1)
FNDA:0,(anonymous_2)
FNDA:0,(anonymous_3)
FNDA:0,(anonymous_4)
FNDA:0,(anonymous_5)
FNDA:0,(anonymous_6)
FNDA:0,onSubmit
FNDA:0,(anonymous_8)
FNDA:0,(anonymous_9)
FNDA:0,(anonymous_10)
FNDA:0,(anonymous_11)
FNDA:0,(anonymous_12)
FNDA:0,(anonymous_13)
FNDA:0,(anonymous_14)
FNDA:0,(anonymous_15)
FNDA:0,(anonymous_16)
FNDA:0,(anonymous_17)
FNDA:0,(anonymous_18)
FNDA:0,(anonymous_19)
DA:2,0
DA:3,0
DA:4,0
DA:5,0
DA:13,0
DA:14,0
DA:15,0
DA:16,0
DA:23,0
DA:24,0
DA:33,0
DA:34,0
DA:35,0
DA:36,0
DA:39,0
DA:40,0
DA:41,0
DA:43,0
DA:44,0
DA:47,0
DA:48,0
DA:49,0
DA:52,0
DA:67,0
DA:68,0
DA:69,0
DA:70,0
DA:80,0
DA:81,0
DA:83,0
DA:86,0
DA:89,0
DA:90,0
DA:91,0
DA:101,0
DA:103,0
DA:105,0
DA:109,0
DA:110,0
DA:111,0
DA:113,0
DA:120,0
DA:121,0
DA:122,0
DA:135,0
DA:136,0
DA:137,0
DA:139,0
DA:143,0
DA:145,0
DA:146,0
DA:149,0
DA:218,0
DA:235,0
DA:254,0
DA:271,0
DA:290,0
DA:307,0
DA:325,0
DA:328,0
DA:338,0
DA:352,0
DA:371,0
DA:388,0
LF:64
LH:0
BRDA:54,0,0,0
BRDA:54,0,1,0
BRDA:110,1,0,0
BRDA:110,1,1,0
BRDA:135,2,0,0
BRDA:135,2,1,0
BRDA:137,3,0,0
BRDA:137,3,1,0
BRDA:360,4,0,0
BRDA:360,4,1,0
BRDA:406,5,0,0
BRDA:406,5,1,0
BRF:12
BRH:0
end_of_record
TN:
SF:src\pages\Epica02\FormEditSchema.tsx
FN:50,(anonymous_0)
FNF:1
FNH:0
FNDA:0,(anonymous_0)
DA:1,0
DA:3,0
DA:50,0
LF:3
LH:0
BRF:0
BRH:0
end_of_record
TN:
SF:src\pages\Epica02\PlanSection.tsx
FN:8,(anonymous_0)
FN:32,(anonymous_1)
FN:41,(anonymous_2)
FN:42,(anonymous_3)
FNF:4
FNH:0
FNDA:0,(anonymous_0)
FNDA:0,(anonymous_1)
FNDA:0,(anonymous_2)
FNDA:0,(anonymous_3)
DA:1,0
DA:2,0
DA:3,0
DA:4,0
DA:5,0
DA:6,0
DA:8,0
DA:9,0
DA:10,0
DA:12,0
DA:32,0
DA:41,0
DA:42,0
LF:13
LH:0
BRDA:21,0,0,0
BRDA:21,0,1,0
BRDA:26,1,0,0
BRDA:26,1,1,0
BRDA:26,2,0,0
BRDA:26,2,1,0
BRDA:32,3,0,0
BRDA:32,3,1,0
BRF:8
BRH:0
end_of_record
TN:
SF:src\pages\Epica02\ProfileBuyerPage.tsx
FN:23,ProfileBuyerPage
FN:25,(anonymous_1)
FNF:2
FNH:0
FNDA:0,ProfileBuyerPage
FNDA:0,(anonymous_1)
DA:1,0
DA:2,0
DA:3,0
DA:4,0
DA:5,0
DA:6,0
DA:7,0
DA:8,0
DA:19,0
DA:20,0
DA:21,0
DA:23,0
DA:24,0
DA:25,0
DA:26,0
DA:27,0
DA:30,0
LF:17
LH:0
BRF:0
BRH:0
end_of_record
TN:
SF:src\pages\Epica02\PurchasedProducts.tsx
FN:13,PurchasedProducts
FN:29,(anonymous_1)
FNF:2
FNH:0
FNDA:0,PurchasedProducts
FNDA:0,(anonymous_1)
DA:1,0
DA:8,0
DA:9,0
DA:10,0
DA:13,0
DA:14,0
DA:30,0
DA:51,0
LF:8
LH:0
BRF:0
BRH:0
end_of_record
TN:
SF:src\pages\Epica02\SoldProducts.tsx
FN:13,SoldProducts
FN:30,(anonymous_1)
FNF:2
FNH:0
FNDA:0,SoldProducts
FNDA:0,(anonymous_1)
DA:1,0
DA:8,0
DA:9,0
DA:11,0
DA:13,0
DA:14,0
DA:31,0
DA:51,0
LF:8
LH:0
BRF:0
BRH:0
end_of_record
TN:
SF:src\pages\Epica02\components\CardPurchased\CardPurchased.tsx
FN:12,CardPurchased
FNF:1
FNH:0
FNDA:0,CardPurchased
DA:1,0
DA:2,0
DA:3,0
DA:9,0
DA:12,0
DA:18,0
LF:6
LH:0
BRDA:37,0,0,0
BRDA:37,0,1,0
BRF:2
BRH:0
end_of_record
TN:
SF:src\pages\Epica02\components\CardSales\CardSales.tsx
FN:13,CardSales
FNF:1
FNH:0
FNDA:0,CardSales
DA:1,0
DA:2,0
DA:3,0
DA:9,0
DA:11,0
DA:13,0
DA:14,0
LF:7
LH:0
BRF:0
BRH:0
end_of_record
TN:
SF:src\pages\Epica03\MainPage.tsx
FN:23,(anonymous_0)
FN:34,handleTrademarkClick
FN:43,(anonymous_2)
FN:44,(anonymous_3)
FN:58,(anonymous_4)
FN:65,(anonymous_5)
FN:101,(anonymous_6)
FN:128,(anonymous_7)
FN:159,(anonymous_8)
FN:186,(anonymous_9)
FNF:10
FNH:0
FNDA:0,(anonymous_0)
FNDA:0,handleTrademarkClick
FNDA:0,(anonymous_2)
FNDA:0,(anonymous_3)
FNDA:0,(anonymous_4)
FNDA:0,(anonymous_5)
FNDA:0,(anonymous_6)
FNDA:0,(anonymous_7)
FNDA:0,(anonymous_8)
FNDA:0,(anonymous_9)
DA:1,0
DA:2,0
DA:3,0
DA:4,0
DA:11,0
DA:12,0
DA:13,0
DA:14,0
DA:15,0
DA:16,0
DA:17,0
DA:19,0
DA:20,0
DA:23,0
DA:24,0
DA:25,0
DA:26,0
DA:27,0
DA:28,0
DA:29,0
DA:31,0
DA:32,0
DA:35,0
DA:36,0
DA:39,0
DA:43,0
DA:44,0
DA:45,0
DA:47,0
DA:48,0
DA:50,0
DA:51,0
DA:58,0
DA:59,0
DA:60,0
DA:62,0
DA:65,0
DA:70,0
DA:72,0
DA:73,0
DA:75,0
DA:76,0
DA:78,0
DA:82,0
DA:87,0
DA:102,0
DA:129,0
DA:160,0
DA:188,0
LF:49
LH:0
BRDA:35,0,0,0
BRDA:35,0,1,0
BRDA:59,1,0,0
BRDA:59,1,1,0
BRDA:67,2,0,0
BRDA:67,2,1,0
BRDA:139,3,0,0
BRDA:139,3,1,0
BRDA:194,4,0,0
BRDA:194,4,1,0
BRF:10
BRH:0
end_of_record
TN:
SF:src\pages\Epica03\SearchPage.tsx
FN:15,(anonymous_1)
FN:28,(anonymous_2)
FN:29,(anonymous_3)
FN:58,(anonymous_4)
FN:64,(anonymous_5)
FN:75,(anonymous_6)
FN:94,(anonymous_7)
FN:101,(anonymous_8)
FN:117,(anonymous_9)
FN:124,(anonymous_10)
FN:134,(anonymous_11)
FN:141,(anonymous_12)
FN:145,(anonymous_13)
FN:151,(anonymous_14)
FN:155,(anonymous_15)
FN:165,(anonymous_16)
FN:166,(anonymous_17)
FN:178,(anonymous_18)
FN:200,(anonymous_19)
FN:221,(anonymous_20)
FN:226,(anonymous_21)
FN:243,(anonymous_22)
FN:251,(anonymous_23)
FN:266,(anonymous_24)
FN:283,(anonymous_25)
FN:284,(anonymous_26)
FN:295,(anonymous_27)
FN:296,(anonymous_28)
FN:333,(anonymous_29)
FN:355,(anonymous_30)
FNF:30
FNH:0
FNDA:0,(anonymous_1)
FNDA:0,(anonymous_2)
FNDA:0,(anonymous_3)
FNDA:0,(anonymous_4)
FNDA:0,(anonymous_5)
FNDA:0,(anonymous_6)
FNDA:0,(anonymous_7)
FNDA:0,(anonymous_8)
FNDA:0,(anonymous_9)
FNDA:0,(anonymous_10)
FNDA:0,(anonymous_11)
FNDA:0,(anonymous_12)
FNDA:0,(anonymous_13)
FNDA:0,(anonymous_14)
FNDA:0,(anonymous_15)
FNDA:0,(anonymous_16)
FNDA:0,(anonymous_17)
FNDA:0,(anonymous_18)
FNDA:0,(anonymous_19)
FNDA:0,(anonymous_20)
FNDA:0,(anonymous_21)
FNDA:0,(anonymous_22)
FNDA:0,(anonymous_23)
FNDA:0,(anonymous_24)
FNDA:0,(anonymous_25)
FNDA:0,(anonymous_26)
FNDA:0,(anonymous_27)
FNDA:0,(anonymous_28)
FNDA:0,(anonymous_29)
FNDA:0,(anonymous_30)
DA:1,0
DA:2,0
DA:3,0
DA:4,0
DA:5,0
DA:6,0
DA:7,0
DA:8,0
DA:9,0
DA:11,0
DA:12,0
DA:15,0
DA:16,0
DA:17,0
DA:18,0
DA:20,0
DA:21,0
DA:22,0
DA:23,0
DA:24,0
DA:25,0
DA:26,0
DA:28,0
DA:29,0
DA:30,0
DA:31,0
DA:32,0
DA:33,0
DA:35,0
DA:38,0
DA:41,0
DA:44,0
DA:46,0
DA:53,0
DA:55,0
DA:58,0
DA:59,0
DA:60,0
DA:61,0
DA:63,0
DA:64,0
DA:65,0
DA:66,0
DA:68,0
DA:69,0
DA:71,0
DA:75,0
DA:76,0
DA:77,0
DA:79,0
DA:80,0
DA:82,0
DA:83,0
DA:94,0
DA:95,0
DA:96,0
DA:98,0
DA:101,0
DA:106,0
DA:107,0
DA:109,0
DA:111,0
DA:117,0
DA:118,0
DA:119,0
DA:120,0
DA:124,0
DA:125,0
DA:126,0
DA:127,0
DA:129,0
DA:130,0
DA:134,0
DA:135,0
DA:136,0
DA:137,0
DA:141,0
DA:145,0
DA:146,0
DA:149,0
DA:150,0
DA:151,0
DA:153,0
DA:154,0
DA:155,0
DA:160,0
DA:161,0
DA:162,0
DA:164,0
DA:165,0
DA:166,0
DA:167,0
DA:168,0
DA:171,0
DA:173,0
DA:178,0
DA:179,0
DA:182,0
DA:191,0
DA:192,0
DA:193,0
DA:196,0
DA:200,0
DA:201,0
DA:202,0
DA:206,0
DA:222,0
DA:227,0
DA:244,0
DA:252,0
DA:266,0
DA:284,0
DA:296,0
DA:334,0
DA:355,0
LF:115
LH:0
BRDA:44,0,0,0
BRDA:44,0,1,0
BRDA:60,1,0,0
BRDA:60,1,1,0
BRDA:63,2,0,0
BRDA:63,2,1,0
BRDA:65,3,0,0
BRDA:65,3,1,0
BRDA:68,4,0,0
BRDA:68,4,1,0
BRDA:69,5,0,0
BRDA:69,5,1,0
BRDA:95,6,0,0
BRDA:95,6,1,0
BRDA:103,7,0,0
BRDA:103,7,1,0
BRDA:149,8,0,0
BRDA:149,8,1,0
BRDA:149,9,0,0
BRDA:149,9,1,0
BRDA:150,10,0,0
BRDA:150,10,1,0
BRDA:153,11,0,0
BRDA:153,11,1,0
BRDA:153,12,0,0
BRDA:153,12,1,0
BRDA:154,13,0,0
BRDA:154,13,1,0
BRDA:164,14,0,0
BRDA:164,14,1,0
BRDA:167,15,0,0
BRDA:167,15,1,0
BRDA:168,16,0,0
BRDA:168,16,1,0
BRDA:183,17,0,0
BRDA:183,17,1,0
BRDA:186,18,0,0
BRDA:186,18,1,0
BRDA:187,19,0,0
BRDA:187,19,1,0
BRDA:192,20,0,0
BRDA:192,20,1,0
BRDA:193,21,0,0
BRDA:193,21,1,0
BRDA:201,22,0,0
BRDA:201,22,1,0
BRDA:220,23,0,0
BRDA:220,23,1,0
BRDA:264,24,0,0
BRDA:264,24,1,0
BRDA:269,25,0,0
BRDA:269,25,1,0
BRDA:317,26,0,0
BRDA:317,26,1,0
BRDA:319,27,0,0
BRDA:319,27,1,0
BRDA:340,28,0,0
BRDA:340,28,1,0
BRF:58
BRH:0
end_of_record
TN:
SF:src\pages\Epica03\SearchSellers.tsx
FN:15,(anonymous_1)
FN:21,(anonymous_2)
FN:37,(anonymous_3)
FN:38,(anonymous_4)
FN:64,(anonymous_5)
FN:71,(anonymous_6)
FN:81,(anonymous_7)
FN:88,(anonymous_8)
FN:89,(anonymous_9)
FN:92,(anonymous_10)
FN:97,(anonymous_11)
FN:106,(anonymous_12)
FN:121,(anonymous_13)
FN:132,(anonymous_14)
FN:155,(anonymous_15)
FN:189,(anonymous_16)
FN:190,(anonymous_17)
FN:201,(anonymous_18)
FN:206,(anonymous_19)
FN:216,(anonymous_20)
FN:243,(anonymous_21)
FN:255,(anonymous_22)
FNF:22
FNH:0
FNDA:0,(anonymous_1)
FNDA:0,(anonymous_2)
FNDA:0,(anonymous_3)
FNDA:0,(anonymous_4)
FNDA:0,(anonymous_5)
FNDA:0,(anonymous_6)
FNDA:0,(anonymous_7)
FNDA:0,(anonymous_8)
FNDA:0,(anonymous_9)
FNDA:0,(anonymous_10)
FNDA:0,(anonymous_11)
FNDA:0,(anonymous_12)
FNDA:0,(anonymous_13)
FNDA:0,(anonymous_14)
FNDA:0,(anonymous_15)
FNDA:0,(anonymous_16)
FNDA:0,(anonymous_17)
FNDA:0,(anonymous_18)
FNDA:0,(anonymous_19)
FNDA:0,(anonymous_20)
FNDA:0,(anonymous_21)
FNDA:0,(anonymous_22)
DA:1,0
DA:2,0
DA:3,0
DA:4,0
DA:5,0
DA:6,0
DA:7,0
DA:8,0
DA:9,0
DA:10,0
DA:15,0
DA:17,0
DA:18,0
DA:19,0
DA:21,0
DA:22,0
DA:23,0
DA:25,0
DA:29,0
DA:30,0
DA:31,0
DA:32,0
DA:33,0
DA:34,0
DA:35,0
DA:37,0
DA:38,0
DA:39,0
DA:40,0
DA:41,0
DA:42,0
DA:44,0
DA:47,0
DA:50,0
DA:53,0
DA:55,0
DA:59,0
DA:61,0
DA:64,0
DA:65,0
DA:66,0
DA:67,0
DA:71,0
DA:72,0
DA:73,0
DA:74,0
DA:76,0
DA:77,0
DA:81,0
DA:82,0
DA:83,0
DA:84,0
DA:88,0
DA:89,0
DA:90,0
DA:91,0
DA:92,0
DA:95,0
DA:96,0
DA:97,0
DA:98,0
DA:99,0
DA:101,0
DA:106,0
DA:107,0
DA:109,0
DA:110,0
DA:112,0
DA:113,0
DA:114,0
DA:117,0
DA:121,0
DA:122,0
DA:123,0
DA:124,0
DA:125,0
DA:127,0
DA:132,0
DA:133,0
DA:135,0
DA:136,0
DA:137,0
DA:138,0
DA:140,0
DA:146,0
DA:147,0
DA:148,0
DA:151,0
DA:155,0
DA:156,0
DA:157,0
DA:161,0
DA:189,0
DA:190,0
DA:202,0
DA:206,0
DA:216,0
DA:244,0
DA:255,0
LF:99
LH:0
BRDA:22,0,0,0
BRDA:22,0,1,0
BRDA:53,1,0,0
BRDA:53,1,1,0
BRDA:91,2,0,0
BRDA:91,2,1,0
BRDA:109,3,0,0
BRDA:109,3,1,0
BRDA:112,4,0,0
BRDA:112,4,1,0
BRDA:113,5,0,0
BRDA:113,5,1,0
BRDA:135,6,0,0
BRDA:135,6,1,0
BRDA:137,7,0,0
BRDA:137,7,1,0
BRDA:138,8,0,0
BRDA:138,8,1,0
BRDA:147,9,0,0
BRDA:147,9,1,0
BRDA:156,10,0,0
BRDA:156,10,1,0
BRDA:190,11,0,0
BRDA:190,11,1,0
BRDA:214,12,0,0
BRDA:214,12,1,0
BRDA:219,13,0,0
BRDA:219,13,1,0
BRDA:236,14,0,0
BRDA:236,14,1,0
BRDA:237,15,0,0
BRDA:237,15,1,0
BRDA:243,16,0,0
BRDA:243,16,1,0
BRDA:244,17,0,0
BRDA:244,17,1,0
BRF:36
BRH:0
end_of_record
TN:
SF:src\pages\Epica04\EditProductPage.tsx
FN:10,(anonymous_0)
FN:16,(anonymous_1)
FN:17,(anonymous_2)
FN:25,(anonymous_3)
FNF:4
FNH:0
FNDA:0,(anonymous_0)
FNDA:0,(anonymous_1)
FNDA:0,(anonymous_2)
FNDA:0,(anonymous_3)
DA:1,0
DA:2,0
DA:3,0
DA:4,0
DA:5,0
DA:6,0
DA:10,0
DA:11,0
DA:12,0
DA:13,0
DA:14,0
DA:16,0
DA:17,0
DA:18,0
DA:20,0
DA:21,0
DA:24,0
DA:25,0
DA:30,0
DA:32,0
DA:34,0
DA:38,0
DA:41,0
DA:42,0
DA:45,0
DA:46,0
DA:49,0
LF:27
LH:0
BRDA:38,0,0,0
BRDA:38,0,1,0
BRDA:41,1,0,0
BRDA:41,1,1,0
BRDA:45,2,0,0
BRDA:45,2,1,0
BRF:6
BRH:0
end_of_record
TN:
SF:src\pages\Epica04\FavouritesPage.tsx
FN:8,(anonymous_0)
FN:12,(anonymous_1)
FN:13,(anonymous_2)
FN:29,(anonymous_3)
FN:38,(anonymous_4)
FN:39,(anonymous_5)
FN:68,(anonymous_6)
FNF:7
FNH:0
FNDA:0,(anonymous_0)
FNDA:0,(anonymous_1)
FNDA:0,(anonymous_2)
FNDA:0,(anonymous_3)
FNDA:0,(anonymous_4)
FNDA:0,(anonymous_5)
FNDA:0,(anonymous_6)
DA:1,0
DA:2,0
DA:3,0
DA:4,0
DA:5,0
DA:6,0
DA:8,0
DA:9,0
DA:10,0
DA:12,0
DA:13,0
DA:14,0
DA:16,0
DA:17,0
DA:20,0
DA:21,0
DA:29,0
DA:30,0
DA:31,0
DA:33,0
DA:37,0
DA:38,0
DA:39,0
DA:44,0
DA:46,0
DA:50,0
DA:53,0
DA:69,0
LF:28
LH:0
BRDA:30,0,0,0
BRDA:30,0,1,0
BRDA:41,1,0,0
BRDA:41,1,1,0
BRDA:67,2,0,0
BRDA:67,2,1,0
BRDA:74,3,0,0
BRDA:74,3,1,0
BRF:8
BRH:0
end_of_record
TN:
SF:src\pages\Epica04\MyPublishedProductsPage.tsx
FN:10,(anonymous_0)
FN:15,(anonymous_1)
FN:16,(anonymous_2)
FN:31,(anonymous_3)
FN:32,(anonymous_4)
FN:33,(anonymous_5)
FN:63,(anonymous_6)
FNF:7
FNH:0
FNDA:0,(anonymous_0)
FNDA:0,(anonymous_1)
FNDA:0,(anonymous_2)
FNDA:0,(anonymous_3)
FNDA:0,(anonymous_4)
FNDA:0,(anonymous_5)
FNDA:0,(anonymous_6)
DA:1,0
DA:2,0
DA:3,0
DA:4,0
DA:5,0
DA:6,0
DA:7,0
DA:8,0
DA:10,0
DA:11,0
DA:12,0
DA:13,0
DA:15,0
DA:16,0
DA:17,0
DA:18,0
DA:19,0
DA:20,0
DA:22,0
DA:24,0
DA:28,0
DA:31,0
DA:32,0
DA:33,0
DA:37,0
DA:64,0
LF:26
LH:0
BRDA:17,0,0,0
BRDA:17,0,1,0
BRDA:60,1,0,0
BRDA:60,1,1,0
BRDA:62,2,0,0
BRDA:62,2,1,0
BRF:6
BRH:0
end_of_record
TN:
SF:src\pages\Epica04\ProductPage.tsx
FN:3,(anonymous_0)
FNF:1
FNH:0
FNDA:0,(anonymous_0)
DA:1,0
DA:3,0
DA:4,0
LF:3
LH:0
BRF:0
BRH:0
end_of_record
TN:
SF:src\pages\Epica04\ProductsManagementPage.tsx
FN:7,(anonymous_0)
FNF:1
FNH:0
FNDA:0,(anonymous_0)
DA:1,0
DA:2,0
DA:3,0
DA:5,0
DA:7,0
DA:8,0
LF:6
LH:0
BRF:0
BRH:0
end_of_record
TN:
SF:src\pages\Epica04\PublishProductPage.tsx
FN:4,(anonymous_0)
FNF:1
FNH:0
FNDA:0,(anonymous_0)
DA:1,0
DA:2,0
DA:4,0
DA:5,0
LF:4
LH:0
BRF:0
BRH:0
end_of_record
TN:
SF:src\pages\Epica04\ShoppingCartPage.tsx
FN:6,(anonymous_0)
FNF:1
FNH:0
FNDA:0,(anonymous_0)
DA:1,0
DA:2,0
DA:3,0
DA:4,0
DA:6,0
DA:7,0
DA:9,0
LF:7
LH:0
BRDA:21,0,0,0
BRDA:21,0,1,0
BRDA:26,1,0,0
BRDA:26,1,1,0
BRF:4
BRH:0
end_of_record
TN:
SF:src\pages\Epica04\hooks\useImageUpload.ts
FN:10,(anonymous_0)
FN:14,(anonymous_1)
FN:27,(anonymous_2)
FN:34,(anonymous_3)
FN:35,(anonymous_4)
FN:36,(anonymous_5)
FN:38,(anonymous_6)
FN:44,(anonymous_7)
FN:47,(anonymous_8)
FN:48,(anonymous_9)
FN:49,(anonymous_10)
FNF:11
FNH:0
FNDA:0,(anonymous_0)
FNDA:0,(anonymous_1)
FNDA:0,(anonymous_2)
FNDA:0,(anonymous_3)
FNDA:0,(anonymous_4)
FNDA:0,(anonymous_5)
FNDA:0,(anonymous_6)
FNDA:0,(anonymous_7)
FNDA:0,(anonymous_8)
FNDA:0,(anonymous_9)
FNDA:0,(anonymous_10)
DA:1,0
DA:2,0
DA:10,0
DA:11,0
DA:14,0
DA:15,0
DA:16,0
DA:18,0
DA:19,0
DA:20,0
DA:27,0
DA:28,0
DA:29,0
DA:34,0
DA:35,0
DA:36,0
DA:38,0
DA:39,0
DA:44,0
DA:45,0
DA:46,0
DA:47,0
DA:48,0
DA:49,0
DA:50,0
DA:55,0
LF:26
LH:0
BRDA:10,0,0,0
BRDA:16,1,0,0
BRDA:16,1,1,0
BRDA:46,2,0,0
BRDA:46,2,1,0
BRDA:46,3,0,0
BRDA:46,3,1,0
BRF:7
BRH:0
end_of_record
TN:
SF:src\pages\Epica04\hooks\useProductForm.ts
FN:20,(anonymous_6)
FN:20,(anonymous_7)
FN:33,(anonymous_8)
FN:49,(anonymous_9)
FN:51,(anonymous_10)
FN:61,(anonymous_11)
FN:63,(anonymous_12)
FN:86,(anonymous_13)
FN:116,(anonymous_14)
FN:121,(anonymous_15)
FN:122,(anonymous_16)
FNF:11
FNH:0
FNDA:0,(anonymous_6)
FNDA:0,(anonymous_7)
FNDA:0,(anonymous_8)
FNDA:0,(anonymous_9)
FNDA:0,(anonymous_10)
FNDA:0,(anonymous_11)
FNDA:0,(anonymous_12)
FNDA:0,(anonymous_13)
FNDA:0,(anonymous_14)
FNDA:0,(anonymous_15)
FNDA:0,(anonymous_16)
DA:1,0
DA:2,0
DA:3,0
DA:4,0
DA:6,0
DA:7,0
DA:8,0
DA:9,0
DA:10,0
DA:11,0
DA:12,0
DA:15,0
DA:20,0
DA:33,0
DA:38,0
DA:39,0
DA:40,0
DA:47,0
DA:49,0
DA:50,0
DA:51,0
DA:52,0
DA:53,0
DA:55,0
DA:61,0
DA:62,0
DA:63,0
DA:64,0
DA:65,0
DA:67,0
DA:73,0
DA:86,0
DA:87,0
DA:88,0
DA:90,0
DA:91,0
DA:92,0
DA:93,0
DA:94,0
DA:95,0
DA:97,0
DA:100,0
DA:101,0
DA:105,0
DA:106,0
DA:107,0
DA:109,0
DA:110,0
DA:115,0
DA:116,0
DA:117,0
DA:118,0
DA:119,0
DA:120,0
DA:121,0
DA:122,0
DA:124,0
DA:126,0
DA:134,0
DA:135,0
DA:136,0
DA:138,0
DA:139,0
DA:142,0
DA:143,0
DA:145,0
DA:148,0
LF:67
LH:0
BRDA:50,0,0,0
BRDA:50,0,1,0
BRDA:52,1,0,0
BRDA:52,1,1,0
BRDA:62,2,0,0
BRDA:62,2,1,0
BRDA:64,3,0,0
BRDA:64,3,1,0
BRDA:76,4,0,0
BRDA:76,4,1,0
BRDA:77,5,0,0
BRDA:77,5,1,0
BRDA:78,6,0,0
BRDA:78,6,1,0
BRDA:79,7,0,0
BRDA:79,7,1,0
BRDA:80,8,0,0
BRDA:80,8,1,0
BRDA:81,9,0,0
BRDA:81,9,1,0
BRDA:82,10,0,0
BRDA:82,10,1,0
BRDA:88,11,0,0
BRDA:88,11,1,0
BRDA:93,12,0,0
BRDA:93,12,1,0
BRDA:120,13,0,0
BRDA:120,13,1,0
BRDA:124,14,0,0
BRDA:124,14,1,0
BRDA:129,15,0,0
BRDA:129,15,1,0
BRDA:134,16,0,0
BRDA:134,16,1,0
BRF:34
BRH:0
end_of_record
TN:
SF:src\pages\Epica04\mocks\products.ts
FN:52,(anonymous_0)
FN:53,(anonymous_1)
FN:57,(anonymous_2)
FN:58,(anonymous_3)
FNF:4
FNH:0
FNDA:0,(anonymous_0)
FNDA:0,(anonymous_1)
FNDA:0,(anonymous_2)
FNDA:0,(anonymous_3)
DA:14,0
DA:52,0
DA:53,0
DA:57,0
DA:58,0
DA:59,0
DA:60,0
DA:61,0
DA:63,0
LF:9
LH:0
BRDA:59,0,0,0
BRDA:59,0,1,0
BRF:2
BRH:0
end_of_record
TN:
SF:src\pages\Epica05\PayPlanPage.tsx
FN:7,(anonymous_1)
FN:45,(anonymous_2)
FNF:2
FNH:0
FNDA:0,(anonymous_1)
FNDA:0,(anonymous_2)
DA:1,0
DA:2,0
DA:3,0
DA:4,0
DA:7,0
DA:8,0
DA:9,0
DA:11,0
DA:45,0
LF:9
LH:0
BRDA:9,0,0,0
BRDA:9,0,1,0
BRF:2
BRH:0
end_of_record
TN:
SF:src\pages\Epica05\PaymentConfirmationPage.tsx
FN:7,(anonymous_0)
FN:8,(anonymous_1)
FNF:2
FNH:0
FNDA:0,(anonymous_0)
FNDA:0,(anonymous_1)
DA:1,0
DA:2,0
DA:3,0
DA:4,0
DA:5,0
DA:7,0
DA:8,0
DA:9,0
DA:10,0
DA:11,0
DA:13,0
DA:17,0
LF:12
LH:0
BRF:0
BRH:0
end_of_record
TN:
SF:src\pages\Epica05\PaymentConfirmationPage2.tsx
FN:21,(anonymous_0)
FN:25,(anonymous_1)
FN:35,(anonymous_2)
FN:44,onSubmit
FN:78,(anonymous_4)
FNF:5
FNH:0
FNDA:0,(anonymous_0)
FNDA:0,(anonymous_1)
FNDA:0,(anonymous_2)
FNDA:0,onSubmit
FNDA:0,(anonymous_4)
DA:1,0
DA:2,0
DA:10,0
DA:11,0
DA:12,0
DA:13,0
DA:14,0
DA:15,0
DA:17,0
DA:21,0
DA:26,0
DA:35,0
DA:36,0
DA:40,0
DA:42,0
DA:45,0
DA:46,0
DA:47,0
DA:50,0
DA:79,0
LF:20
LH:0
BRDA:26,0,0,0
BRDA:26,0,1,0
BRDA:63,1,0,0
BRDA:63,1,1,0
BRF:4
BRH:0
end_of_record
TN:
SF:src\pages\Epica05\PlansPage.tsx
FN:16,(anonymous_0)
FN:41,loader
FN:46,(anonymous_2)
FN:59,(anonymous_3)
FN:81,(anonymous_4)
FNF:5
FNH:0
FNDA:0,(anonymous_0)
FNDA:0,loader
FNDA:0,(anonymous_2)
FNDA:0,(anonymous_3)
FNDA:0,(anonymous_4)
DA:1,0
DA:2,0
DA:4,0
DA:5,0
DA:6,0
DA:7,0
DA:8,0
DA:10,0
DA:16,0
DA:17,0
DA:18,0
DA:19,0
DA:20,0
DA:24,0
DA:26,0
DA:41,0
DA:42,0
DA:43,0
DA:44,0
DA:46,0
DA:47,0
DA:49,0
DA:51,0
DA:53,0
DA:55,0
DA:59,0
DA:60,0
DA:61,0
DA:82,0
LF:29
LH:0
BRDA:19,0,0,0
BRDA:19,0,1,0
BRF:2
BRH:0
end_of_record
TN:
SF:src\pages\Epica05\RegisterTrademarkPage.tsx
FN:29,(anonymous_0)
FN:45,(anonymous_1)
FN:61,onSubmit
FN:109,(anonymous_3)
FN:128,(anonymous_4)
FN:147,(anonymous_5)
FNF:6
FNH:0
FNDA:0,(anonymous_0)
FNDA:0,(anonymous_1)
FNDA:0,onSubmit
FNDA:0,(anonymous_3)
FNDA:0,(anonymous_4)
FNDA:0,(anonymous_5)
DA:1,0
DA:2,0
DA:3,0
DA:11,0
DA:12,0
DA:13,0
DA:14,0
DA:15,0
DA:16,0
DA:17,0
DA:18,0
DA:19,0
DA:20,0
DA:22,0
DA:30,0
DA:31,0
DA:32,0
DA:45,0
DA:46,0
DA:47,0
DA:57,0
DA:58,0
DA:59,0
DA:62,0
DA:63,0
DA:66,0
DA:67,0
DA:68,0
DA:69,0
DA:72,0
DA:73,0
DA:77,0
DA:78,0
DA:79,0
DA:80,0
DA:83,0
DA:84,0
DA:85,0
DA:87,0
DA:88,0
DA:89,0
DA:92,0
DA:110,0
DA:129,0
DA:148,0
LF:45
LH:0
BRDA:30,0,0,0
BRDA:30,0,1,0
BRDA:30,1,0,0
BRDA:30,1,1,0
BRDA:32,2,0,0
BRDA:32,2,1,0
BRDA:68,3,0,0
BRDA:68,3,1,0
BRF:8
BRH:0
end_of_record
TN:
SF:src\pages\Epica06\Chat.tsx
FN:33,Chat
FN:88,(anonymous_2)
FN:89,(anonymous_3)
FN:93,(anonymous_4)
FN:109,(anonymous_5)
FN:136,(anonymous_6)
FN:139,(anonymous_7)
FN:173,(anonymous_8)
FN:176,(anonymous_9)
FN:224,(anonymous_10)
FN:251,(anonymous_11)
FN:261,(anonymous_12)
FN:272,(anonymous_13)
FN:319,(anonymous_14)
FNF:14
FNH:0
FNDA:0,Chat
FNDA:0,(anonymous_2)
FNDA:0,(anonymous_3)
FNDA:0,(anonymous_4)
FNDA:0,(anonymous_5)
FNDA:0,(anonymous_6)
FNDA:0,(anonymous_7)
FNDA:0,(anonymous_8)
FNDA:0,(anonymous_9)
FNDA:0,(anonymous_10)
FNDA:0,(anonymous_11)
FNDA:0,(anonymous_12)
FNDA:0,(anonymous_13)
FNDA:0,(anonymous_14)
DA:1,0
DA:2,0
DA:3,0
DA:4,0
DA:5,0
DA:6,0
DA:7,0
DA:8,0
DA:9,0
DA:10,0
DA:12,0
DA:33,0
DA:34,0
DA:35,0
DA:36,0
DA:37,0
DA:38,0
DA:58,0
DA:88,0
DA:89,0
DA:90,0
DA:93,0
DA:94,0
DA:96,0
DA:107,0
DA:109,0
DA:110,0
DA:113,0
DA:137,0
DA:139,0
DA:174,0
DA:176,0
DA:225,0
DA:252,0
DA:253,0
DA:261,0
DA:272,0
DA:319,0
LF:38
LH:0
BRDA:94,0,0,0
BRDA:94,0,1,0
BRDA:94,1,0,0
BRDA:94,1,1,0
BRDA:157,2,0,0
BRDA:157,2,1,0
BRDA:194,3,0,0
BRDA:194,3,1,0
BRDA:213,4,0,0
BRDA:213,4,1,0
BRDA:228,5,0,0
BRDA:228,5,1,0
BRDA:235,6,0,0
BRDA:235,6,1,0
BRDA:265,7,0,0
BRDA:265,7,1,0
BRDA:292,8,0,0
BRDA:292,8,1,0
BRF:18
BRH:0
end_of_record
TN:
SF:src\pages\Epica06\PendingPurchaseList.tsx
FN:14,PendingPurchaseList
FN:17,(anonymous_1)
FN:70,(anonymous_2)
FNF:3
FNH:0
FNDA:0,PendingPurchaseList
FNDA:0,(anonymous_1)
FNDA:0,(anonymous_2)
DA:1,0
DA:7,0
DA:8,0
DA:10,0
DA:11,0
DA:12,0
DA:14,0
DA:15,0
DA:18,0
DA:71,0
LF:10
LH:0
BRF:0
BRH:0
end_of_record
TN:
SF:src\pages\Epica06\PendingPurchasePay.tsx
FN:119,calcularTotalVendedor
FN:121,(anonymous_1)
FN:128,(anonymous_2)
FN:130,(anonymous_3)
FN:136,(anonymous_4)
FN:138,(anonymous_5)
FN:141,(anonymous_6)
FN:148,PendingPurchasePay
FN:153,(anonymous_8)
FN:154,(anonymous_9)
FN:155,(anonymous_10)
FN:209,(anonymous_11)
FN:299,(anonymous_12)
FN:335,(anonymous_13)
FNF:14
FNH:0
FNDA:0,calcularTotalVendedor
FNDA:0,(anonymous_1)
FNDA:0,(anonymous_2)
FNDA:0,(anonymous_3)
FNDA:0,(anonymous_4)
FNDA:0,(anonymous_5)
FNDA:0,(anonymous_6)
FNDA:0,PendingPurchasePay
FNDA:0,(anonymous_8)
FNDA:0,(anonymous_9)
FNDA:0,(anonymous_10)
FNDA:0,(anonymous_11)
FNDA:0,(anonymous_12)
FNDA:0,(anonymous_13)
DA:1,0
DA:9,0
DA:15,0
DA:16,0
DA:17,0
DA:18,0
DA:19,0
DA:30,0
DA:31,0
DA:32,0
DA:35,0
DA:120,0
DA:122,0
DA:128,0
DA:129,0
DA:130,0
DA:136,0
DA:137,0
DA:139,0
DA:141,0
DA:148,0
DA:149,0
DA:151,0
DA:153,0
DA:154,0
DA:155,0
DA:159,0
DA:160,0
DA:181,0
DA:210,0
DA:300,0
DA:335,0
LF:32
LH:0
BRDA:225,0,0,0
BRDA:225,0,1,0
BRDA:234,1,0,0
BRDA:234,1,1,0
BRF:4
BRH:0
end_of_record
TN:
SF:src\pages\Epica06\PendingPurchased.data.tsx
FNF:0
FNH:0
DA:1,0
LF:1
LH:0
BRF:0
BRH:0
end_of_record
TN:
SF:src\pages\Epica06\PendingPurchasesPage.tsx
FN:12,PendingPurchasesPage
FNF:1
FNH:0
FNDA:0,PendingPurchasesPage
DA:1,0
DA:8,0
DA:9,0
DA:10,0
DA:12,0
DA:13,0
LF:6
LH:0
BRF:0
BRH:0
end_of_record
TN:
SF:src\pages\Epica06\ProductDetailsPage.tsx
FN:48,ProductDetailsPage
FN:60,(anonymous_1)
FN:63,(anonymous_2)
FN:71,(anonymous_3)
FN:72,(anonymous_4)
FN:96,(anonymous_5)
FN:98,(anonymous_6)
FN:101,(anonymous_7)
FN:101,(anonymous_8)
FN:111,(anonymous_9)
FN:119,(anonymous_10)
FN:121,(anonymous_11)
FN:193,(anonymous_12)
FN:270,(anonymous_13)
FN:295,(anonymous_14)
FN:343,(anonymous_15)
FN:392,(anonymous_16)
FNF:17
FNH:0
FNDA:0,ProductDetailsPage
FNDA:0,(anonymous_1)
FNDA:0,(anonymous_2)
FNDA:0,(anonymous_3)
FNDA:0,(anonymous_4)
FNDA:0,(anonymous_5)
FNDA:0,(anonymous_6)
FNDA:0,(anonymous_7)
FNDA:0,(anonymous_8)
FNDA:0,(anonymous_9)
FNDA:0,(anonymous_10)
FNDA:0,(anonymous_11)
FNDA:0,(anonymous_12)
FNDA:0,(anonymous_13)
FNDA:0,(anonymous_14)
FNDA:0,(anonymous_15)
FNDA:0,(anonymous_16)
DA:1,0
DA:2,0
DA:10,0
DA:11,0
DA:12,0
DA:19,0
DA:20,0
DA:21,0
DA:31,0
DA:32,0
DA:33,0
DA:34,0
DA:35,0
DA:36,0
DA:37,0
DA:38,0
DA:39,0
DA:40,0
DA:41,0
DA:48,0
DA:49,0
DA:50,0
DA:51,0
DA:52,0
DA:53,0
DA:54,0
DA:56,0
DA:57,0
DA:60,0
DA:61,0
DA:62,0
DA:63,0
DA:66,0
DA:67,0
DA:71,0
DA:72,0
DA:73,0
DA:74,0
DA:75,0
DA:76,0
DA:78,0
DA:79,0
DA:81,0
DA:82,0
DA:84,0
DA:86,0
DA:90,0
DA:91,0
DA:92,0
DA:96,0
DA:97,0
DA:98,0
DA:101,0
DA:103,0
DA:104,0
DA:111,0
DA:112,0
DA:113,0
DA:117,0
DA:119,0
DA:120,0
DA:122,0
DA:134,0
DA:135,0
DA:142,0
DA:194,0
DA:270,0
DA:296,0
DA:344,0
DA:393,0
DA:421,0
DA:441,0
LF:72
LH:0
BRDA:90,0,0,0
BRDA:90,0,1,0
BRDA:97,1,0,0
BRDA:97,1,1,0
BRDA:103,2,0,0
BRDA:103,2,1,0
BRDA:112,3,0,0
BRDA:112,3,1,0
BRDA:125,4,0,0
BRDA:125,4,1,0
BRDA:134,5,0,0
BRDA:134,5,1,0
BRDA:198,6,0,0
BRDA:198,6,1,0
BRDA:269,7,0,0
BRDA:269,7,1,0
BRDA:272,8,0,0
BRDA:272,8,1,0
BRDA:301,9,0,0
BRDA:301,9,1,0
BRF:20
BRH:0
end_of_record
TN:
SF:src\pages\Epica06\PurchaseHistoryPage.tsx
FN:12,PurchaseHistoryPage
FNF:1
FNH:0
FNDA:0,PurchaseHistoryPage
DA:1,0
DA:8,0
DA:9,0
DA:10,0
DA:12,0
DA:13,0
LF:6
LH:0
BRF:0
BRH:0
end_of_record
TN:
SF:src\pages\Epica06\PurchaseManagementPage.tsx
FN:5,PurchaseManagementPage
FNF:1
FNH:0
FNDA:0,PurchaseManagementPage
DA:1,0
DA:2,0
DA:3,0
DA:5,0
DA:6,0
DA:7,0
DA:9,0
LF:7
LH:0
BRDA:14,0,0,0
BRDA:14,0,1,0
BRF:2
BRH:0
end_of_record
TN:
SF:src\pages\Epica06\TableHistory.tsx
FN:41,TableHistory
FN:57,(anonymous_1)
FNF:2
FNH:0
FNDA:0,TableHistory
FNDA:0,(anonymous_1)
DA:1,0
DA:11,0
DA:12,0
DA:14,0
DA:41,0
DA:42,0
DA:58,0
LF:7
LH:0
BRF:0
BRH:0
end_of_record
TN:
SF:src\pages\Epica08\ContactPage.tsx
FN:25,(anonymous_0)
FN:39,(anonymous_1)
FN:92,(anonymous_2)
FNF:3
FNH:0
FNDA:0,(anonymous_0)
FNDA:0,(anonymous_1)
FNDA:0,(anonymous_2)
DA:1,0
DA:2,0
DA:3,0
DA:4,0
DA:5,0
DA:6,0
DA:7,0
DA:8,0
DA:9,0
DA:10,0
DA:13,0
DA:25,0
DA:27,0
DA:39,0
DA:40,0
DA:43,0
DA:92,0
LF:17
LH:0
BRF:0
BRH:0
end_of_record
TN:
SF:src\utils\helpers.ts
FN:5,getFileURL
FN:20,deleteFileFromFirebase
FNF:2
FNH:0
FNDA:0,getFileURL
FNDA:0,deleteFileFromFirebase
DA:1,0
DA:2,0
DA:3,0
DA:5,0
DA:6,0
DA:8,0
DA:9,0
DA:10,0
DA:11,0
DA:12,0
DA:13,0
DA:15,0
DA:16,0
DA:20,0
DA:21,0
DA:22,0
DA:23,0
DA:24,0
DA:26,0
LF:19
LH:0
BRDA:6,0,0,0
BRDA:6,0,1,0
BRF:2
BRH:0
end_of_record
TN:
SF:src\utils\strings.ts
FN:1,(anonymous_0)
FN:8,(anonymous_1)
FN:9,(anonymous_2)
FNF:3
FNH:0
FNDA:0,(anonymous_0)
FNDA:0,(anonymous_1)
FNDA:0,(anonymous_2)
DA:1,0
DA:2,0
DA:3,0
DA:5,0
DA:8,0
DA:9,0
LF:6
LH:0
BRDA:2,0,0,0
BRDA:2,0,1,0
BRF:2
BRH:0
end_of_record
